{"/Users/jeremysylee/hrla/NexDoor/.eslintrc.js": {"path":"/Users/jeremysylee/hrla/NexDoor/.eslintrc.js","statementMap":{"0":{"start":{"line":1,"column":0},"end":{"line":29,"column":2}}},"fnMap":{},"branchMap":{},"s":{"0":0},"f":{},"b":{}}
,"/Users/jeremysylee/hrla/NexDoor/config.js": {"path":"/Users/jeremysylee/hrla/NexDoor/config.js","statementMap":{"0":{"start":{"line":1,"column":0},"end":{"line":3,"column":2}}},"fnMap":{},"branchMap":{},"s":{"0":0},"f":{},"b":{}}
,"/Users/jeremysylee/hrla/NexDoor/jest.config.js": {"path":"/Users/jeremysylee/hrla/NexDoor/jest.config.js","statementMap":{"0":{"start":{"line":6,"column":0},"end":{"line":194,"column":2}}},"fnMap":{},"branchMap":{},"s":{"0":0},"f":{},"b":{}}
,"/Users/jeremysylee/hrla/NexDoor/newrelic.js": {"path":"/Users/jeremysylee/hrla/NexDoor/newrelic.js","statementMap":{"0":{"start":{"line":8,"column":0},"end":{"line":69,"column":1}}},"fnMap":{},"branchMap":{},"s":{"0":0},"f":{},"b":{}}
,"/Users/jeremysylee/hrla/NexDoor/webpack.config.js": {"path":"/Users/jeremysylee/hrla/NexDoor/webpack.config.js","statementMap":{"0":{"start":{"line":3,"column":16},"end":{"line":3,"column":34}},"1":{"start":{"line":4,"column":13},"end":{"line":4,"column":28}},"2":{"start":{"line":5,"column":0},"end":{"line":5,"column":27}},"3":{"start":{"line":7,"column":16},"end":{"line":7,"column":51}},"4":{"start":{"line":8,"column":15},"end":{"line":8,"column":51}},"5":{"start":{"line":10,"column":15},"end":{"line":52,"column":1}},"6":{"start":{"line":54,"column":0},"end":{"line":54,"column":24}}},"fnMap":{},"branchMap":{"0":{"loc":{"start":{"line":50,"column":10},"end":{"line":50,"column":41}},"type":"binary-expr","locations":[{"start":{"line":50,"column":10},"end":{"line":50,"column":33}},{"start":{"line":50,"column":37},"end":{"line":50,"column":41}}],"line":50}},"s":{"0":0,"1":0,"2":0,"3":0,"4":0,"5":0,"6":0},"f":{},"b":{"0":[0,0]}}
,"/Users/jeremysylee/hrla/NexDoor/api/app.js": {"path":"/Users/jeremysylee/hrla/NexDoor/api/app.js","statementMap":{"0":{"start":{"line":3,"column":16},"end":{"line":3,"column":34}},"1":{"start":{"line":4,"column":15},"end":{"line":4,"column":32}},"2":{"start":{"line":5,"column":13},"end":{"line":5,"column":28}},"3":{"start":{"line":6,"column":13},"end":{"line":6,"column":28}},"4":{"start":{"line":7,"column":0},"end":{"line":7,"column":27}},"5":{"start":{"line":8,"column":16},"end":{"line":8,"column":42}},"6":{"start":{"line":10,"column":14},"end":{"line":10,"column":30}},"7":{"start":{"line":11,"column":21},"end":{"line":11,"column":45}},"8":{"start":{"line":12,"column":44},"end":{"line":12,"column":76}},"9":{"start":{"line":13,"column":15},"end":{"line":13,"column":34}},"10":{"start":{"line":15,"column":12},"end":{"line":15,"column":21}},"11":{"start":{"line":17,"column":0},"end":{"line":17,"column":24}},"12":{"start":{"line":18,"column":0},"end":{"line":18,"column":48}},"13":{"start":{"line":19,"column":0},"end":{"line":19,"column":23}},"14":{"start":{"line":20,"column":0},"end":{"line":20,"column":92}},"15":{"start":{"line":22,"column":0},"end":{"line":22,"column":26}},"16":{"start":{"line":24,"column":19},"end":{"line":24,"column":40}},"17":{"start":{"line":26,"column":20},"end":{"line":29,"column":2}},"18":{"start":{"line":31,"column":0},"end":{"line":41,"column":4}},"19":{"start":{"line":43,"column":0},"end":{"line":43,"column":24}},"20":{"start":{"line":44,"column":0},"end":{"line":44,"column":68}},"21":{"start":{"line":47,"column":0},"end":{"line":47,"column":28}},"22":{"start":{"line":48,"column":0},"end":{"line":48,"column":21}},"23":{"start":{"line":62,"column":0},"end":{"line":62,"column":41}},"24":{"start":{"line":63,"column":0},"end":{"line":63,"column":25}}},"fnMap":{},"branchMap":{},"s":{"0":5,"1":5,"2":5,"3":5,"4":5,"5":5,"6":5,"7":5,"8":5,"9":5,"10":5,"11":5,"12":5,"13":5,"14":5,"15":5,"16":5,"17":5,"18":5,"19":5,"20":5,"21":5,"22":5,"23":5,"24":5},"f":{},"b":{},"_coverageSchema":"1a1c01bbd47fc00a2c39e90264f33305004495a9","hash":"c6f5e9a9b367b9d3b0fbbcbc37d62a7e0bd39df5"}
,"/Users/jeremysylee/hrla/NexDoor/api/index.js": {"path":"/Users/jeremysylee/hrla/NexDoor/api/index.js","statementMap":{"0":{"start":{"line":1,"column":16},"end":{"line":1,"column":32}},"1":{"start":{"line":3,"column":13},"end":{"line":3,"column":17}},"2":{"start":{"line":5,"column":0},"end":{"line":7,"column":3}},"3":{"start":{"line":6,"column":2},"end":{"line":6,"column":51}}},"fnMap":{"0":{"name":"(anonymous_0)","decl":{"start":{"line":5,"column":17},"end":{"line":5,"column":18}},"loc":{"start":{"line":5,"column":23},"end":{"line":7,"column":1}},"line":5}},"branchMap":{},"s":{"0":0,"1":0,"2":0,"3":0},"f":{"0":0},"b":{}}
,"/Users/jeremysylee/hrla/NexDoor/api/router.js": {"path":"/Users/jeremysylee/hrla/NexDoor/api/router.js","statementMap":{"0":{"start":{"line":2,"column":15},"end":{"line":2,"column":42}},"1":{"start":{"line":3,"column":14},"end":{"line":3,"column":47}},"2":{"start":{"line":4,"column":14},"end":{"line":4,"column":47}},"3":{"start":{"line":5,"column":17},"end":{"line":5,"column":53}},"4":{"start":{"line":6,"column":22},"end":{"line":6,"column":63}},"5":{"start":{"line":8,"column":0},"end":{"line":12,"column":42}},"6":{"start":{"line":14,"column":0},"end":{"line":14,"column":24}}},"fnMap":{},"branchMap":{},"s":{"0":5,"1":5,"2":5,"3":5,"4":5,"5":5,"6":5},"f":{},"b":{},"_coverageSchema":"1a1c01bbd47fc00a2c39e90264f33305004495a9","hash":"cd40f1eb1ccd808dc63b95c85e3a5a8496e67a5c"}
,"/Users/jeremysylee/hrla/NexDoor/api/db/index.js": {"path":"/Users/jeremysylee/hrla/NexDoor/api/db/index.js","statementMap":{"0":{"start":{"line":1,"column":17},"end":{"line":1,"column":30}},"1":{"start":{"line":2,"column":0},"end":{"line":2,"column":27}},"2":{"start":{"line":13,"column":13},"end":{"line":20,"column":2}},"3":{"start":{"line":32,"column":0},"end":{"line":32,"column":22}}},"fnMap":{},"branchMap":{},"s":{"0":11,"1":11,"2":11,"3":11},"f":{},"b":{},"_coverageSchema":"1a1c01bbd47fc00a2c39e90264f33305004495a9","hash":"8bafce7d9e7563ffafafc998cba946b53ccb9696"}
,"/Users/jeremysylee/hrla/NexDoor/api/db/redis.js": {"path":"/Users/jeremysylee/hrla/NexDoor/api/db/redis.js","statementMap":{"0":{"start":{"line":1,"column":14},"end":{"line":1,"column":30}},"1":{"start":{"line":2,"column":21},"end":{"line":2,"column":45}},"2":{"start":{"line":4,"column":19},"end":{"line":4,"column":40}},"3":{"start":{"line":6,"column":20},"end":{"line":9,"column":2}},"4":{"start":{"line":11,"column":0},"end":{"line":11,"column":29}}},"fnMap":{},"branchMap":{},"s":{"0":0,"1":0,"2":0,"3":0,"4":0},"f":{},"b":{}}
,"/Users/jeremysylee/hrla/NexDoor/api/errors/apiError.js": {"path":"/Users/jeremysylee/hrla/NexDoor/api/errors/apiError.js","statementMap":{"0":{"start":{"line":1,"column":24},"end":{"line":1,"column":52}},"1":{"start":{"line":2,"column":18},"end":{"line":2,"column":40}},"2":{"start":{"line":11,"column":4},"end":{"line":11,"column":63}},"3":{"start":{"line":15,"column":0},"end":{"line":15,"column":26}}},"fnMap":{"0":{"name":"(anonymous_0)","decl":{"start":{"line":5,"column":2},"end":{"line":5,"column":3}},"loc":{"start":{"line":10,"column":4},"end":{"line":12,"column":3}},"line":10}},"branchMap":{"0":{"loc":{"start":{"line":7,"column":4},"end":{"line":7,"column":42}},"type":"default-arg","locations":[{"start":{"line":7,"column":17},"end":{"line":7,"column":42}}],"line":7},"1":{"loc":{"start":{"line":8,"column":4},"end":{"line":8,"column":24}},"type":"default-arg","locations":[{"start":{"line":8,"column":20},"end":{"line":8,"column":24}}],"line":8}},"s":{"0":11,"1":11,"2":37,"3":11},"f":{"0":37},"b":{"0":[8],"1":[37]},"_coverageSchema":"1a1c01bbd47fc00a2c39e90264f33305004495a9","hash":"50adbc41243f575dfb81f5286561498a9ac6f8a2"}
,"/Users/jeremysylee/hrla/NexDoor/api/errors/baseError.js": {"path":"/Users/jeremysylee/hrla/NexDoor/api/errors/baseError.js","statementMap":{"0":{"start":{"line":3,"column":4},"end":{"line":3,"column":23}},"1":{"start":{"line":4,"column":4},"end":{"line":4,"column":54}},"2":{"start":{"line":5,"column":4},"end":{"line":5,"column":21}},"3":{"start":{"line":6,"column":4},"end":{"line":6,"column":33}},"4":{"start":{"line":7,"column":4},"end":{"line":7,"column":39}},"5":{"start":{"line":8,"column":4},"end":{"line":8,"column":34}},"6":{"start":{"line":12,"column":0},"end":{"line":12,"column":27}}},"fnMap":{"0":{"name":"(anonymous_0)","decl":{"start":{"line":2,"column":2},"end":{"line":2,"column":3}},"loc":{"start":{"line":2,"column":60},"end":{"line":9,"column":3}},"line":2}},"branchMap":{},"s":{"0":37,"1":37,"2":37,"3":37,"4":37,"5":37,"6":11},"f":{"0":37},"b":{},"_coverageSchema":"1a1c01bbd47fc00a2c39e90264f33305004495a9","hash":"edbed8d22ef0f84311a75e6d6da5274153b1df1d"}
,"/Users/jeremysylee/hrla/NexDoor/api/errors/errorHandler.js": {"path":"/Users/jeremysylee/hrla/NexDoor/api/errors/errorHandler.js","statementMap":{"0":{"start":{"line":1,"column":18},"end":{"line":1,"column":40}},"1":{"start":{"line":3,"column":17},"end":{"line":7,"column":1}},"2":{"start":{"line":4,"column":2},"end":{"line":6,"column":3}},"3":{"start":{"line":5,"column":4},"end":{"line":5,"column":23}},"4":{"start":{"line":9,"column":27},"end":{"line":12,"column":1}},"5":{"start":{"line":10,"column":2},"end":{"line":10,"column":16}},"6":{"start":{"line":11,"column":2},"end":{"line":11,"column":12}},"7":{"start":{"line":14,"column":20},"end":{"line":16,"column":1}},"8":{"start":{"line":15,"column":2},"end":{"line":15,"column":54}},"9":{"start":{"line":18,"column":27},"end":{"line":23,"column":1}},"10":{"start":{"line":19,"column":2},"end":{"line":21,"column":3}},"11":{"start":{"line":20,"column":4},"end":{"line":20,"column":36}},"12":{"start":{"line":22,"column":2},"end":{"line":22,"column":15}},"13":{"start":{"line":25,"column":0},"end":{"line":30,"column":2}}},"fnMap":{"0":{"name":"(anonymous_0)","decl":{"start":{"line":3,"column":17},"end":{"line":3,"column":18}},"loc":{"start":{"line":3,"column":26},"end":{"line":7,"column":1}},"line":3},"1":{"name":"(anonymous_1)","decl":{"start":{"line":9,"column":27},"end":{"line":9,"column":28}},"loc":{"start":{"line":9,"column":52},"end":{"line":12,"column":1}},"line":9},"2":{"name":"(anonymous_2)","decl":{"start":{"line":14,"column":20},"end":{"line":14,"column":21}},"loc":{"start":{"line":14,"column":39},"end":{"line":16,"column":1}},"line":14},"3":{"name":"(anonymous_3)","decl":{"start":{"line":18,"column":27},"end":{"line":18,"column":28}},"loc":{"start":{"line":18,"column":38},"end":{"line":23,"column":1}},"line":18}},"branchMap":{"0":{"loc":{"start":{"line":4,"column":2},"end":{"line":6,"column":3}},"type":"if","locations":[{"start":{"line":4,"column":2},"end":{"line":6,"column":3}},{"start":{"line":4,"column":2},"end":{"line":6,"column":3}}],"line":4},"1":{"loc":{"start":{"line":15,"column":13},"end":{"line":15,"column":34}},"type":"binary-expr","locations":[{"start":{"line":15,"column":13},"end":{"line":15,"column":27}},{"start":{"line":15,"column":31},"end":{"line":15,"column":34}}],"line":15},"2":{"loc":{"start":{"line":19,"column":2},"end":{"line":21,"column":3}},"type":"if","locations":[{"start":{"line":19,"column":2},"end":{"line":21,"column":3}},{"start":{"line":19,"column":2},"end":{"line":21,"column":3}}],"line":19}},"s":{"0":5,"1":5,"2":8,"3":0,"4":5,"5":8,"6":8,"7":5,"8":1,"9":5,"10":0,"11":0,"12":0,"13":5},"f":{"0":8,"1":8,"2":1,"3":0},"b":{"0":[0,8],"1":[1,1],"2":[0,0]},"_coverageSchema":"1a1c01bbd47fc00a2c39e90264f33305004495a9","hash":"34b0ebca73804e88c0543a007cf358db89ed2e5c"}
,"/Users/jeremysylee/hrla/NexDoor/api/errors/httpStatusCodes.js": {"path":"/Users/jeremysylee/hrla/NexDoor/api/errors/httpStatusCodes.js","statementMap":{"0":{"start":{"line":1,"column":24},"end":{"line":6,"column":1}},"1":{"start":{"line":8,"column":0},"end":{"line":8,"column":33}}},"fnMap":{},"branchMap":{},"s":{"0":11,"1":11},"f":{},"b":{},"_coverageSchema":"1a1c01bbd47fc00a2c39e90264f33305004495a9","hash":"92fd890430941e39355f29d044663650a8194ed5"}
,"/Users/jeremysylee/hrla/NexDoor/api/modules/setup.js": {"path":"/Users/jeremysylee/hrla/NexDoor/api/modules/setup.js","statementMap":{"0":{"start":{"line":1,"column":17},"end":{"line":1,"column":30}},"1":{"start":{"line":2,"column":0},"end":{"line":2,"column":27}},"2":{"start":{"line":4,"column":13},"end":{"line":10,"column":2}},"3":{"start":{"line":18,"column":0},"end":{"line":18,"column":22}}},"fnMap":{},"branchMap":{},"s":{"0":0,"1":0,"2":0,"3":0},"f":{},"b":{}}
,"/Users/jeremysylee/hrla/NexDoor/api/modules/announcements/controller.js": {"path":"/Users/jeremysylee/hrla/NexDoor/api/modules/announcements/controller.js","statementMap":{"0":{"start":{"line":2,"column":29},"end":{"line":2,"column":49}},"1":{"start":{"line":10,"column":33},"end":{"line":69,"column":1}},"2":{"start":{"line":26,"column":19},"end":{"line":28,"column":5}},"3":{"start":{"line":29,"column":17},"end":{"line":33,"column":5}},"4":{"start":{"line":34,"column":4},"end":{"line":39,"column":5}},"5":{"start":{"line":35,"column":25},"end":{"line":35,"column":81}},"6":{"start":{"line":36,"column":6},"end":{"line":36,"column":39}},"7":{"start":{"line":38,"column":6},"end":{"line":38,"column":16}},"8":{"start":{"line":61,"column":25},"end":{"line":61,"column":35}},"9":{"start":{"line":62,"column":4},"end":{"line":67,"column":5}},"10":{"start":{"line":63,"column":28},"end":{"line":63,"column":81}},"11":{"start":{"line":64,"column":6},"end":{"line":64,"column":42}},"12":{"start":{"line":66,"column":6},"end":{"line":66,"column":16}},"13":{"start":{"line":71,"column":0},"end":{"line":71,"column":42}}},"fnMap":{"0":{"name":"(anonymous_0)","decl":{"start":{"line":25,"column":19},"end":{"line":25,"column":20}},"loc":{"start":{"line":25,"column":45},"end":{"line":40,"column":3}},"line":25},"1":{"name":"(anonymous_1)","decl":{"start":{"line":60,"column":20},"end":{"line":60,"column":21}},"loc":{"start":{"line":60,"column":46},"end":{"line":68,"column":3}},"line":60}},"branchMap":{"0":{"loc":{"start":{"line":27,"column":14},"end":{"line":27,"column":39}},"type":"binary-expr","locations":[{"start":{"line":27,"column":14},"end":{"line":27,"column":31}},{"start":{"line":27,"column":35},"end":{"line":27,"column":39}}],"line":27}},"s":{"0":6,"1":6,"2":4,"3":4,"4":4,"5":4,"6":3,"7":1,"8":4,"9":4,"10":4,"11":3,"12":1,"13":6},"f":{"0":4,"1":4},"b":{"0":[4,1]},"_coverageSchema":"1a1c01bbd47fc00a2c39e90264f33305004495a9","hash":"ddd4acfd2aacd7daf472bc0f9c7402da056fcea2"}
,"/Users/jeremysylee/hrla/NexDoor/api/modules/announcements/routes.js": {"path":"/Users/jeremysylee/hrla/NexDoor/api/modules/announcements/routes.js","statementMap":{"0":{"start":{"line":1,"column":16},"end":{"line":1,"column":34}},"1":{"start":{"line":3,"column":32},"end":{"line":3,"column":55}},"2":{"start":{"line":5,"column":22},"end":{"line":5,"column":38}},"3":{"start":{"line":7,"column":0},"end":{"line":9,"column":61}},"4":{"start":{"line":11,"column":0},"end":{"line":11,"column":31}}},"fnMap":{},"branchMap":{},"s":{"0":5,"1":5,"2":5,"3":5,"4":5},"f":{},"b":{},"_coverageSchema":"1a1c01bbd47fc00a2c39e90264f33305004495a9","hash":"50a97d5d7ae180452f7845ac31865ffe46c88307"}
,"/Users/jeremysylee/hrla/NexDoor/api/modules/announcements/service.js": {"path":"/Users/jeremysylee/hrla/NexDoor/api/modules/announcements/service.js","statementMap":{"0":{"start":{"line":2,"column":11},"end":{"line":2,"column":36}},"1":{"start":{"line":3,"column":17},"end":{"line":3,"column":49}},"2":{"start":{"line":4,"column":24},"end":{"line":4,"column":63}},"3":{"start":{"line":6,"column":26},"end":{"line":44,"column":1}},"4":{"start":{"line":8,"column":4},"end":{"line":10,"column":5}},"5":{"start":{"line":9,"column":6},"end":{"line":9,"column":116}},"6":{"start":{"line":11,"column":21},"end":{"line":25,"column":5}},"7":{"start":{"line":26,"column":23},"end":{"line":26,"column":47}},"8":{"start":{"line":27,"column":26},"end":{"line":27,"column":44}},"9":{"start":{"line":28,"column":4},"end":{"line":28,"column":25}},"10":{"start":{"line":32,"column":21},"end":{"line":37,"column":6}},"11":{"start":{"line":38,"column":17},"end":{"line":38,"column":41}},"12":{"start":{"line":39,"column":4},"end":{"line":39,"column":107}},"13":{"start":{"line":39,"column":33},"end":{"line":39,"column":105}},"14":{"start":{"line":41,"column":29},"end":{"line":41,"column":38}},"15":{"start":{"line":42,"column":4},"end":{"line":42,"column":28}},"16":{"start":{"line":46,"column":0},"end":{"line":46,"column":35}}},"fnMap":{"0":{"name":"(anonymous_0)","decl":{"start":{"line":7,"column":19},"end":{"line":7,"column":20}},"loc":{"start":{"line":7,"column":75},"end":{"line":29,"column":3}},"line":7},"1":{"name":"(anonymous_1)","decl":{"start":{"line":31,"column":20},"end":{"line":31,"column":21}},"loc":{"start":{"line":31,"column":40},"end":{"line":43,"column":3}},"line":31}},"branchMap":{"0":{"loc":{"start":{"line":8,"column":4},"end":{"line":10,"column":5}},"type":"if","locations":[{"start":{"line":8,"column":4},"end":{"line":10,"column":5}},{"start":{"line":8,"column":4},"end":{"line":10,"column":5}}],"line":8},"1":{"loc":{"start":{"line":8,"column":8},"end":{"line":8,"column":43}},"type":"binary-expr","locations":[{"start":{"line":8,"column":8},"end":{"line":8,"column":25}},{"start":{"line":8,"column":29},"end":{"line":8,"column":34}},{"start":{"line":8,"column":38},"end":{"line":8,"column":43}}],"line":8},"2":{"loc":{"start":{"line":39,"column":4},"end":{"line":39,"column":107}},"type":"if","locations":[{"start":{"line":39,"column":4},"end":{"line":39,"column":107}},{"start":{"line":39,"column":4},"end":{"line":39,"column":107}}],"line":39}},"s":{"0":6,"1":6,"2":6,"3":6,"4":4,"5":1,"6":3,"7":3,"8":3,"9":3,"10":5,"11":5,"12":5,"13":1,"14":4,"15":4,"16":6},"f":{"0":4,"1":5},"b":{"0":[1,3],"1":[4,3,3],"2":[1,4]},"_coverageSchema":"1a1c01bbd47fc00a2c39e90264f33305004495a9","hash":"1b27d2a3b4fffa096e4868619d07c72d12e3aa42"}
,"/Users/jeremysylee/hrla/NexDoor/api/modules/locations/coordinates.js": {"path":"/Users/jeremysylee/hrla/NexDoor/api/modules/locations/coordinates.js","statementMap":{"0":{"start":{"line":1,"column":14},"end":{"line":1,"column":30}},"1":{"start":{"line":3,"column":23},"end":{"line":9,"column":1}},"2":{"start":{"line":4,"column":19},"end":{"line":5,"column":50}},"3":{"start":{"line":6,"column":22},"end":{"line":6,"column":55}},"4":{"start":{"line":7,"column":25},"end":{"line":7,"column":71}},"5":{"start":{"line":8,"column":2},"end":{"line":8,"column":24}},"6":{"start":{"line":11,"column":0},"end":{"line":11,"column":32}}},"fnMap":{"0":{"name":"(anonymous_0)","decl":{"start":{"line":3,"column":23},"end":{"line":3,"column":24}},"loc":{"start":{"line":3,"column":47},"end":{"line":9,"column":1}},"line":3}},"branchMap":{},"s":{"0":2,"1":2,"2":2,"3":2,"4":2,"5":2,"6":2},"f":{"0":2},"b":{},"_coverageSchema":"1a1c01bbd47fc00a2c39e90264f33305004495a9","hash":"e75d19a0a36e0960a47e3b61d4f6e68ef4837d0b"}
,"/Users/jeremysylee/hrla/NexDoor/api/modules/locations/service.js": {"path":"/Users/jeremysylee/hrla/NexDoor/api/modules/locations/service.js","statementMap":{"0":{"start":{"line":1,"column":11},"end":{"line":1,"column":30}},"1":{"start":{"line":2,"column":17},"end":{"line":2,"column":49}},"2":{"start":{"line":3,"column":24},"end":{"line":3,"column":63}},"3":{"start":{"line":5,"column":24},"end":{"line":58,"column":1}},"4":{"start":{"line":14,"column":4},"end":{"line":16,"column":5}},"5":{"start":{"line":15,"column":6},"end":{"line":15,"column":90}},"6":{"start":{"line":17,"column":21},"end":{"line":35,"column":5}},"7":{"start":{"line":36,"column":17},"end":{"line":36,"column":41}},"8":{"start":{"line":37,"column":25},"end":{"line":37,"column":63}},"9":{"start":{"line":38,"column":4},"end":{"line":38,"column":24}},"10":{"start":{"line":45,"column":8},"end":{"line":45,"column":12}},"11":{"start":{"line":47,"column":21},"end":{"line":52,"column":5}},"12":{"start":{"line":53,"column":17},"end":{"line":53,"column":41}},"13":{"start":{"line":54,"column":4},"end":{"line":54,"column":40}},"14":{"start":{"line":54,"column":25},"end":{"line":54,"column":38}},"15":{"start":{"line":55,"column":25},"end":{"line":55,"column":63}},"16":{"start":{"line":56,"column":4},"end":{"line":56,"column":24}},"17":{"start":{"line":60,"column":0},"end":{"line":60,"column":33}}},"fnMap":{"0":{"name":"(anonymous_0)","decl":{"start":{"line":6,"column":14},"end":{"line":6,"column":15}},"loc":{"start":{"line":13,"column":8},"end":{"line":39,"column":3}},"line":13},"1":{"name":"(anonymous_1)","decl":{"start":{"line":41,"column":14},"end":{"line":41,"column":15}},"loc":{"start":{"line":41,"column":30},"end":{"line":57,"column":3}},"line":41}},"branchMap":{"0":{"loc":{"start":{"line":14,"column":4},"end":{"line":16,"column":5}},"type":"if","locations":[{"start":{"line":14,"column":4},"end":{"line":16,"column":5}},{"start":{"line":14,"column":4},"end":{"line":16,"column":5}}],"line":14},"1":{"loc":{"start":{"line":14,"column":8},"end":{"line":14,"column":69}},"type":"binary-expr","locations":[{"start":{"line":14,"column":8},"end":{"line":14,"column":22}},{"start":{"line":14,"column":26},"end":{"line":14,"column":31}},{"start":{"line":14,"column":35},"end":{"line":14,"column":41}},{"start":{"line":14,"column":45},"end":{"line":14,"column":53}},{"start":{"line":14,"column":57},"end":{"line":14,"column":69}}],"line":14},"2":{"loc":{"start":{"line":54,"column":4},"end":{"line":54,"column":40}},"type":"if","locations":[{"start":{"line":54,"column":4},"end":{"line":54,"column":40}},{"start":{"line":54,"column":4},"end":{"line":54,"column":40}}],"line":54}},"s":{"0":9,"1":9,"2":9,"3":9,"4":4,"5":1,"6":3,"7":3,"8":2,"9":2,"10":6,"11":6,"12":6,"13":6,"14":2,"15":4,"16":4,"17":9},"f":{"0":4,"1":6},"b":{"0":[1,3],"1":[4,3,3,3,3],"2":[2,4]},"_coverageSchema":"1a1c01bbd47fc00a2c39e90264f33305004495a9","hash":"572f27957cdf2fbc13ec3d6385c3b58d559b2930"}
,"/Users/jeremysylee/hrla/NexDoor/api/modules/messages/controller.js": {"path":"/Users/jeremysylee/hrla/NexDoor/api/modules/messages/controller.js","statementMap":{"0":{"start":{"line":2,"column":24},"end":{"line":2,"column":44}},"1":{"start":{"line":10,"column":28},"end":{"line":79,"column":1}},"2":{"start":{"line":26,"column":19},"end":{"line":29,"column":5}},"3":{"start":{"line":30,"column":20},"end":{"line":34,"column":5}},"4":{"start":{"line":36,"column":4},"end":{"line":41,"column":5}},"5":{"start":{"line":37,"column":22},"end":{"line":37,"column":71}},"6":{"start":{"line":38,"column":6},"end":{"line":38,"column":36}},"7":{"start":{"line":40,"column":6},"end":{"line":40,"column":16}},"8":{"start":{"line":71,"column":23},"end":{"line":71,"column":33}},"9":{"start":{"line":72,"column":4},"end":{"line":77,"column":5}},"10":{"start":{"line":73,"column":23},"end":{"line":73,"column":70}},"11":{"start":{"line":74,"column":6},"end":{"line":74,"column":37}},"12":{"start":{"line":76,"column":6},"end":{"line":76,"column":16}},"13":{"start":{"line":81,"column":0},"end":{"line":81,"column":37}}},"fnMap":{"0":{"name":"(anonymous_0)","decl":{"start":{"line":25,"column":14},"end":{"line":25,"column":15}},"loc":{"start":{"line":25,"column":40},"end":{"line":42,"column":3}},"line":25},"1":{"name":"(anonymous_1)","decl":{"start":{"line":70,"column":21},"end":{"line":70,"column":22}},"loc":{"start":{"line":70,"column":47},"end":{"line":78,"column":3}},"line":70}},"branchMap":{},"s":{"0":6,"1":6,"2":4,"3":4,"4":4,"5":4,"6":3,"7":1,"8":4,"9":4,"10":4,"11":3,"12":1,"13":6},"f":{"0":4,"1":4},"b":{},"_coverageSchema":"1a1c01bbd47fc00a2c39e90264f33305004495a9","hash":"1cd75fb98abcb6e3399739ca462fb6ee65462a89"}
,"/Users/jeremysylee/hrla/NexDoor/api/modules/messages/routes.js": {"path":"/Users/jeremysylee/hrla/NexDoor/api/modules/messages/routes.js","statementMap":{"0":{"start":{"line":1,"column":16},"end":{"line":1,"column":34}},"1":{"start":{"line":3,"column":17},"end":{"line":3,"column":33}},"2":{"start":{"line":5,"column":27},"end":{"line":5,"column":50}},"3":{"start":{"line":7,"column":0},"end":{"line":9,"column":59}},"4":{"start":{"line":11,"column":0},"end":{"line":11,"column":26}}},"fnMap":{},"branchMap":{},"s":{"0":5,"1":5,"2":5,"3":5,"4":5},"f":{},"b":{},"_coverageSchema":"1a1c01bbd47fc00a2c39e90264f33305004495a9","hash":"f7d1a85a2a4e8a809fe263f8d079f0c5e6ed07dd"}
,"/Users/jeremysylee/hrla/NexDoor/api/modules/messages/service.js": {"path":"/Users/jeremysylee/hrla/NexDoor/api/modules/messages/service.js","statementMap":{"0":{"start":{"line":3,"column":11},"end":{"line":3,"column":36}},"1":{"start":{"line":4,"column":17},"end":{"line":4,"column":49}},"2":{"start":{"line":5,"column":24},"end":{"line":5,"column":63}},"3":{"start":{"line":7,"column":24},"end":{"line":68,"column":1}},"4":{"start":{"line":12,"column":4},"end":{"line":12,"column":111}},"5":{"start":{"line":12,"column":30},"end":{"line":12,"column":109}},"6":{"start":{"line":13,"column":4},"end":{"line":13,"column":136}},"7":{"start":{"line":13,"column":42},"end":{"line":13,"column":134}},"8":{"start":{"line":14,"column":21},"end":{"line":34,"column":6}},"9":{"start":{"line":35,"column":22},"end":{"line":35,"column":46}},"10":{"start":{"line":36,"column":4},"end":{"line":36,"column":110}},"11":{"start":{"line":36,"column":22},"end":{"line":36,"column":108}},"12":{"start":{"line":37,"column":25},"end":{"line":37,"column":42}},"13":{"start":{"line":38,"column":4},"end":{"line":38,"column":24}},"14":{"start":{"line":42,"column":4},"end":{"line":42,"column":91}},"15":{"start":{"line":42,"column":19},"end":{"line":42,"column":89}},"16":{"start":{"line":43,"column":21},"end":{"line":62,"column":5}},"17":{"start":{"line":63,"column":21},"end":{"line":63,"column":45}},"18":{"start":{"line":64,"column":4},"end":{"line":64,"column":106}},"19":{"start":{"line":64,"column":37},"end":{"line":64,"column":104}},"20":{"start":{"line":65,"column":24},"end":{"line":65,"column":37}},"21":{"start":{"line":66,"column":4},"end":{"line":66,"column":23}},"22":{"start":{"line":70,"column":0},"end":{"line":70,"column":33}}},"fnMap":{"0":{"name":"(anonymous_0)","decl":{"start":{"line":8,"column":14},"end":{"line":8,"column":15}},"loc":{"start":{"line":11,"column":7},"end":{"line":39,"column":3}},"line":11},"1":{"name":"(anonymous_1)","decl":{"start":{"line":41,"column":21},"end":{"line":41,"column":22}},"loc":{"start":{"line":41,"column":39},"end":{"line":67,"column":3}},"line":41}},"branchMap":{"0":{"loc":{"start":{"line":10,"column":31},"end":{"line":10,"column":44}},"type":"default-arg","locations":[{"start":{"line":10,"column":40},"end":{"line":10,"column":44}}],"line":10},"1":{"loc":{"start":{"line":12,"column":4},"end":{"line":12,"column":111}},"type":"if","locations":[{"start":{"line":12,"column":4},"end":{"line":12,"column":111}},{"start":{"line":12,"column":4},"end":{"line":12,"column":111}}],"line":12},"2":{"loc":{"start":{"line":12,"column":8},"end":{"line":12,"column":26}},"type":"binary-expr","locations":[{"start":{"line":12,"column":8},"end":{"line":12,"column":15}},{"start":{"line":12,"column":19},"end":{"line":12,"column":26}}],"line":12},"3":{"loc":{"start":{"line":13,"column":4},"end":{"line":13,"column":136}},"type":"if","locations":[{"start":{"line":13,"column":4},"end":{"line":13,"column":136}},{"start":{"line":13,"column":4},"end":{"line":13,"column":136}}],"line":13},"4":{"loc":{"start":{"line":13,"column":8},"end":{"line":13,"column":38}},"type":"binary-expr","locations":[{"start":{"line":13,"column":8},"end":{"line":13,"column":20}},{"start":{"line":13,"column":24},"end":{"line":13,"column":29}},{"start":{"line":13,"column":33},"end":{"line":13,"column":38}}],"line":13},"5":{"loc":{"start":{"line":36,"column":4},"end":{"line":36,"column":110}},"type":"if","locations":[{"start":{"line":36,"column":4},"end":{"line":36,"column":110}},{"start":{"line":36,"column":4},"end":{"line":36,"column":110}}],"line":36},"6":{"loc":{"start":{"line":42,"column":4},"end":{"line":42,"column":91}},"type":"if","locations":[{"start":{"line":42,"column":4},"end":{"line":42,"column":91}},{"start":{"line":42,"column":4},"end":{"line":42,"column":91}}],"line":42},"7":{"loc":{"start":{"line":64,"column":4},"end":{"line":64,"column":106}},"type":"if","locations":[{"start":{"line":64,"column":4},"end":{"line":64,"column":106}},{"start":{"line":64,"column":4},"end":{"line":64,"column":106}}],"line":64}},"s":{"0":6,"1":6,"2":6,"3":6,"4":5,"5":0,"6":5,"7":2,"8":3,"9":3,"10":3,"11":0,"12":3,"13":3,"14":6,"15":1,"16":5,"17":5,"18":5,"19":2,"20":3,"21":3,"22":6},"f":{"0":5,"1":6},"b":{"0":[4],"1":[0,5],"2":[5,5],"3":[2,3],"4":[5,3,3],"5":[0,3],"6":[1,5],"7":[2,3]},"_coverageSchema":"1a1c01bbd47fc00a2c39e90264f33305004495a9","hash":"2b872d4b94202e621f874fc9e56e8d7b01e9f855"}
,"/Users/jeremysylee/hrla/NexDoor/api/modules/tasks/controller.js": {"path":"/Users/jeremysylee/hrla/NexDoor/api/modules/tasks/controller.js","statementMap":{"0":{"start":{"line":4,"column":21},"end":{"line":4,"column":41}},"1":{"start":{"line":5,"column":25},"end":{"line":5,"column":56}},"2":{"start":{"line":7,"column":24},"end":{"line":149,"column":1}},"3":{"start":{"line":9,"column":19},"end":{"line":14,"column":5}},"4":{"start":{"line":15,"column":4},"end":{"line":21,"column":5}},"5":{"start":{"line":16,"column":20},"end":{"line":16,"column":55}},"6":{"start":{"line":17,"column":6},"end":{"line":17,"column":34}},"7":{"start":{"line":19,"column":6},"end":{"line":19,"column":23}},"8":{"start":{"line":20,"column":6},"end":{"line":20,"column":16}},"9":{"start":{"line":25,"column":17},"end":{"line":41,"column":5}},"10":{"start":{"line":42,"column":4},"end":{"line":55,"column":5}},"11":{"start":{"line":43,"column":25},"end":{"line":43,"column":63}},"12":{"start":{"line":44,"column":6},"end":{"line":49,"column":7}},"13":{"start":{"line":45,"column":8},"end":{"line":45,"column":63}},"14":{"start":{"line":46,"column":8},"end":{"line":48,"column":9}},"15":{"start":{"line":47,"column":10},"end":{"line":47,"column":65}},"16":{"start":{"line":50,"column":21},"end":{"line":50,"column":77}},"17":{"start":{"line":51,"column":6},"end":{"line":51,"column":35}},"18":{"start":{"line":53,"column":6},"end":{"line":53,"column":23}},"19":{"start":{"line":54,"column":6},"end":{"line":54,"column":16}},"20":{"start":{"line":59,"column":17},"end":{"line":75,"column":5}},"21":{"start":{"line":76,"column":4},"end":{"line":89,"column":5}},"22":{"start":{"line":77,"column":25},"end":{"line":77,"column":63}},"23":{"start":{"line":78,"column":6},"end":{"line":83,"column":7}},"24":{"start":{"line":79,"column":8},"end":{"line":79,"column":63}},"25":{"start":{"line":80,"column":8},"end":{"line":82,"column":9}},"26":{"start":{"line":81,"column":10},"end":{"line":81,"column":65}},"27":{"start":{"line":84,"column":24},"end":{"line":84,"column":83}},"28":{"start":{"line":85,"column":6},"end":{"line":85,"column":73}},"29":{"start":{"line":87,"column":6},"end":{"line":87,"column":23}},"30":{"start":{"line":88,"column":6},"end":{"line":88,"column":16}},"31":{"start":{"line":93,"column":19},"end":{"line":93,"column":48}},"32":{"start":{"line":94,"column":4},"end":{"line":99,"column":5}},"33":{"start":{"line":95,"column":24},"end":{"line":95,"column":61}},"34":{"start":{"line":96,"column":6},"end":{"line":96,"column":73}},"35":{"start":{"line":98,"column":6},"end":{"line":98,"column":16}},"36":{"start":{"line":103,"column":19},"end":{"line":106,"column":5}},"37":{"start":{"line":107,"column":4},"end":{"line":112,"column":5}},"38":{"start":{"line":108,"column":24},"end":{"line":108,"column":67}},"39":{"start":{"line":109,"column":6},"end":{"line":109,"column":91}},"40":{"start":{"line":111,"column":6},"end":{"line":111,"column":16}},"41":{"start":{"line":116,"column":19},"end":{"line":119,"column":5}},"42":{"start":{"line":120,"column":4},"end":{"line":125,"column":5}},"43":{"start":{"line":121,"column":24},"end":{"line":121,"column":67}},"44":{"start":{"line":122,"column":6},"end":{"line":122,"column":72}},"45":{"start":{"line":124,"column":6},"end":{"line":124,"column":16}},"46":{"start":{"line":129,"column":19},"end":{"line":129,"column":48}},"47":{"start":{"line":130,"column":4},"end":{"line":135,"column":5}},"48":{"start":{"line":131,"column":22},"end":{"line":131,"column":65}},"49":{"start":{"line":132,"column":6},"end":{"line":132,"column":36}},"50":{"start":{"line":134,"column":6},"end":{"line":134,"column":16}},"51":{"start":{"line":151,"column":0},"end":{"line":151,"column":33}}},"fnMap":{"0":{"name":"(anonymous_0)","decl":{"start":{"line":8,"column":12},"end":{"line":8,"column":13}},"loc":{"start":{"line":8,"column":38},"end":{"line":22,"column":3}},"line":8},"1":{"name":"(anonymous_1)","decl":{"start":{"line":24,"column":11},"end":{"line":24,"column":12}},"loc":{"start":{"line":24,"column":37},"end":{"line":56,"column":3}},"line":24},"2":{"name":"(anonymous_2)","decl":{"start":{"line":58,"column":14},"end":{"line":58,"column":15}},"loc":{"start":{"line":58,"column":40},"end":{"line":90,"column":3}},"line":58},"3":{"name":"(anonymous_3)","decl":{"start":{"line":92,"column":14},"end":{"line":92,"column":15}},"loc":{"start":{"line":92,"column":40},"end":{"line":100,"column":3}},"line":92},"4":{"name":"(anonymous_4)","decl":{"start":{"line":102,"column":20},"end":{"line":102,"column":21}},"loc":{"start":{"line":102,"column":46},"end":{"line":113,"column":3}},"line":102},"5":{"name":"(anonymous_5)","decl":{"start":{"line":115,"column":20},"end":{"line":115,"column":21}},"loc":{"start":{"line":115,"column":46},"end":{"line":126,"column":3}},"line":115},"6":{"name":"(anonymous_6)","decl":{"start":{"line":128,"column":20},"end":{"line":128,"column":21}},"loc":{"start":{"line":128,"column":46},"end":{"line":136,"column":3}},"line":128}},"branchMap":{"0":{"loc":{"start":{"line":43,"column":38},"end":{"line":43,"column":61}},"type":"binary-expr","locations":[{"start":{"line":43,"column":38},"end":{"line":43,"column":52}},{"start":{"line":43,"column":56},"end":{"line":43,"column":61}}],"line":43},"1":{"loc":{"start":{"line":44,"column":6},"end":{"line":49,"column":7}},"type":"if","locations":[{"start":{"line":44,"column":6},"end":{"line":49,"column":7}},{"start":{"line":44,"column":6},"end":{"line":49,"column":7}}],"line":44},"2":{"loc":{"start":{"line":46,"column":8},"end":{"line":48,"column":9}},"type":"if","locations":[{"start":{"line":46,"column":8},"end":{"line":48,"column":9}},{"start":{"line":46,"column":8},"end":{"line":48,"column":9}}],"line":46},"3":{"loc":{"start":{"line":77,"column":38},"end":{"line":77,"column":61}},"type":"binary-expr","locations":[{"start":{"line":77,"column":38},"end":{"line":77,"column":52}},{"start":{"line":77,"column":56},"end":{"line":77,"column":61}}],"line":77},"4":{"loc":{"start":{"line":78,"column":6},"end":{"line":83,"column":7}},"type":"if","locations":[{"start":{"line":78,"column":6},"end":{"line":83,"column":7}},{"start":{"line":78,"column":6},"end":{"line":83,"column":7}}],"line":78},"5":{"loc":{"start":{"line":80,"column":8},"end":{"line":82,"column":9}},"type":"if","locations":[{"start":{"line":80,"column":8},"end":{"line":82,"column":9}},{"start":{"line":80,"column":8},"end":{"line":82,"column":9}}],"line":80}},"s":{"0":6,"1":6,"2":6,"3":4,"4":4,"5":4,"6":4,"7":0,"8":0,"9":7,"10":7,"11":7,"12":7,"13":4,"14":4,"15":2,"16":7,"17":6,"18":1,"19":1,"20":4,"21":4,"22":4,"23":4,"24":2,"25":2,"26":1,"27":4,"28":4,"29":0,"30":0,"31":3,"32":3,"33":3,"34":3,"35":0,"36":3,"37":3,"38":3,"39":3,"40":0,"41":3,"42":3,"43":3,"44":3,"45":0,"46":2,"47":2,"48":2,"49":2,"50":0,"51":6},"f":{"0":4,"1":7,"2":4,"3":3,"4":3,"5":3,"6":2},"b":{"0":[7,4],"1":[4,3],"2":[2,2],"3":[4,2],"4":[2,2],"5":[1,1]},"_coverageSchema":"1a1c01bbd47fc00a2c39e90264f33305004495a9","hash":"5151fe509bfe8f2e9ba9a5683b5a1a7f4c6c1f4e"}
,"/Users/jeremysylee/hrla/NexDoor/api/modules/tasks/routes.js": {"path":"/Users/jeremysylee/hrla/NexDoor/api/modules/tasks/routes.js","statementMap":{"0":{"start":{"line":1,"column":16},"end":{"line":1,"column":34}},"1":{"start":{"line":3,"column":14},"end":{"line":3,"column":30}},"2":{"start":{"line":5,"column":24},"end":{"line":5,"column":47}},"3":{"start":{"line":7,"column":0},"end":{"line":16,"column":63}},"4":{"start":{"line":18,"column":0},"end":{"line":18,"column":23}}},"fnMap":{},"branchMap":{},"s":{"0":5,"1":5,"2":5,"3":5,"4":5},"f":{},"b":{},"_coverageSchema":"1a1c01bbd47fc00a2c39e90264f33305004495a9","hash":"0f7013e3aada5f0a5a11e68d3cf8a356969c9495"}
,"/Users/jeremysylee/hrla/NexDoor/api/modules/tasks/service.js": {"path":"/Users/jeremysylee/hrla/NexDoor/api/modules/tasks/service.js","statementMap":{"0":{"start":{"line":3,"column":11},"end":{"line":3,"column":30}},"1":{"start":{"line":4,"column":17},"end":{"line":4,"column":49}},"2":{"start":{"line":5,"column":24},"end":{"line":5,"column":63}},"3":{"start":{"line":7,"column":21},"end":{"line":474,"column":1}},"4":{"start":{"line":14,"column":4},"end":{"line":14,"column":142}},"5":{"start":{"line":14,"column":42},"end":{"line":14,"column":140}},"6":{"start":{"line":15,"column":21},"end":{"line":268,"column":8}},"7":{"start":{"line":269,"column":17},"end":{"line":269,"column":41}},"8":{"start":{"line":270,"column":21},"end":{"line":270,"column":33}},"9":{"start":{"line":271,"column":4},"end":{"line":271,"column":20}},"10":{"start":{"line":285,"column":4},"end":{"line":287,"column":5}},"11":{"start":{"line":286,"column":6},"end":{"line":286,"column":78}},"12":{"start":{"line":288,"column":4},"end":{"line":290,"column":5}},"13":{"start":{"line":289,"column":6},"end":{"line":289,"column":81}},"14":{"start":{"line":291,"column":21},"end":{"line":321,"column":3}},"15":{"start":{"line":322,"column":17},"end":{"line":322,"column":41}},"16":{"start":{"line":323,"column":19},"end":{"line":323,"column":31}},"17":{"start":{"line":324,"column":4},"end":{"line":324,"column":18}},"18":{"start":{"line":338,"column":4},"end":{"line":340,"column":5}},"19":{"start":{"line":339,"column":6},"end":{"line":339,"column":99}},"20":{"start":{"line":341,"column":4},"end":{"line":343,"column":5}},"21":{"start":{"line":342,"column":6},"end":{"line":342,"column":120}},"22":{"start":{"line":345,"column":21},"end":{"line":358,"column":4}},"23":{"start":{"line":360,"column":4},"end":{"line":360,"column":29}},"24":{"start":{"line":361,"column":4},"end":{"line":361,"column":31}},"25":{"start":{"line":365,"column":21},"end":{"line":368,"column":6}},"26":{"start":{"line":369,"column":4},"end":{"line":369,"column":29}},"27":{"start":{"line":370,"column":4},"end":{"line":370,"column":31}},"28":{"start":{"line":374,"column":21},"end":{"line":378,"column":6}},"29":{"start":{"line":379,"column":4},"end":{"line":379,"column":29}},"30":{"start":{"line":380,"column":4},"end":{"line":380,"column":31}},"31":{"start":{"line":387,"column":21},"end":{"line":393,"column":5}},"32":{"start":{"line":394,"column":4},"end":{"line":394,"column":29}},"33":{"start":{"line":395,"column":4},"end":{"line":395,"column":31}},"34":{"start":{"line":399,"column":21},"end":{"line":405,"column":6}},"35":{"start":{"line":406,"column":4},"end":{"line":406,"column":29}},"36":{"start":{"line":407,"column":22},"end":{"line":407,"column":41}},"37":{"start":{"line":408,"column":4},"end":{"line":408,"column":21}},"38":{"start":{"line":476,"column":0},"end":{"line":476,"column":30}}},"fnMap":{"0":{"name":"(anonymous_0)","decl":{"start":{"line":8,"column":12},"end":{"line":8,"column":13}},"loc":{"start":{"line":13,"column":8},"end":{"line":272,"column":3}},"line":13},"1":{"name":"(anonymous_1)","decl":{"start":{"line":274,"column":11},"end":{"line":274,"column":12}},"loc":{"start":{"line":284,"column":19},"end":{"line":325,"column":3}},"line":284},"2":{"name":"(anonymous_2)","decl":{"start":{"line":327,"column":14},"end":{"line":327,"column":15}},"loc":{"start":{"line":337,"column":19},"end":{"line":362,"column":3}},"line":337},"3":{"name":"(anonymous_3)","decl":{"start":{"line":364,"column":14},"end":{"line":364,"column":15}},"loc":{"start":{"line":364,"column":36},"end":{"line":371,"column":3}},"line":364},"4":{"name":"(anonymous_4)","decl":{"start":{"line":373,"column":20},"end":{"line":373,"column":21}},"loc":{"start":{"line":373,"column":50},"end":{"line":381,"column":3}},"line":373},"5":{"name":"(anonymous_5)","decl":{"start":{"line":383,"column":20},"end":{"line":383,"column":21}},"loc":{"start":{"line":386,"column":8},"end":{"line":396,"column":3}},"line":386},"6":{"name":"(anonymous_6)","decl":{"start":{"line":398,"column":20},"end":{"line":398,"column":21}},"loc":{"start":{"line":398,"column":42},"end":{"line":409,"column":3}},"line":398}},"branchMap":{"0":{"loc":{"start":{"line":14,"column":4},"end":{"line":14,"column":142}},"type":"if","locations":[{"start":{"line":14,"column":4},"end":{"line":14,"column":142}},{"start":{"line":14,"column":4},"end":{"line":14,"column":142}}],"line":14},"1":{"loc":{"start":{"line":14,"column":8},"end":{"line":14,"column":38}},"type":"binary-expr","locations":[{"start":{"line":14,"column":8},"end":{"line":14,"column":15}},{"start":{"line":14,"column":19},"end":{"line":14,"column":25}},{"start":{"line":14,"column":29},"end":{"line":14,"column":38}}],"line":14},"2":{"loc":{"start":{"line":285,"column":4},"end":{"line":287,"column":5}},"type":"if","locations":[{"start":{"line":285,"column":4},"end":{"line":287,"column":5}},{"start":{"line":285,"column":4},"end":{"line":287,"column":5}}],"line":285},"3":{"loc":{"start":{"line":285,"column":8},"end":{"line":285,"column":58}},"type":"binary-expr","locations":[{"start":{"line":285,"column":8},"end":{"line":285,"column":15}},{"start":{"line":285,"column":19},"end":{"line":285,"column":31}},{"start":{"line":285,"column":35},"end":{"line":285,"column":44}},{"start":{"line":285,"column":48},"end":{"line":285,"column":58}}],"line":285},"4":{"loc":{"start":{"line":288,"column":4},"end":{"line":290,"column":5}},"type":"if","locations":[{"start":{"line":288,"column":4},"end":{"line":290,"column":5}},{"start":{"line":288,"column":4},"end":{"line":290,"column":5}}],"line":288},"5":{"loc":{"start":{"line":338,"column":4},"end":{"line":340,"column":5}},"type":"if","locations":[{"start":{"line":338,"column":4},"end":{"line":340,"column":5}},{"start":{"line":338,"column":4},"end":{"line":340,"column":5}}],"line":338},"6":{"loc":{"start":{"line":338,"column":8},"end":{"line":338,"column":58}},"type":"binary-expr","locations":[{"start":{"line":338,"column":8},"end":{"line":338,"column":20}},{"start":{"line":338,"column":24},"end":{"line":338,"column":31}},{"start":{"line":338,"column":35},"end":{"line":338,"column":44}},{"start":{"line":338,"column":48},"end":{"line":338,"column":58}}],"line":338},"7":{"loc":{"start":{"line":341,"column":4},"end":{"line":343,"column":5}},"type":"if","locations":[{"start":{"line":341,"column":4},"end":{"line":343,"column":5}},{"start":{"line":341,"column":4},"end":{"line":343,"column":5}}],"line":341}},"s":{"0":6,"1":6,"2":6,"3":6,"4":5,"5":1,"6":4,"7":4,"8":4,"9":4,"10":6,"11":1,"12":5,"13":1,"14":4,"15":4,"16":4,"17":4,"18":6,"19":1,"20":5,"21":1,"22":4,"23":4,"24":4,"25":3,"26":3,"27":3,"28":3,"29":3,"30":3,"31":3,"32":3,"33":3,"34":3,"35":3,"36":3,"37":3,"38":6},"f":{"0":5,"1":6,"2":6,"3":3,"4":3,"5":3,"6":3},"b":{"0":[1,4],"1":[5,4,4],"2":[1,5],"3":[6,5,5,5],"4":[1,4],"5":[1,5],"6":[6,5,5,5],"7":[1,4]},"_coverageSchema":"1a1c01bbd47fc00a2c39e90264f33305004495a9","hash":"794d6b7506e25d1e7576c473a6114c654d551e6f"}
,"/Users/jeremysylee/hrla/NexDoor/api/modules/users/controller.js": {"path":"/Users/jeremysylee/hrla/NexDoor/api/modules/users/controller.js","statementMap":{"0":{"start":{"line":5,"column":21},"end":{"line":5,"column":41}},"1":{"start":{"line":6,"column":25},"end":{"line":6,"column":56}},"2":{"start":{"line":8,"column":23},"end":{"line":92,"column":1}},"3":{"start":{"line":10,"column":21},"end":{"line":21,"column":5}},"4":{"start":{"line":23,"column":4},"end":{"line":34,"column":5}},"5":{"start":{"line":24,"column":25},"end":{"line":24,"column":68}},"6":{"start":{"line":25,"column":6},"end":{"line":27,"column":7}},"7":{"start":{"line":26,"column":8},"end":{"line":26,"column":67}},"8":{"start":{"line":29,"column":19},"end":{"line":29,"column":79}},"9":{"start":{"line":30,"column":6},"end":{"line":30,"column":33}},"10":{"start":{"line":32,"column":6},"end":{"line":32,"column":23}},"11":{"start":{"line":33,"column":6},"end":{"line":33,"column":16}},"12":{"start":{"line":38,"column":19},"end":{"line":38,"column":48}},"13":{"start":{"line":39,"column":4},"end":{"line":44,"column":5}},"14":{"start":{"line":40,"column":19},"end":{"line":40,"column":53}},"15":{"start":{"line":41,"column":6},"end":{"line":41,"column":33}},"16":{"start":{"line":43,"column":6},"end":{"line":43,"column":16}},"17":{"start":{"line":48,"column":19},"end":{"line":52,"column":5}},"18":{"start":{"line":53,"column":4},"end":{"line":59,"column":5}},"19":{"start":{"line":54,"column":20},"end":{"line":54,"column":63}},"20":{"start":{"line":55,"column":6},"end":{"line":55,"column":34}},"21":{"start":{"line":57,"column":6},"end":{"line":57,"column":23}},"22":{"start":{"line":58,"column":6},"end":{"line":58,"column":16}},"23":{"start":{"line":63,"column":24},"end":{"line":66,"column":5}},"24":{"start":{"line":67,"column":4},"end":{"line":78,"column":5}},"25":{"start":{"line":68,"column":24},"end":{"line":68,"column":73}},"26":{"start":{"line":69,"column":19},"end":{"line":69,"column":56}},"27":{"start":{"line":71,"column":6},"end":{"line":71,"column":44}},"28":{"start":{"line":72,"column":6},"end":{"line":72,"column":25}},"29":{"start":{"line":74,"column":6},"end":{"line":74,"column":33}},"30":{"start":{"line":76,"column":6},"end":{"line":76,"column":28}},"31":{"start":{"line":77,"column":6},"end":{"line":77,"column":16}},"32":{"start":{"line":82,"column":4},"end":{"line":89,"column":5}},"33":{"start":{"line":83,"column":28},"end":{"line":83,"column":74}},"34":{"start":{"line":84,"column":21},"end":{"line":84,"column":74}},"35":{"start":{"line":85,"column":19},"end":{"line":85,"column":53}},"36":{"start":{"line":86,"column":6},"end":{"line":86,"column":33}},"37":{"start":{"line":88,"column":6},"end":{"line":88,"column":16}},"38":{"start":{"line":94,"column":0},"end":{"line":94,"column":32}}},"fnMap":{"0":{"name":"(anonymous_0)","decl":{"start":{"line":9,"column":11},"end":{"line":9,"column":12}},"loc":{"start":{"line":9,"column":37},"end":{"line":35,"column":3}},"line":9},"1":{"name":"(anonymous_1)","decl":{"start":{"line":37,"column":11},"end":{"line":37,"column":12}},"loc":{"start":{"line":37,"column":37},"end":{"line":45,"column":3}},"line":37},"2":{"name":"(anonymous_2)","decl":{"start":{"line":47,"column":20},"end":{"line":47,"column":21}},"loc":{"start":{"line":47,"column":46},"end":{"line":60,"column":3}},"line":47},"3":{"name":"(anonymous_3)","decl":{"start":{"line":62,"column":21},"end":{"line":62,"column":22}},"loc":{"start":{"line":62,"column":47},"end":{"line":79,"column":3}},"line":62},"4":{"name":"(anonymous_4)","decl":{"start":{"line":81,"column":23},"end":{"line":81,"column":24}},"loc":{"start":{"line":81,"column":49},"end":{"line":90,"column":3}},"line":81}},"branchMap":{"0":{"loc":{"start":{"line":25,"column":6},"end":{"line":27,"column":7}},"type":"if","locations":[{"start":{"line":25,"column":6},"end":{"line":27,"column":7}},{"start":{"line":25,"column":6},"end":{"line":27,"column":7}}],"line":25},"1":{"loc":{"start":{"line":83,"column":45},"end":{"line":83,"column":72}},"type":"binary-expr","locations":[{"start":{"line":83,"column":45},"end":{"line":83,"column":63}},{"start":{"line":83,"column":67},"end":{"line":83,"column":72}}],"line":83}},"s":{"0":6,"1":6,"2":6,"3":5,"4":5,"5":5,"6":5,"7":2,"8":4,"9":4,"10":1,"11":1,"12":4,"13":4,"14":4,"15":3,"16":1,"17":4,"18":4,"19":4,"20":3,"21":1,"22":1,"23":6,"24":6,"25":6,"26":4,"27":4,"28":4,"29":3,"30":3,"31":3,"32":3,"33":3,"34":3,"35":3,"36":1,"37":2,"38":6},"f":{"0":5,"1":4,"2":4,"3":6,"4":3},"b":{"0":[2,3],"1":[3,1]},"_coverageSchema":"1a1c01bbd47fc00a2c39e90264f33305004495a9","hash":"2bb1f15571c14f903a3ca2df264ceed71b5ee869"}
,"/Users/jeremysylee/hrla/NexDoor/api/modules/users/routes.js": {"path":"/Users/jeremysylee/hrla/NexDoor/api/modules/users/routes.js","statementMap":{"0":{"start":{"line":1,"column":16},"end":{"line":1,"column":34}},"1":{"start":{"line":3,"column":13},"end":{"line":3,"column":29}},"2":{"start":{"line":5,"column":24},"end":{"line":5,"column":47}},"3":{"start":{"line":6,"column":22},"end":{"line":6,"column":48}},"4":{"start":{"line":8,"column":0},"end":{"line":13,"column":64}},"5":{"start":{"line":14,"column":0},"end":{"line":14,"column":22}}},"fnMap":{},"branchMap":{},"s":{"0":5,"1":5,"2":5,"3":5,"4":5,"5":5},"f":{},"b":{},"_coverageSchema":"1a1c01bbd47fc00a2c39e90264f33305004495a9","hash":"012fa1c5084d0af74d5901a5fa9dd60f12510e0f"}
,"/Users/jeremysylee/hrla/NexDoor/api/modules/users/service.js": {"path":"/Users/jeremysylee/hrla/NexDoor/api/modules/users/service.js","statementMap":{"0":{"start":{"line":5,"column":15},"end":{"line":5,"column":32}},"1":{"start":{"line":8,"column":11},"end":{"line":8,"column":36}},"2":{"start":{"line":10,"column":17},"end":{"line":10,"column":49}},"3":{"start":{"line":11,"column":24},"end":{"line":11,"column":63}},"4":{"start":{"line":21,"column":21},"end":{"line":174,"column":1}},"5":{"start":{"line":28,"column":8},"end":{"line":28,"column":12}},"6":{"start":{"line":29,"column":21},"end":{"line":29,"column":50}},"7":{"start":{"line":31,"column":23},"end":{"line":31,"column":35}},"8":{"start":{"line":32,"column":21},"end":{"line":59,"column":5}},"9":{"start":{"line":60,"column":17},"end":{"line":60,"column":41}},"10":{"start":{"line":61,"column":4},"end":{"line":61,"column":100}},"11":{"start":{"line":61,"column":25},"end":{"line":61,"column":98}},"12":{"start":{"line":62,"column":22},"end":{"line":62,"column":34}},"13":{"start":{"line":63,"column":4},"end":{"line":63,"column":21}},"14":{"start":{"line":67,"column":21},"end":{"line":91,"column":5}},"15":{"start":{"line":92,"column":17},"end":{"line":92,"column":41}},"16":{"start":{"line":93,"column":4},"end":{"line":93,"column":92}},"17":{"start":{"line":93,"column":25},"end":{"line":93,"column":90}},"18":{"start":{"line":94,"column":20},"end":{"line":94,"column":32}},"19":{"start":{"line":95,"column":4},"end":{"line":95,"column":19}},"20":{"start":{"line":99,"column":23},"end":{"line":99,"column":29}},"21":{"start":{"line":100,"column":22},"end":{"line":100,"column":33}},"22":{"start":{"line":101,"column":25},"end":{"line":101,"column":37}},"23":{"start":{"line":103,"column":21},"end":{"line":143,"column":5}},"24":{"start":{"line":144,"column":17},"end":{"line":144,"column":41}},"25":{"start":{"line":145,"column":4},"end":{"line":145,"column":91}},"26":{"start":{"line":145,"column":25},"end":{"line":145,"column":89}},"27":{"start":{"line":146,"column":21},"end":{"line":146,"column":30}},"28":{"start":{"line":147,"column":4},"end":{"line":147,"column":20}},"29":{"start":{"line":151,"column":21},"end":{"line":155,"column":6}},"30":{"start":{"line":156,"column":17},"end":{"line":156,"column":41}},"31":{"start":{"line":157,"column":4},"end":{"line":159,"column":5}},"32":{"start":{"line":158,"column":6},"end":{"line":158,"column":93}},"33":{"start":{"line":160,"column":22},"end":{"line":160,"column":54}},"34":{"start":{"line":161,"column":4},"end":{"line":163,"column":5}},"35":{"start":{"line":162,"column":6},"end":{"line":162,"column":94}},"36":{"start":{"line":164,"column":4},"end":{"line":164,"column":21}},"37":{"start":{"line":168,"column":4},"end":{"line":170,"column":5}},"38":{"start":{"line":169,"column":6},"end":{"line":169,"column":72}},"39":{"start":{"line":171,"column":22},"end":{"line":171,"column":47}},"40":{"start":{"line":172,"column":4},"end":{"line":172,"column":21}},"41":{"start":{"line":176,"column":0},"end":{"line":176,"column":30}}},"fnMap":{"0":{"name":"(anonymous_0)","decl":{"start":{"line":22,"column":11},"end":{"line":22,"column":12}},"loc":{"start":{"line":22,"column":39},"end":{"line":64,"column":3}},"line":22},"1":{"name":"(anonymous_1)","decl":{"start":{"line":66,"column":11},"end":{"line":66,"column":12}},"loc":{"start":{"line":66,"column":33},"end":{"line":96,"column":3}},"line":66},"2":{"name":"(anonymous_2)","decl":{"start":{"line":98,"column":20},"end":{"line":98,"column":21}},"loc":{"start":{"line":98,"column":38},"end":{"line":148,"column":3}},"line":98},"3":{"name":"(anonymous_3)","decl":{"start":{"line":150,"column":21},"end":{"line":150,"column":22}},"loc":{"start":{"line":150,"column":52},"end":{"line":165,"column":3}},"line":150},"4":{"name":"(anonymous_4)","decl":{"start":{"line":167,"column":23},"end":{"line":167,"column":24}},"loc":{"start":{"line":167,"column":52},"end":{"line":173,"column":3}},"line":167}},"branchMap":{"0":{"loc":{"start":{"line":31,"column":23},"end":{"line":31,"column":35}},"type":"binary-expr","locations":[{"start":{"line":31,"column":23},"end":{"line":31,"column":27}},{"start":{"line":31,"column":31},"end":{"line":31,"column":35}}],"line":31},"1":{"loc":{"start":{"line":61,"column":4},"end":{"line":61,"column":100}},"type":"if","locations":[{"start":{"line":61,"column":4},"end":{"line":61,"column":100}},{"start":{"line":61,"column":4},"end":{"line":61,"column":100}}],"line":61},"2":{"loc":{"start":{"line":93,"column":4},"end":{"line":93,"column":92}},"type":"if","locations":[{"start":{"line":93,"column":4},"end":{"line":93,"column":92}},{"start":{"line":93,"column":4},"end":{"line":93,"column":92}}],"line":93},"3":{"loc":{"start":{"line":100,"column":22},"end":{"line":100,"column":33}},"type":"binary-expr","locations":[{"start":{"line":100,"column":22},"end":{"line":100,"column":28}},{"start":{"line":100,"column":32},"end":{"line":100,"column":33}}],"line":100},"4":{"loc":{"start":{"line":101,"column":25},"end":{"line":101,"column":37}},"type":"binary-expr","locations":[{"start":{"line":101,"column":25},"end":{"line":101,"column":31}},{"start":{"line":101,"column":35},"end":{"line":101,"column":37}}],"line":101},"5":{"loc":{"start":{"line":145,"column":4},"end":{"line":145,"column":91}},"type":"if","locations":[{"start":{"line":145,"column":4},"end":{"line":145,"column":91}},{"start":{"line":145,"column":4},"end":{"line":145,"column":91}}],"line":145},"6":{"loc":{"start":{"line":157,"column":4},"end":{"line":159,"column":5}},"type":"if","locations":[{"start":{"line":157,"column":4},"end":{"line":159,"column":5}},{"start":{"line":157,"column":4},"end":{"line":159,"column":5}}],"line":157},"7":{"loc":{"start":{"line":161,"column":4},"end":{"line":163,"column":5}},"type":"if","locations":[{"start":{"line":161,"column":4},"end":{"line":163,"column":5}},{"start":{"line":161,"column":4},"end":{"line":163,"column":5}}],"line":161},"8":{"loc":{"start":{"line":168,"column":4},"end":{"line":170,"column":5}},"type":"if","locations":[{"start":{"line":168,"column":4},"end":{"line":170,"column":5}},{"start":{"line":168,"column":4},"end":{"line":170,"column":5}}],"line":168}},"s":{"0":6,"1":6,"2":6,"3":6,"4":6,"5":4,"6":4,"7":4,"8":4,"9":4,"10":4,"11":1,"12":3,"13":3,"14":8,"15":8,"16":8,"17":2,"18":6,"19":6,"20":4,"21":4,"22":4,"23":4,"24":4,"25":4,"26":1,"27":3,"28":3,"29":6,"30":6,"31":6,"32":1,"33":5,"34":5,"35":2,"36":3,"37":3,"38":1,"39":2,"40":2,"41":6},"f":{"0":4,"1":8,"2":4,"3":6,"4":3},"b":{"0":[4,0],"1":[1,3],"2":[2,6],"3":[4,0],"4":[4,0],"5":[1,3],"6":[1,5],"7":[2,3],"8":[1,2]},"_coverageSchema":"1a1c01bbd47fc00a2c39e90264f33305004495a9","hash":"b5cb9b7c5367ecfdac2c1c4d708e2747cb5e4089"}
,"/Users/jeremysylee/hrla/NexDoor/api/modules/users/userValidator.js": {"path":"/Users/jeremysylee/hrla/NexDoor/api/modules/users/userValidator.js","statementMap":{"0":{"start":{"line":1,"column":36},"end":{"line":1,"column":64}},"1":{"start":{"line":3,"column":22},"end":{"line":65,"column":1}},"2":{"start":{"line":15,"column":21},"end":{"line":15,"column":42}},"3":{"start":{"line":16,"column":6},"end":{"line":21,"column":7}},"4":{"start":{"line":17,"column":8},"end":{"line":20,"column":11}},"5":{"start":{"line":23,"column":6},"end":{"line":23,"column":20}},"6":{"start":{"line":46,"column":8},"end":{"line":51,"column":9}},"7":{"start":{"line":47,"column":10},"end":{"line":47,"column":47}},"8":{"start":{"line":48,"column":10},"end":{"line":48,"column":51}},"9":{"start":{"line":50,"column":10},"end":{"line":50,"column":22}},"10":{"start":{"line":54,"column":21},"end":{"line":54,"column":42}},"11":{"start":{"line":55,"column":6},"end":{"line":61,"column":7}},"12":{"start":{"line":57,"column":8},"end":{"line":60,"column":11}},"13":{"start":{"line":62,"column":6},"end":{"line":62,"column":20}},"14":{"start":{"line":67,"column":0},"end":{"line":67,"column":31}}},"fnMap":{"0":{"name":"(anonymous_0)","decl":{"start":{"line":14,"column":4},"end":{"line":14,"column":5}},"loc":{"start":{"line":14,"column":24},"end":{"line":24,"column":5}},"line":14},"1":{"name":"(anonymous_1)","decl":{"start":{"line":45,"column":14},"end":{"line":45,"column":15}},"loc":{"start":{"line":45,"column":34},"end":{"line":52,"column":7}},"line":45},"2":{"name":"(anonymous_2)","decl":{"start":{"line":53,"column":4},"end":{"line":53,"column":5}},"loc":{"start":{"line":53,"column":24},"end":{"line":63,"column":5}},"line":53}},"branchMap":{"0":{"loc":{"start":{"line":16,"column":6},"end":{"line":21,"column":7}},"type":"if","locations":[{"start":{"line":16,"column":6},"end":{"line":21,"column":7}},{"start":{"line":16,"column":6},"end":{"line":21,"column":7}}],"line":16},"1":{"loc":{"start":{"line":46,"column":8},"end":{"line":51,"column":9}},"type":"if","locations":[{"start":{"line":46,"column":8},"end":{"line":51,"column":9}},{"start":{"line":46,"column":8},"end":{"line":51,"column":9}}],"line":46},"2":{"loc":{"start":{"line":55,"column":6},"end":{"line":61,"column":7}},"type":"if","locations":[{"start":{"line":55,"column":6},"end":{"line":61,"column":7}},{"start":{"line":55,"column":6},"end":{"line":61,"column":7}}],"line":55}},"s":{"0":5,"1":5,"2":6,"3":6,"4":3,"5":3,"6":5,"7":3,"8":3,"9":2,"10":5,"11":5,"12":3,"13":2,"14":5},"f":{"0":6,"1":5,"2":5},"b":{"0":[3,3],"1":[3,2],"2":[3,2]},"_coverageSchema":"1a1c01bbd47fc00a2c39e90264f33305004495a9","hash":"9f4d4e63719ce9dcb4dcf7b83ea76674e460d170"}
,"/Users/jeremysylee/hrla/NexDoor/client/dist/bundle.js": {"path":"/Users/jeremysylee/hrla/NexDoor/client/dist/bundle.js","statementMap":{"0":{"start":{"line":9,"column":9},"end":{"line":4487,"column":1}},"1":{"start":{"line":10,"column":37},"end":{"line":4381,"column":11}},"2":{"start":{"line":19,"column":0},"end":{"line":19,"column":137299}},"3":{"start":{"line":30,"column":0},"end":{"line":30,"column":527}},"4":{"start":{"line":41,"column":0},"end":{"line":41,"column":391}},"5":{"start":{"line":52,"column":0},"end":{"line":52,"column":660}},"6":{"start":{"line":63,"column":0},"end":{"line":63,"column":517}},"7":{"start":{"line":74,"column":0},"end":{"line":74,"column":485}},"8":{"start":{"line":85,"column":0},"end":{"line":85,"column":892}},"9":{"start":{"line":96,"column":0},"end":{"line":96,"column":585}},"10":{"start":{"line":107,"column":0},"end":{"line":107,"column":702}},"11":{"start":{"line":118,"column":0},"end":{"line":118,"column":750}},"12":{"start":{"line":129,"column":0},"end":{"line":129,"column":486}},"13":{"start":{"line":140,"column":0},"end":{"line":140,"column":958}},"14":{"start":{"line":151,"column":0},"end":{"line":151,"column":520}},"15":{"start":{"line":162,"column":0},"end":{"line":162,"column":521}},"16":{"start":{"line":173,"column":0},"end":{"line":173,"column":1593}},"17":{"start":{"line":184,"column":0},"end":{"line":184,"column":1173}},"18":{"start":{"line":195,"column":0},"end":{"line":195,"column":694}},"19":{"start":{"line":206,"column":0},"end":{"line":206,"column":510}},"20":{"start":{"line":217,"column":0},"end":{"line":217,"column":1475}},"21":{"start":{"line":228,"column":0},"end":{"line":228,"column":1478}},"22":{"start":{"line":239,"column":0},"end":{"line":239,"column":744}},"23":{"start":{"line":250,"column":0},"end":{"line":250,"column":1072}},"24":{"start":{"line":260,"column":0},"end":{"line":260,"column":339}},"25":{"start":{"line":270,"column":0},"end":{"line":270,"column":1701}},"26":{"start":{"line":280,"column":0},"end":{"line":280,"column":838}},"27":{"start":{"line":291,"column":0},"end":{"line":291,"column":4927}},"28":{"start":{"line":302,"column":0},"end":{"line":302,"column":553}},"29":{"start":{"line":313,"column":0},"end":{"line":313,"column":16960}},"30":{"start":{"line":324,"column":0},"end":{"line":324,"column":1317}},"31":{"start":{"line":335,"column":0},"end":{"line":335,"column":923352}},"32":{"start":{"line":346,"column":0},"end":{"line":346,"column":1287}},"33":{"start":{"line":357,"column":0},"end":{"line":357,"column":9805}},"34":{"start":{"line":368,"column":0},"end":{"line":368,"column":5527}},"35":{"start":{"line":379,"column":0},"end":{"line":379,"column":3694}},"36":{"start":{"line":390,"column":0},"end":{"line":390,"column":18883}},"37":{"start":{"line":401,"column":0},"end":{"line":401,"column":20538}},"38":{"start":{"line":412,"column":0},"end":{"line":412,"column":4498}},"39":{"start":{"line":423,"column":0},"end":{"line":423,"column":12861}},"40":{"start":{"line":434,"column":0},"end":{"line":434,"column":11321}},"41":{"start":{"line":445,"column":0},"end":{"line":445,"column":7675}},"42":{"start":{"line":456,"column":0},"end":{"line":456,"column":4322}},"43":{"start":{"line":467,"column":0},"end":{"line":467,"column":21066}},"44":{"start":{"line":478,"column":0},"end":{"line":478,"column":4144}},"45":{"start":{"line":489,"column":0},"end":{"line":489,"column":4218}},"46":{"start":{"line":500,"column":0},"end":{"line":500,"column":9874}},"47":{"start":{"line":511,"column":0},"end":{"line":511,"column":14335}},"48":{"start":{"line":522,"column":0},"end":{"line":522,"column":12590}},"49":{"start":{"line":533,"column":0},"end":{"line":533,"column":942}},"50":{"start":{"line":544,"column":0},"end":{"line":544,"column":715}},"51":{"start":{"line":555,"column":0},"end":{"line":555,"column":807}},"52":{"start":{"line":566,"column":0},"end":{"line":566,"column":8473}},"53":{"start":{"line":577,"column":0},"end":{"line":577,"column":3915}},"54":{"start":{"line":588,"column":0},"end":{"line":588,"column":7717}},"55":{"start":{"line":599,"column":0},"end":{"line":599,"column":7671}},"56":{"start":{"line":610,"column":0},"end":{"line":610,"column":17667}},"57":{"start":{"line":621,"column":0},"end":{"line":621,"column":11441}},"58":{"start":{"line":632,"column":0},"end":{"line":632,"column":9833}},"59":{"start":{"line":643,"column":0},"end":{"line":643,"column":12509}},"60":{"start":{"line":654,"column":0},"end":{"line":654,"column":27399}},"61":{"start":{"line":665,"column":0},"end":{"line":665,"column":1655}},"62":{"start":{"line":676,"column":0},"end":{"line":676,"column":9371}},"63":{"start":{"line":687,"column":0},"end":{"line":687,"column":8339}},"64":{"start":{"line":698,"column":0},"end":{"line":698,"column":5240}},"65":{"start":{"line":709,"column":0},"end":{"line":709,"column":711}},"66":{"start":{"line":720,"column":0},"end":{"line":720,"column":14986}},"67":{"start":{"line":731,"column":0},"end":{"line":731,"column":4165}},"68":{"start":{"line":742,"column":0},"end":{"line":742,"column":7555}},"69":{"start":{"line":753,"column":0},"end":{"line":753,"column":15542}},"70":{"start":{"line":764,"column":0},"end":{"line":764,"column":6483}},"71":{"start":{"line":775,"column":0},"end":{"line":775,"column":13449}},"72":{"start":{"line":786,"column":0},"end":{"line":786,"column":19790}},"73":{"start":{"line":797,"column":0},"end":{"line":797,"column":9914}},"74":{"start":{"line":808,"column":0},"end":{"line":808,"column":3019}},"75":{"start":{"line":819,"column":0},"end":{"line":819,"column":9703}},"76":{"start":{"line":830,"column":0},"end":{"line":830,"column":5233}},"77":{"start":{"line":841,"column":0},"end":{"line":841,"column":7775}},"78":{"start":{"line":852,"column":0},"end":{"line":852,"column":13442}},"79":{"start":{"line":863,"column":0},"end":{"line":863,"column":6002}},"80":{"start":{"line":874,"column":0},"end":{"line":874,"column":28059}},"81":{"start":{"line":885,"column":0},"end":{"line":885,"column":6026}},"82":{"start":{"line":896,"column":0},"end":{"line":896,"column":13947}},"83":{"start":{"line":907,"column":0},"end":{"line":907,"column":22673}},"84":{"start":{"line":918,"column":0},"end":{"line":918,"column":8703}},"85":{"start":{"line":929,"column":0},"end":{"line":929,"column":17768}},"86":{"start":{"line":940,"column":0},"end":{"line":940,"column":11200}},"87":{"start":{"line":951,"column":0},"end":{"line":951,"column":10933}},"88":{"start":{"line":962,"column":0},"end":{"line":962,"column":10124}},"89":{"start":{"line":973,"column":0},"end":{"line":973,"column":664}},"90":{"start":{"line":984,"column":0},"end":{"line":984,"column":437}},"91":{"start":{"line":995,"column":0},"end":{"line":995,"column":667}},"92":{"start":{"line":1006,"column":0},"end":{"line":1006,"column":664}},"93":{"start":{"line":1017,"column":0},"end":{"line":1017,"column":670}},"94":{"start":{"line":1028,"column":0},"end":{"line":1028,"column":670}},"95":{"start":{"line":1039,"column":0},"end":{"line":1039,"column":664}},"96":{"start":{"line":1050,"column":0},"end":{"line":1050,"column":661}},"97":{"start":{"line":1061,"column":0},"end":{"line":1061,"column":10075}},"98":{"start":{"line":1072,"column":0},"end":{"line":1072,"column":961}},"99":{"start":{"line":1083,"column":0},"end":{"line":1083,"column":1068}},"100":{"start":{"line":1094,"column":0},"end":{"line":1094,"column":1051}},"101":{"start":{"line":1105,"column":0},"end":{"line":1105,"column":1056}},"102":{"start":{"line":1116,"column":0},"end":{"line":1116,"column":1042}},"103":{"start":{"line":1127,"column":0},"end":{"line":1127,"column":10880}},"104":{"start":{"line":1138,"column":0},"end":{"line":1138,"column":3369}},"105":{"start":{"line":1149,"column":0},"end":{"line":1149,"column":2330}},"106":{"start":{"line":1160,"column":0},"end":{"line":1160,"column":12830}},"107":{"start":{"line":1171,"column":0},"end":{"line":1171,"column":2640}},"108":{"start":{"line":1182,"column":0},"end":{"line":1182,"column":6734}},"109":{"start":{"line":1193,"column":0},"end":{"line":1193,"column":5513}},"110":{"start":{"line":1204,"column":0},"end":{"line":1204,"column":649}},"111":{"start":{"line":1215,"column":0},"end":{"line":1215,"column":1371}},"112":{"start":{"line":1226,"column":0},"end":{"line":1226,"column":3001}},"113":{"start":{"line":1237,"column":0},"end":{"line":1237,"column":418}},"114":{"start":{"line":1248,"column":0},"end":{"line":1248,"column":1365}},"115":{"start":{"line":1259,"column":0},"end":{"line":1259,"column":4788}},"116":{"start":{"line":1270,"column":0},"end":{"line":1270,"column":1134}},"117":{"start":{"line":1281,"column":0},"end":{"line":1281,"column":1291}},"118":{"start":{"line":1292,"column":0},"end":{"line":1292,"column":633}},"119":{"start":{"line":1303,"column":0},"end":{"line":1303,"column":802}},"120":{"start":{"line":1314,"column":0},"end":{"line":1314,"column":771}},"121":{"start":{"line":1325,"column":0},"end":{"line":1325,"column":1317}},"122":{"start":{"line":1336,"column":0},"end":{"line":1336,"column":1691}},"123":{"start":{"line":1347,"column":0},"end":{"line":1347,"column":1047}},"124":{"start":{"line":1358,"column":0},"end":{"line":1358,"column":845}},"125":{"start":{"line":1369,"column":0},"end":{"line":1369,"column":947}},"126":{"start":{"line":1380,"column":0},"end":{"line":1380,"column":5231}},"127":{"start":{"line":1391,"column":0},"end":{"line":1391,"column":625}},"128":{"start":{"line":1402,"column":0},"end":{"line":1402,"column":399}},"129":{"start":{"line":1413,"column":0},"end":{"line":1413,"column":639}},"130":{"start":{"line":1424,"column":0},"end":{"line":1424,"column":912}},"131":{"start":{"line":1435,"column":0},"end":{"line":1435,"column":480}},"132":{"start":{"line":1446,"column":0},"end":{"line":1446,"column":1108}},"133":{"start":{"line":1457,"column":0},"end":{"line":1457,"column":657}},"134":{"start":{"line":1468,"column":0},"end":{"line":1468,"column":2697}},"135":{"start":{"line":1479,"column":0},"end":{"line":1479,"column":1031}},"136":{"start":{"line":1490,"column":0},"end":{"line":1490,"column":1235}},"137":{"start":{"line":1501,"column":0},"end":{"line":1501,"column":5489}},"138":{"start":{"line":1512,"column":0},"end":{"line":1512,"column":1189}},"139":{"start":{"line":1523,"column":0},"end":{"line":1523,"column":1042}},"140":{"start":{"line":1534,"column":0},"end":{"line":1534,"column":916}},"141":{"start":{"line":1545,"column":0},"end":{"line":1545,"column":928}},"142":{"start":{"line":1556,"column":0},"end":{"line":1556,"column":968}},"143":{"start":{"line":1567,"column":0},"end":{"line":1567,"column":1252}},"144":{"start":{"line":1578,"column":0},"end":{"line":1578,"column":1150}},"145":{"start":{"line":1589,"column":0},"end":{"line":1589,"column":440}},"146":{"start":{"line":1600,"column":0},"end":{"line":1600,"column":7052}},"147":{"start":{"line":1611,"column":0},"end":{"line":1611,"column":503}},"148":{"start":{"line":1622,"column":0},"end":{"line":1622,"column":3388}},"149":{"start":{"line":1633,"column":0},"end":{"line":1633,"column":3056}},"150":{"start":{"line":1644,"column":0},"end":{"line":1644,"column":510}},"151":{"start":{"line":1655,"column":0},"end":{"line":1655,"column":975}},"152":{"start":{"line":1666,"column":0},"end":{"line":1666,"column":2653}},"153":{"start":{"line":1677,"column":0},"end":{"line":1677,"column":1199}},"154":{"start":{"line":1688,"column":0},"end":{"line":1688,"column":10635}},"155":{"start":{"line":1699,"column":0},"end":{"line":1699,"column":977}},"156":{"start":{"line":1710,"column":0},"end":{"line":1710,"column":2531}},"157":{"start":{"line":1721,"column":0},"end":{"line":1721,"column":7723}},"158":{"start":{"line":1732,"column":0},"end":{"line":1732,"column":674}},"159":{"start":{"line":1743,"column":0},"end":{"line":1743,"column":931}},"160":{"start":{"line":1754,"column":0},"end":{"line":1754,"column":7367}},"161":{"start":{"line":1765,"column":0},"end":{"line":1765,"column":2466}},"162":{"start":{"line":1776,"column":0},"end":{"line":1776,"column":4425}},"163":{"start":{"line":1787,"column":0},"end":{"line":1787,"column":1975}},"164":{"start":{"line":1798,"column":0},"end":{"line":1798,"column":1981}},"165":{"start":{"line":1809,"column":0},"end":{"line":1809,"column":3089}},"166":{"start":{"line":1820,"column":0},"end":{"line":1820,"column":3054}},"167":{"start":{"line":1831,"column":0},"end":{"line":1831,"column":476}},"168":{"start":{"line":1842,"column":0},"end":{"line":1842,"column":785}},"169":{"start":{"line":1853,"column":0},"end":{"line":1853,"column":1166}},"170":{"start":{"line":1864,"column":0},"end":{"line":1864,"column":1708}},"171":{"start":{"line":1875,"column":0},"end":{"line":1875,"column":1043}},"172":{"start":{"line":1886,"column":0},"end":{"line":1886,"column":653}},"173":{"start":{"line":1897,"column":0},"end":{"line":1897,"column":2619}},"174":{"start":{"line":1908,"column":0},"end":{"line":1908,"column":5489}},"175":{"start":{"line":1919,"column":0},"end":{"line":1919,"column":2729}},"176":{"start":{"line":1930,"column":0},"end":{"line":1930,"column":3839}},"177":{"start":{"line":1941,"column":0},"end":{"line":1941,"column":2140}},"178":{"start":{"line":1952,"column":0},"end":{"line":1952,"column":795}},"179":{"start":{"line":1963,"column":0},"end":{"line":1963,"column":506}},"180":{"start":{"line":1974,"column":0},"end":{"line":1974,"column":1697}},"181":{"start":{"line":1985,"column":0},"end":{"line":1985,"column":2648}},"182":{"start":{"line":1996,"column":0},"end":{"line":1996,"column":2399}},"183":{"start":{"line":2007,"column":0},"end":{"line":2007,"column":1819}},"184":{"start":{"line":2018,"column":0},"end":{"line":2018,"column":2818}},"185":{"start":{"line":2029,"column":0},"end":{"line":2029,"column":876}},"186":{"start":{"line":2040,"column":0},"end":{"line":2040,"column":1201}},"187":{"start":{"line":2051,"column":0},"end":{"line":2051,"column":1096}},"188":{"start":{"line":2062,"column":0},"end":{"line":2062,"column":888}},"189":{"start":{"line":2073,"column":0},"end":{"line":2073,"column":1411}},"190":{"start":{"line":2084,"column":0},"end":{"line":2084,"column":1088}},"191":{"start":{"line":2095,"column":0},"end":{"line":2095,"column":727}},"192":{"start":{"line":2106,"column":0},"end":{"line":2106,"column":1029}},"193":{"start":{"line":2116,"column":0},"end":{"line":2116,"column":170}},"194":{"start":{"line":2127,"column":0},"end":{"line":2127,"column":6645}},"195":{"start":{"line":2138,"column":0},"end":{"line":2138,"column":2256}},"196":{"start":{"line":2149,"column":0},"end":{"line":2149,"column":478}},"197":{"start":{"line":2160,"column":0},"end":{"line":2160,"column":1439}},"198":{"start":{"line":2171,"column":0},"end":{"line":2171,"column":183}},"199":{"start":{"line":2182,"column":0},"end":{"line":2182,"column":3145}},"200":{"start":{"line":2193,"column":0},"end":{"line":2193,"column":1442}},"201":{"start":{"line":2204,"column":0},"end":{"line":2204,"column":934}},"202":{"start":{"line":2215,"column":0},"end":{"line":2215,"column":787}},"203":{"start":{"line":2226,"column":0},"end":{"line":2226,"column":2340}},"204":{"start":{"line":2237,"column":0},"end":{"line":2237,"column":1169}},"205":{"start":{"line":2248,"column":0},"end":{"line":2248,"column":3114}},"206":{"start":{"line":2259,"column":0},"end":{"line":2259,"column":869}},"207":{"start":{"line":2270,"column":0},"end":{"line":2270,"column":704}},"208":{"start":{"line":2281,"column":0},"end":{"line":2281,"column":2986}},"209":{"start":{"line":2292,"column":0},"end":{"line":2292,"column":340}},"210":{"start":{"line":2303,"column":0},"end":{"line":2303,"column":1846}},"211":{"start":{"line":2314,"column":0},"end":{"line":2314,"column":476}},"212":{"start":{"line":2325,"column":0},"end":{"line":2325,"column":1621}},"213":{"start":{"line":2336,"column":0},"end":{"line":2336,"column":669}},"214":{"start":{"line":2347,"column":0},"end":{"line":2347,"column":435}},"215":{"start":{"line":2358,"column":0},"end":{"line":2358,"column":2513}},"216":{"start":{"line":2369,"column":0},"end":{"line":2369,"column":512}},"217":{"start":{"line":2380,"column":0},"end":{"line":2380,"column":1583}},"218":{"start":{"line":2391,"column":0},"end":{"line":2391,"column":666}},"219":{"start":{"line":2402,"column":0},"end":{"line":2402,"column":9428}},"220":{"start":{"line":2413,"column":0},"end":{"line":2413,"column":9578}},"221":{"start":{"line":2424,"column":0},"end":{"line":2424,"column":4443}},"222":{"start":{"line":2435,"column":0},"end":{"line":2435,"column":2070}},"223":{"start":{"line":2446,"column":0},"end":{"line":2446,"column":2248}},"224":{"start":{"line":2457,"column":0},"end":{"line":2457,"column":2244}},"225":{"start":{"line":2468,"column":0},"end":{"line":2468,"column":4511}},"226":{"start":{"line":2479,"column":0},"end":{"line":2479,"column":9307}},"227":{"start":{"line":2490,"column":0},"end":{"line":2490,"column":3852}},"228":{"start":{"line":2501,"column":0},"end":{"line":2501,"column":9086}},"229":{"start":{"line":2512,"column":0},"end":{"line":2512,"column":11006}},"230":{"start":{"line":2523,"column":0},"end":{"line":2523,"column":4361}},"231":{"start":{"line":2534,"column":0},"end":{"line":2534,"column":7059}},"232":{"start":{"line":2545,"column":0},"end":{"line":2545,"column":4269}},"233":{"start":{"line":2556,"column":0},"end":{"line":2556,"column":8307}},"234":{"start":{"line":2567,"column":0},"end":{"line":2567,"column":4105}},"235":{"start":{"line":2578,"column":0},"end":{"line":2578,"column":3614}},"236":{"start":{"line":2589,"column":0},"end":{"line":2589,"column":2297}},"237":{"start":{"line":2600,"column":0},"end":{"line":2600,"column":2374}},"238":{"start":{"line":2611,"column":0},"end":{"line":2611,"column":2260}},"239":{"start":{"line":2622,"column":0},"end":{"line":2622,"column":5190}},"240":{"start":{"line":2633,"column":0},"end":{"line":2633,"column":21438}},"241":{"start":{"line":2644,"column":0},"end":{"line":2644,"column":4752}},"242":{"start":{"line":2655,"column":0},"end":{"line":2655,"column":6186}},"243":{"start":{"line":2666,"column":0},"end":{"line":2666,"column":5490}},"244":{"start":{"line":2677,"column":0},"end":{"line":2677,"column":5586}},"245":{"start":{"line":2688,"column":0},"end":{"line":2688,"column":2343}},"246":{"start":{"line":2699,"column":0},"end":{"line":2699,"column":2160}},"247":{"start":{"line":2710,"column":0},"end":{"line":2710,"column":6907}},"248":{"start":{"line":2721,"column":0},"end":{"line":2721,"column":7713}},"249":{"start":{"line":2732,"column":0},"end":{"line":2732,"column":12035}},"250":{"start":{"line":2743,"column":0},"end":{"line":2743,"column":2554}},"251":{"start":{"line":2754,"column":0},"end":{"line":2754,"column":4296}},"252":{"start":{"line":2765,"column":0},"end":{"line":2765,"column":11768}},"253":{"start":{"line":2775,"column":0},"end":{"line":2775,"column":1717}},"254":{"start":{"line":2786,"column":0},"end":{"line":2786,"column":1153}},"255":{"start":{"line":2797,"column":0},"end":{"line":2797,"column":157185}},"256":{"start":{"line":2808,"column":0},"end":{"line":2808,"column":1764}},"257":{"start":{"line":2819,"column":0},"end":{"line":2819,"column":16378}},"258":{"start":{"line":2830,"column":0},"end":{"line":2830,"column":1151}},"259":{"start":{"line":2841,"column":0},"end":{"line":2841,"column":975}},"260":{"start":{"line":2852,"column":0},"end":{"line":2852,"column":2127}},"261":{"start":{"line":2863,"column":0},"end":{"line":2863,"column":440}},"262":{"start":{"line":2874,"column":0},"end":{"line":2874,"column":451}},"263":{"start":{"line":2885,"column":0},"end":{"line":2885,"column":836}},"264":{"start":{"line":2896,"column":0},"end":{"line":2896,"column":1868}},"265":{"start":{"line":2907,"column":0},"end":{"line":2907,"column":788}},"266":{"start":{"line":2918,"column":0},"end":{"line":2918,"column":676}},"267":{"start":{"line":2929,"column":0},"end":{"line":2929,"column":408}},"268":{"start":{"line":2940,"column":0},"end":{"line":2940,"column":829}},"269":{"start":{"line":2951,"column":0},"end":{"line":2951,"column":411}},"270":{"start":{"line":2962,"column":0},"end":{"line":2962,"column":494}},"271":{"start":{"line":2973,"column":0},"end":{"line":2973,"column":664}},"272":{"start":{"line":2984,"column":0},"end":{"line":2984,"column":1030}},"273":{"start":{"line":2995,"column":0},"end":{"line":2995,"column":481}},"274":{"start":{"line":3006,"column":0},"end":{"line":3006,"column":716}},"275":{"start":{"line":3017,"column":0},"end":{"line":3017,"column":597}},"276":{"start":{"line":3028,"column":0},"end":{"line":3028,"column":1024}},"277":{"start":{"line":3039,"column":0},"end":{"line":3039,"column":889}},"278":{"start":{"line":3050,"column":0},"end":{"line":3050,"column":1053}},"279":{"start":{"line":3061,"column":0},"end":{"line":3061,"column":1896}},"280":{"start":{"line":3072,"column":0},"end":{"line":3072,"column":893}},"281":{"start":{"line":3083,"column":0},"end":{"line":3083,"column":31500}},"282":{"start":{"line":3094,"column":0},"end":{"line":3094,"column":3007}},"283":{"start":{"line":3105,"column":0},"end":{"line":3105,"column":823}},"284":{"start":{"line":3116,"column":0},"end":{"line":3116,"column":948}},"285":{"start":{"line":3127,"column":0},"end":{"line":3127,"column":2169}},"286":{"start":{"line":3138,"column":0},"end":{"line":3138,"column":6901}},"287":{"start":{"line":3149,"column":0},"end":{"line":3149,"column":5223}},"288":{"start":{"line":3160,"column":0},"end":{"line":3160,"column":4635}},"289":{"start":{"line":3171,"column":0},"end":{"line":3171,"column":998}},"290":{"start":{"line":3182,"column":0},"end":{"line":3182,"column":3064}},"291":{"start":{"line":3193,"column":0},"end":{"line":3193,"column":2395}},"292":{"start":{"line":3204,"column":0},"end":{"line":3204,"column":63806}},"293":{"start":{"line":3215,"column":0},"end":{"line":3215,"column":259921}},"294":{"start":{"line":3226,"column":0},"end":{"line":3226,"column":6604}},"295":{"star
[...]
{"line":1900,"column":4}},"102":{"start":{"line":1902,"column":22},"end":{"line":1922,"column":6}},"103":{"start":{"line":1924,"column":22},"end":{"line":1937,"column":6}},"104":{"start":{"line":1939,"column":4},"end":{"line":1954,"column":5}},"105":{"start":{"line":1940,"column":19},"end":{"line":1940,"column":44}},"106":{"start":{"line":1941,"column":6},"end":{"line":1945,"column":7}},"107":{"start":{"line":1942,"column":8},"end":{"line":1942,"column":44}},"108":{"start":{"line":1943,"column":8},"end":{"line":1943,"column":34}},"109":{"start":{"line":1944,"column":8},"end":{"line":1944,"column":40}},"110":{"start":{"line":1946,"column":24},"end":{"line":1946,"column":58}},"111":{"start":{"line":1947,"column":6},"end":{"line":1947,"column":62}},"112":{"start":{"line":1948,"column":26},"end":{"line":1948,"column":51}},"113":{"start":{"line":1949,"column":6},"end":{"line":1949,"column":48}},"114":{"start":{"line":1950,"column":6},"end":{"line":1950,"column":32}},"115":{"start":{"line":1951,"column":6},"end":{"line":1951,"column":36}},"116":{"start":{"line":1953,"column":6},"end":{"line":1953,"column":17}},"117":{"start":{"line":1958,"column":0},"end":{"line":1958,"column":28}}},"fnMap":{"0":{"name":"(anonymous_0)","decl":{"start":{"line":10,"column":21},"end":{"line":10,"column":22}},"loc":{"start":{"line":25,"column":8},"end":{"line":85,"column":3}},"line":25},"1":{"name":"(anonymous_1)","decl":{"start":{"line":87,"column":22},"end":{"line":87,"column":23}},"loc":{"start":{"line":97,"column":8},"end":{"line":137,"column":3}},"line":97},"2":{"name":"(anonymous_2)","decl":{"start":{"line":139,"column":26},"end":{"line":139,"column":27}},"loc":{"start":{"line":150,"column":8},"end":{"line":187,"column":3}},"line":150},"3":{"name":"(anonymous_3)","decl":{"start":{"line":338,"column":19},"end":{"line":338,"column":20}},"loc":{"start":{"line":338,"column":57},"end":{"line":351,"column":3}},"line":338},"4":{"name":"(anonymous_4)","decl":{"start":{"line":411,"column":12},"end":{"line":411,"column":13}},"loc":{"start":{"line":413,"column":8},"end":{"line":492,"column":3}},"line":413},"5":{"name":"(anonymous_5)","decl":{"start":{"line":556,"column":19},"end":{"line":556,"column":20}},"loc":{"start":{"line":558,"column":8},"end":{"line":644,"column":3}},"line":558},"6":{"name":"(anonymous_6)","decl":{"start":{"line":714,"column":29},"end":{"line":714,"column":30}},"loc":{"start":{"line":720,"column":8},"end":{"line":803,"column":3}},"line":720},"7":{"name":"(anonymous_7)","decl":{"start":{"line":857,"column":21},"end":{"line":857,"column":22}},"loc":{"start":{"line":857,"column":43},"end":{"line":925,"column":3}},"line":857},"8":{"name":"(anonymous_8)","decl":{"start":{"line":987,"column":22},"end":{"line":987,"column":23}},"loc":{"start":{"line":987,"column":44},"end":{"line":1055,"column":3}},"line":987},"9":{"name":"(anonymous_9)","decl":{"start":{"line":1070,"column":16},"end":{"line":1070,"column":17}},"loc":{"start":{"line":1073,"column":8},"end":{"line":1087,"column":3}},"line":1073},"10":{"name":"(anonymous_10)","decl":{"start":{"line":1102,"column":16},"end":{"line":1102,"column":17}},"loc":{"start":{"line":1102,"column":38},"end":{"line":1116,"column":3}},"line":1102},"11":{"name":"(anonymous_11)","decl":{"start":{"line":1131,"column":20},"end":{"line":1131,"column":21}},"loc":{"start":{"line":1131,"column":50},"end":{"line":1143,"column":3}},"line":1131},"12":{"name":"(anonymous_12)","decl":{"start":{"line":1162,"column":13},"end":{"line":1162,"column":14}},"loc":{"start":{"line":1166,"column":8},"end":{"line":1223,"column":3}},"line":1166},"13":{"name":"(anonymous_13)","decl":{"start":{"line":1237,"column":14},"end":{"line":1237,"column":15}},"loc":{"start":{"line":1237,"column":36},"end":{"line":1248,"column":3}},"line":1237},"14":{"name":"(anonymous_14)","decl":{"start":{"line":1310,"column":18},"end":{"line":1310,"column":19}},"loc":{"start":{"line":1315,"column":8},"end":{"line":1573,"column":3}},"line":1315},"15":{"name":"(anonymous_15)","decl":{"start":{"line":1581,"column":28},"end":{"line":1581,"column":29}},"loc":{"start":{"line":1590,"column":8},"end":{"line":1830,"column":3}},"line":1590},"16":{"name":"(anonymous_16)","decl":{"start":{"line":1859,"column":12},"end":{"line":1859,"column":13}},"loc":{"start":{"line":1874,"column":8},"end":{"line":1955,"column":3}},"line":1874}},"branchMap":{"0":{"loc":{"start":{"line":1316,"column":4},"end":{"line":1316,"column":152}},"type":"if","locations":[{"start":{"line":1316,"column":4},"end":{"line":1316,"column":152}},{"start":{"line":1316,"column":4},"end":{"line":1316,"column":152}}],"line":1316},"1":{"loc":{"start":{"line":1316,"column":8},"end":{"line":1316,"column":49}},"type":"binary-expr","locations":[{"start":{"line":1316,"column":8},"end":{"line":1316,"column":15}},{"start":{"line":1316,"column":19},"end":{"line":1316,"column":25}},{"start":{"line":1316,"column":29},"end":{"line":1316,"column":38}},{"start":{"line":1316,"column":42},"end":{"line":1316,"column":49}}],"line":1316},"2":{"loc":{"start":{"line":1941,"column":6},"end":{"line":1945,"column":7}},"type":"if","locations":[{"start":{"line":1941,"column":6},"end":{"line":1945,"column":7}},{"start":{"line":1941,"column":6},"end":{"line":1945,"column":7}}],"line":1941}},"s":{"0":0,"1":0,"2":0,"3":0,"4":0,"5":0,"6":0,"7":0,"8":0,"9":0,"10":0,"11":0,"12":0,"13":0,"14":0,"15":0,"16":0,"17":0,"18":0,"19":0,"20":0,"21":0,"22":0,"23":0,"24":0,"25":0,"26":0,"27":0,"28":0,"29":0,"30":0,"31":0,"32":0,"33":0,"34":0,"35":0,"36":0,"37":0,"38":0,"39":0,"40":0,"41":0,"42":0,"43":0,"44":0,"45":0,"46":0,"47":0,"48":0,"49":0,"50":0,"51":0,"52":0,"53":0,"54":0,"55":0,"56":0,"57":0,"58":0,"59":0,"60":0,"61":0,"62":0,"63":0,"64":0,"65":0,"66":0,"67":0,"68":0,"69":0,"70":0,"71":0,"72":0,"73":0,"74":0,"75":0,"76":0,"77":0,"78":0,"79":0,"80":0,"81":0,"82":0,"83":0,"84":0,"85":0,"86":0,"87":0,"88":0,"89":0,"90":0,"91":0,"92":0,"93":0,"94":0,"95":0,"96":0,"97":0,"98":0,"99":0,"100":0,"101":0,"102":0,"103":0,"104":0,"105":0,"106":0,"107":0,"108":0,"109":0,"110":0,"111":0,"112":0,"113":0,"114":0,"115":0,"116":0,"117":0},"f":{"0":0,"1":0,"2":0,"3":0,"4":0,"5":0,"6":0,"7":0,"8":0,"9":0,"10":0,"11":0,"12":0,"13":0,"14":0,"15":0,"16":0},"b":{"0":[0,0],"1":[0,0,0,0],"2":[0,0]}}
,"/Users/jeremysylee/hrla/NexDoor/data/archivedUserServices.js": {"path":"/Users/jeremysylee/hrla/NexDoor/data/archivedUserServices.js","statementMap":{},"fnMap":{},"branchMap":{},"s":{},"f":{},"b":{}}
,"/Users/jeremysylee/hrla/NexDoor/data/users.js": {"path":"/Users/jeremysylee/hrla/NexDoor/data/users.js","statementMap":{"0":{"start":{"line":1,"column":14},"end":{"line":1,"column":30}},"1":{"start":{"line":3,"column":14},"end":{"line":14,"column":1}},"2":{"start":{"line":16,"column":14},"end":{"line":147,"column":1}},"3":{"start":{"line":149,"column":17},"end":{"line":204,"column":1}},"4":{"start":{"line":206,"column":0},"end":{"line":221,"column":3}},"5":{"start":{"line":207,"column":17},"end":{"line":207,"column":32}},"6":{"start":{"line":208,"column":15},"end":{"line":219,"column":3}},"7":{"start":{"line":220,"column":2},"end":{"line":220,"column":53}},"8":{"start":{"line":223,"column":0},"end":{"line":226,"column":3}},"9":{"start":{"line":224,"column":27},"end":{"line":224,"column":31}},"10":{"start":{"line":225,"column":2},"end":{"line":225,"column":68}},"11":{"start":{"line":228,"column":0},"end":{"line":231,"column":3}},"12":{"start":{"line":229,"column":35},"end":{"line":229,"column":42}},"13":{"start":{"line":230,"column":2},"end":{"line":230,"column":77}}},"fnMap":{"0":{"name":"(anonymous_0)","decl":{"start":{"line":206,"column":14},"end":{"line":206,"column":15}},"loc":{"start":{"line":206,"column":24},"end":{"line":221,"column":1}},"line":206},"1":{"name":"(anonymous_1)","decl":{"start":{"line":223,"column":14},"end":{"line":223,"column":15}},"loc":{"start":{"line":223,"column":24},"end":{"line":226,"column":1}},"line":223},"2":{"name":"(anonymous_2)","decl":{"start":{"line":228,"column":17},"end":{"line":228,"column":18}},"loc":{"start":{"line":228,"column":30},"end":{"line":231,"column":1}},"line":228}},"branchMap":{},"s":{"0":0,"1":0,"2":0,"3":0,"4":0,"5":0,"6":0,"7":0,"8":0,"9":0,"10":0,"11":0,"12":0,"13":0},"f":{"0":0,"1":0,"2":0},"b":{}}
,"/Users/jeremysylee/hrla/NexDoor/seeder/generator.js": {"path":"/Users/jeremysylee/hrla/NexDoor/seeder/generator.js","statementMap":{"0":{"start":{"line":5,"column":14},"end":{"line":5,"column":30}},"1":{"start":{"line":7,"column":11},"end":{"line":7,"column":31}},"2":{"start":{"line":9,"column":18},"end":{"line":9,"column":58}},"3":{"start":{"line":9,"column":25},"end":{"line":9,"column":58}},"4":{"start":{"line":10,"column":26},"end":{"line":10,"column":62}},"5":{"start":{"line":10,"column":33},"end":{"line":10,"column":62}},"6":{"start":{"line":11,"column":21},"end":{"line":11,"column":56}},"7":{"start":{"line":11,"column":27},"end":{"line":11,"column":56}},"8":{"start":{"line":18,"column":19},"end":{"line":51,"column":1}},"9":{"start":{"line":19,"column":26},"end":{"line":29,"column":3}},"10":{"start":{"line":20,"column":23},"end":{"line":27,"column":5}},"11":{"start":{"line":28,"column":4},"end":{"line":28,"column":22}},"12":{"start":{"line":30,"column":18},"end":{"line":30,"column":41}},"13":{"start":{"line":31,"column":22},"end":{"line":49,"column":3}},"14":{"start":{"line":50,"column":2},"end":{"line":50,"column":30}},"15":{"start":{"line":53,"column":20},"end":{"line":64,"column":1}},"16":{"start":{"line":54,"column":16},"end":{"line":54,"column":17}},"17":{"start":{"line":55,"column":2},"end":{"line":62,"column":3}},"18":{"start":{"line":56,"column":4},"end":{"line":61,"column":5}},"19":{"start":{"line":57,"column":6},"end":{"line":57,"column":25}},"20":{"start":{"line":58,"column":6},"end":{"line":58,"column":19}},"21":{"start":{"line":60,"column":6},"end":{"line":60,"column":23}},"22":{"start":{"line":63,"column":2},"end":{"line":63,"column":22}},"23":{"start":{"line":71,"column":20},"end":{"line":118,"column":1}},"24":{"start":{"line":72,"column":23},"end":{"line":86,"column":3}},"25":{"start":{"line":74,"column":20},"end":{"line":84,"column":5}},"26":{"start":{"line":85,"column":4},"end":{"line":85,"column":19}},"27":{"start":{"line":88,"column":15},"end":{"line":88,"column":35}},"28":{"start":{"line":90,"column":22},"end":{"line":116,"column":3}},"29":{"start":{"line":117,"column":2},"end":{"line":117,"column":31}},"30":{"start":{"line":120,"column":18},"end":{"line":131,"column":1}},"31":{"start":{"line":121,"column":16},"end":{"line":121,"column":17}},"32":{"start":{"line":122,"column":2},"end":{"line":129,"column":3}},"33":{"start":{"line":123,"column":4},"end":{"line":128,"column":5}},"34":{"start":{"line":124,"column":6},"end":{"line":124,"column":26}},"35":{"start":{"line":125,"column":6},"end":{"line":125,"column":19}},"36":{"start":{"line":127,"column":6},"end":{"line":127,"column":23}},"37":{"start":{"line":130,"column":2},"end":{"line":130,"column":22}},"38":{"start":{"line":138,"column":28},"end":{"line":164,"column":1}},"39":{"start":{"line":139,"column":31},"end":{"line":147,"column":3}},"40":{"start":{"line":140,"column":28},"end":{"line":145,"column":5}},"41":{"start":{"line":146,"column":4},"end":{"line":146,"column":27}},"42":{"start":{"line":148,"column":23},"end":{"line":148,"column":45}},"43":{"start":{"line":149,"column":22},"end":{"line":161,"column":4}},"44":{"start":{"line":163,"column":2},"end":{"line":163,"column":30}},"45":{"start":{"line":166,"column":26},"end":{"line":178,"column":1}},"46":{"start":{"line":167,"column":16},"end":{"line":167,"column":23}},"47":{"start":{"line":168,"column":2},"end":{"line":175,"column":3}},"48":{"start":{"line":169,"column":4},"end":{"line":174,"column":5}},"49":{"start":{"line":170,"column":6},"end":{"line":170,"column":34}},"50":{"start":{"line":171,"column":6},"end":{"line":171,"column":19}},"51":{"start":{"line":173,"column":6},"end":{"line":173,"column":23}},"52":{"start":{"line":177,"column":2},"end":{"line":177,"column":44}},"53":{"start":{"line":206,"column":20},"end":{"line":262,"column":1}},"54":{"start":{"line":207,"column":23},"end":{"line":227,"column":3}},"55":{"start":{"line":208,"column":21},"end":{"line":208,"column":60}},"56":{"start":{"line":209,"column":23},"end":{"line":209,"column":52}},"57":{"start":{"line":211,"column":20},"end":{"line":224,"column":5}},"58":{"start":{"line":226,"column":4},"end":{"line":226,"column":19}},"59":{"start":{"line":229,"column":15},"end":{"line":229,"column":29}},"60":{"start":{"line":231,"column":22},"end":{"line":260,"column":4}},"61":{"start":{"line":261,"column":2},"end":{"line":261,"column":30}},"62":{"start":{"line":264,"column":18},"end":{"line":276,"column":1}},"63":{"start":{"line":265,"column":16},"end":{"line":265,"column":17}},"64":{"start":{"line":266,"column":2},"end":{"line":273,"column":3}},"65":{"start":{"line":267,"column":4},"end":{"line":272,"column":5}},"66":{"start":{"line":268,"column":6},"end":{"line":268,"column":26}},"67":{"start":{"line":269,"column":6},"end":{"line":269,"column":19}},"68":{"start":{"line":271,"column":6},"end":{"line":271,"column":23}},"69":{"start":{"line":275,"column":2},"end":{"line":275,"column":36}},"70":{"start":{"line":281,"column":24},"end":{"line":314,"column":1}},"71":{"start":{"line":282,"column":26},"end":{"line":292,"column":3}},"72":{"start":{"line":283,"column":23},"end":{"line":290,"column":5}},"73":{"start":{"line":291,"column":4},"end":{"line":291,"column":22}},"74":{"start":{"line":293,"column":18},"end":{"line":293,"column":35}},"75":{"start":{"line":295,"column":22},"end":{"line":312,"column":6}},"76":{"start":{"line":313,"column":2},"end":{"line":313,"column":30}},"77":{"start":{"line":316,"column":21},"end":{"line":328,"column":1}},"78":{"start":{"line":317,"column":16},"end":{"line":317,"column":17}},"79":{"start":{"line":318,"column":2},"end":{"line":325,"column":3}},"80":{"start":{"line":319,"column":4},"end":{"line":324,"column":5}},"81":{"start":{"line":320,"column":6},"end":{"line":320,"column":30}},"82":{"start":{"line":321,"column":6},"end":{"line":321,"column":19}},"83":{"start":{"line":323,"column":6},"end":{"line":323,"column":23}},"84":{"start":{"line":326,"column":2},"end":{"line":326,"column":11}},"85":{"start":{"line":327,"column":2},"end":{"line":327,"column":39}},"86":{"start":{"line":330,"column":0},"end":{"line":330,"column":15}},"87":{"start":{"line":335,"column":13},"end":{"line":341,"column":1}},"88":{"start":{"line":336,"column":2},"end":{"line":336,"column":22}},"89":{"start":{"line":337,"column":2},"end":{"line":337,"column":20}},"90":{"start":{"line":338,"column":2},"end":{"line":338,"column":28}},"91":{"start":{"line":339,"column":2},"end":{"line":339,"column":20}},"92":{"start":{"line":340,"column":2},"end":{"line":340,"column":23}},"93":{"start":{"line":343,"column":0},"end":{"line":343,"column":7}}},"fnMap":{"0":{"name":"(anonymous_0)","decl":{"start":{"line":9,"column":18},"end":{"line":9,"column":19}},"loc":{"start":{"line":9,"column":25},"end":{"line":9,"column":58}},"line":9},"1":{"name":"(anonymous_1)","decl":{"start":{"line":10,"column":26},"end":{"line":10,"column":27}},"loc":{"start":{"line":10,"column":33},"end":{"line":10,"column":62}},"line":10},"2":{"name":"(anonymous_2)","decl":{"start":{"line":11,"column":21},"end":{"line":11,"column":22}},"loc":{"start":{"line":11,"column":27},"end":{"line":11,"column":56}},"line":11},"3":{"name":"(anonymous_3)","decl":{"start":{"line":18,"column":19},"end":{"line":18,"column":20}},"loc":{"start":{"line":18,"column":31},"end":{"line":51,"column":1}},"line":18},"4":{"name":"(anonymous_4)","decl":{"start":{"line":19,"column":26},"end":{"line":19,"column":27}},"loc":{"start":{"line":19,"column":32},"end":{"line":29,"column":3}},"line":19},"5":{"name":"(anonymous_5)","decl":{"start":{"line":53,"column":20},"end":{"line":53,"column":21}},"loc":{"start":{"line":53,"column":32},"end":{"line":64,"column":1}},"line":53},"6":{"name":"(anonymous_6)","decl":{"start":{"line":71,"column":20},"end":{"line":71,"column":21}},"loc":{"start":{"line":71,"column":32},"end":{"line":118,"column":1}},"line":71},"7":{"name":"(anonymous_7)","decl":{"start":{"line":72,"column":23},"end":{"line":72,"column":24}},"loc":{"start":{"line":72,"column":35},"end":{"line":86,"column":3}},"line":72},"8":{"name":"(anonymous_8)","decl":{"start":{"line":120,"column":18},"end":{"line":120,"column":19}},"loc":{"start":{"line":120,"column":30},"end":{"line":131,"column":1}},"line":120},"9":{"name":"(anonymous_9)","decl":{"start":{"line":138,"column":28},"end":{"line":138,"column":29}},"loc":{"start":{"line":138,"column":40},"end":{"line":164,"column":1}},"line":138},"10":{"name":"(anonymous_10)","decl":{"start":{"line":139,"column":31},"end":{"line":139,"column":32}},"loc":{"start":{"line":139,"column":37},"end":{"line":147,"column":3}},"line":139},"11":{"name":"(anonymous_11)","decl":{"start":{"line":166,"column":26},"end":{"line":166,"column":27}},"loc":{"start":{"line":166,"column":38},"end":{"line":178,"column":1}},"line":166},"12":{"name":"(anonymous_12)","decl":{"start":{"line":206,"column":20},"end":{"line":206,"column":21}},"loc":{"start":{"line":206,"column":32},"end":{"line":262,"column":1}},"line":206},"13":{"name":"(anonymous_13)","decl":{"start":{"line":207,"column":23},"end":{"line":207,"column":24}},"loc":{"start":{"line":207,"column":29},"end":{"line":227,"column":3}},"line":207},"14":{"name":"(anonymous_14)","decl":{"start":{"line":264,"column":18},"end":{"line":264,"column":19}},"loc":{"start":{"line":264,"column":30},"end":{"line":276,"column":1}},"line":264},"15":{"name":"(anonymous_15)","decl":{"start":{"line":281,"column":24},"end":{"line":281,"column":25}},"loc":{"start":{"line":281,"column":36},"end":{"line":314,"column":1}},"line":281},"16":{"name":"(anonymous_16)","decl":{"start":{"line":282,"column":26},"end":{"line":282,"column":27}},"loc":{"start":{"line":282,"column":32},"end":{"line":292,"column":3}},"line":282},"17":{"name":"(anonymous_17)","decl":{"start":{"line":316,"column":21},"end":{"line":316,"column":22}},"loc":{"start":{"line":316,"column":33},"end":{"line":328,"column":1}},"line":316},"18":{"name":"(anonymous_18)","decl":{"start":{"line":335,"column":13},"end":{"line":335,"column":14}},"loc":{"start":{"line":335,"column":25},"end":{"line":341,"column":1}},"line":335}},"branchMap":{"0":{"loc":{"start":{"line":213,"column":17},"end":{"line":213,"column":58}},"type":"cond-expr","locations":[{"start":{"line":213,"column":34},"end":{"line":213,"column":51}},{"start":{"line":213,"column":54},"end":{"line":213,"column":58}}],"line":213},"1":{"loc":{"start":{"line":216,"column":20},"end":{"line":216,"column":49}},"type":"cond-expr","locations":[{"start":{"line":216,"column":37},"end":{"line":216,"column":41}},{"start":{"line":216,"column":44},"end":{"line":216,"column":49}}],"line":216},"2":{"loc":{"start":{"line":217,"column":22},"end":{"line":217,"column":51}},"type":"cond-expr","locations":[{"start":{"line":217,"column":39},"end":{"line":217,"column":43}},{"start":{"line":217,"column":46},"end":{"line":217,"column":51}}],"line":217}},"s":{"0":0,"1":0,"2":0,"3":0,"4":0,"5":0,"6":0,"7":0,"8":0,"9":0,"10":0,"11":0,"12":0,"13":0,"14":0,"15":0,"16":0,"17":0,"18":0,"19":0,"20":0,"21":0,"22":0,"23":0,"24":0,"25":0,"26":0,"27":0,"28":0,"29":0,"30":0,"31":0,"32":0,"33":0,"34":0,"35":0,"36":0,"37":0,"38":0,"39":0,"40":0,"41":0,"42":0,"43":0,"44":0,"45":0,"46":0,"47":0,"48":0,"49":0,"50":0,"51":0,"52":0,"53":0,"54":0,"55":0,"56":0,"57":0,"58":0,"59":0,"60":0,"61":0,"62":0,"63":0,"64":0,"65":0,"66":0,"67":0,"68":0,"69":0,"70":0,"71":0,"72":0,"73":0,"74":0,"75":0,"76":0,"77":0,"78":0,"79":0,"80":0,"81":0,"82":0,"83":0,"84":0,"85":0,"86":0,"87":0,"88":0,"89":0,"90":0,"91":0,"92":0,"93":0},"f":{"0":0,"1":0,"2":0,"3":0,"4":0,"5":0,"6":0,"7":0,"8":0,"9":0,"10":0,"11":0,"12":0,"13":0,"14":0,"15":0,"16":0,"17":0,"18":0},"b":{"0":[0,0],"1":[0,0],"2":[0,0]}}
}
