TN:
SF:.eslintrc.js
FNF:0
FNH:0
DA:1,0
LF:1
LH:0
BRF:0
BRH:0
end_of_record
TN:
SF:config.js
FNF:0
FNH:0
DA:1,0
LF:1
LH:0
BRF:0
BRH:0
end_of_record
TN:
SF:jest.config.js
FNF:0
FNH:0
DA:6,0
LF:1
LH:0
BRF:0
BRH:0
end_of_record
TN:
SF:newrelic.js
FNF:0
FNH:0
DA:8,0
LF:1
LH:0
BRF:0
BRH:0
end_of_record
TN:
SF:webpack.config.js
FNF:0
FNH:0
DA:3,0
DA:4,0
DA:5,0
DA:7,0
DA:8,0
DA:10,0
DA:54,0
LF:7
LH:0
BRDA:50,0,0,0
BRDA:50,0,1,0
BRF:2
BRH:0
end_of_record
TN:
SF:api/app.js
FNF:0
FNH:0
DA:3,1
DA:4,1
DA:5,1
DA:6,1
DA:7,1
DA:8,1
DA:10,1
DA:11,1
DA:12,1
DA:13,1
DA:15,1
DA:17,1
DA:18,1
DA:19,1
DA:20,1
DA:22,1
DA:24,1
DA:26,1
DA:31,1
DA:43,1
DA:44,1
DA:47,1
DA:48,1
DA:62,1
DA:63,1
LF:25
LH:25
BRF:0
BRH:0
end_of_record
TN:
SF:api/index.js
FN:5,(anonymous_0)
FNF:1
FNH:0
FNDA:0,(anonymous_0)
DA:1,0
DA:3,0
DA:5,0
DA:6,0
LF:4
LH:0
BRF:0
BRH:0
end_of_record
TN:
SF:api/router.js
FNF:0
FNH:0
DA:2,1
DA:3,1
DA:4,1
DA:5,1
DA:6,1
DA:8,1
DA:14,1
LF:7
LH:7
BRF:0
BRH:0
end_of_record
TN:
SF:api/db/index.js
FNF:0
FNH:0
DA:1,1
DA:2,1
DA:13,1
DA:32,1
LF:4
LH:4
BRF:0
BRH:0
end_of_record
TN:
SF:api/db/redis.js
FNF:0
FNH:0
DA:1,0
DA:2,0
DA:4,0
DA:6,0
DA:11,0
LF:5
LH:0
BRF:0
BRH:0
end_of_record
TN:
SF:api/errors/apiError.js
FN:5,(anonymous_0)
FNF:1
FNH:0
FNDA:0,(anonymous_0)
DA:1,1
DA:2,1
DA:11,0
DA:15,1
LF:4
LH:3
BRDA:7,0,0,0
BRDA:8,1,0,0
BRF:2
BRH:0
end_of_record
TN:
SF:api/errors/baseError.js
FN:2,(anonymous_0)
FNF:1
FNH:0
FNDA:0,(anonymous_0)
DA:3,0
DA:4,0
DA:5,0
DA:6,0
DA:7,0
DA:8,0
DA:12,1
LF:7
LH:1
BRF:0
BRH:0
end_of_record
TN:
SF:api/errors/errorHandler.js
FN:3,(anonymous_0)
FN:9,(anonymous_1)
FN:14,(anonymous_2)
FN:18,(anonymous_3)
FNF:4
FNH:0
FNDA:0,(anonymous_0)
FNDA:0,(anonymous_1)
FNDA:0,(anonymous_2)
FNDA:0,(anonymous_3)
DA:1,1
DA:3,1
DA:4,0
DA:5,0
DA:9,1
DA:10,0
DA:11,0
DA:14,1
DA:15,0
DA:18,1
DA:19,0
DA:20,0
DA:22,0
DA:25,1
LF:14
LH:6
BRDA:4,0,0,0
BRDA:4,0,1,0
BRDA:15,1,0,0
BRDA:15,1,1,0
BRDA:19,2,0,0
BRDA:19,2,1,0
BRF:6
BRH:0
end_of_record
TN:
SF:api/errors/httpStatusCodes.js
FNF:0
FNH:0
DA:1,1
DA:8,1
LF:2
LH:2
BRF:0
BRH:0
end_of_record
TN:
SF:api/modules/setup.js
FNF:0
FNH:0
DA:1,0
DA:2,0
DA:4,0
DA:18,0
LF:4
LH:0
BRF:0
BRH:0
end_of_record
TN:
SF:api/modules/announcements/controller.js
FN:25,(anonymous_0)
FN:60,(anonymous_1)
FNF:2
FNH:2
FNDA:1,(anonymous_0)
FNDA:1,(anonymous_1)
DA:2,1
DA:10,1
DA:26,1
DA:29,1
DA:34,1
DA:35,1
DA:36,1
DA:38,0
DA:61,1
DA:62,1
DA:63,1
DA:64,1
DA:66,0
DA:71,1
LF:14
LH:12
BRDA:27,0,0,1
BRDA:27,0,1,0
BRDA:61,1,0,1
BRDA:61,1,1,0
BRF:4
BRH:2
end_of_record
TN:
SF:api/modules/announcements/routes.js
FNF:0
FNH:0
DA:1,1
DA:3,1
DA:5,1
DA:7,1
DA:11,1
LF:5
LH:5
BRF:0
BRH:0
end_of_record
TN:
SF:api/modules/announcements/service.js
FN:7,(anonymous_0)
FN:31,(anonymous_1)
FNF:2
FNH:2
FNDA:1,(anonymous_0)
FNDA:1,(anonymous_1)
DA:2,1
DA:3,1
DA:4,1
DA:6,1
DA:8,1
DA:9,0
DA:11,1
DA:26,1
DA:27,1
DA:28,1
DA:32,1
DA:37,1
DA:38,1
DA:40,1
DA:41,1
DA:45,1
LF:16
LH:15
BRDA:8,0,0,0
BRDA:8,0,1,1
BRDA:8,1,0,1
BRDA:8,1,1,1
BRDA:8,1,2,1
BRDA:38,2,0,0
BRDA:38,2,1,1
BRF:7
BRH:5
end_of_record
TN:
SF:api/modules/locations/coordinates.js
FN:3,(anonymous_0)
FNF:1
FNH:0
FNDA:0,(anonymous_0)
DA:1,0
DA:3,0
DA:4,0
DA:6,0
DA:7,0
DA:8,0
DA:11,0
LF:7
LH:0
BRF:0
BRH:0
end_of_record
TN:
SF:api/modules/locations/service.js
FN:6,(anonymous_0)
FN:41,(anonymous_1)
FNF:2
FNH:1
FNDA:0,(anonymous_0)
FNDA:3,(anonymous_1)
DA:1,1
DA:2,1
DA:3,1
DA:5,1
DA:14,0
DA:15,0
DA:17,0
DA:36,0
DA:37,0
DA:38,0
DA:45,3
DA:47,3
DA:53,3
DA:54,3
DA:55,3
DA:59,1
LF:16
LH:10
BRDA:14,0,0,0
BRDA:14,0,1,0
BRDA:14,1,0,0
BRDA:14,1,1,0
BRDA:14,1,2,0
BRDA:14,1,3,0
BRDA:14,1,4,0
BRDA:55,2,0,3
BRDA:55,2,1,0
BRF:9
BRH:1
end_of_record
TN:
SF:api/modules/messages/controller.js
FN:25,(anonymous_0)
FN:70,(anonymous_1)
FNF:2
FNH:2
FNDA:1,(anonymous_0)
FNDA:1,(anonymous_1)
DA:2,1
DA:10,1
DA:26,1
DA:30,1
DA:36,1
DA:37,1
DA:38,1
DA:40,0
DA:71,1
DA:72,1
DA:73,1
DA:74,1
DA:76,0
DA:81,1
LF:14
LH:12
BRF:0
BRH:0
end_of_record
TN:
SF:api/modules/messages/routes.js
FNF:0
FNH:0
DA:1,1
DA:3,1
DA:5,1
DA:7,1
DA:11,1
LF:5
LH:5
BRF:0
BRH:0
end_of_record
TN:
SF:api/modules/messages/service.js
FN:8,(anonymous_0)
FN:41,(anonymous_1)
FNF:2
FNH:2
FNDA:1,(anonymous_0)
FNDA:1,(anonymous_1)
DA:3,1
DA:4,1
DA:5,1
DA:7,1
DA:12,1
DA:13,1
DA:14,1
DA:35,1
DA:36,1
DA:37,1
DA:38,1
DA:42,1
DA:43,1
DA:63,1
DA:64,1
DA:65,1
DA:66,1
DA:70,1
LF:18
LH:18
BRDA:10,0,0,1
BRDA:12,1,0,0
BRDA:12,1,1,1
BRDA:12,2,0,1
BRDA:12,2,1,1
BRDA:13,3,0,0
BRDA:13,3,1,1
BRDA:13,4,0,1
BRDA:13,4,1,1
BRDA:13,4,2,1
BRDA:36,5,0,0
BRDA:36,5,1,1
BRDA:42,6,0,0
BRDA:42,6,1,1
BRDA:64,7,0,0
BRDA:64,7,1,1
BRF:16
BRH:11
end_of_record
TN:
SF:api/modules/tasks/controller.js
FN:8,(anonymous_0)
FN:23,(anonymous_1)
FN:52,(anonymous_2)
FN:81,(anonymous_3)
FN:91,(anonymous_4)
FN:104,(anonymous_5)
FN:117,(anonymous_6)
FNF:7
FNH:7
FNDA:1,(anonymous_0)
FNDA:1,(anonymous_1)
FNDA:1,(anonymous_2)
FNDA:1,(anonymous_3)
FNDA:1,(anonymous_4)
FNDA:1,(anonymous_5)
FNDA:1,(anonymous_6)
DA:4,1
DA:5,1
DA:7,1
DA:9,1
DA:15,1
DA:16,1
DA:17,1
DA:19,0
DA:24,1
DA:40,1
DA:41,1
DA:42,1
DA:43,0
DA:45,1
DA:46,1
DA:48,0
DA:53,1
DA:69,1
DA:70,1
DA:71,1
DA:72,0
DA:74,1
DA:75,1
DA:77,0
DA:82,1
DA:83,1
DA:84,1
DA:85,1
DA:87,0
DA:92,1
DA:96,1
DA:97,1
DA:98,1
DA:100,0
DA:105,1
DA:109,1
DA:110,1
DA:111,1
DA:113,0
DA:118,1
DA:119,1
DA:120,1
DA:121,1
DA:123,0
DA:140,1
LF:45
LH:36
BRDA:42,0,0,0
BRDA:42,0,1,1
BRDA:71,1,0,0
BRDA:71,1,1,1
BRF:4
BRH:2
end_of_record
TN:
SF:api/modules/tasks/routes.js
FNF:0
FNH:0
DA:1,1
DA:3,1
DA:5,1
DA:7,1
DA:18,1
LF:5
LH:5
BRF:0
BRH:0
end_of_record
TN:
SF:api/modules/tasks/service.js
FN:8,(anonymous_0)
FN:276,(anonymous_1)
FN:329,(anonymous_2)
FN:365,(anonymous_3)
FN:374,(anonymous_4)
FN:384,(anonymous_5)
FN:399,(anonymous_6)
FNF:7
FNH:7
FNDA:1,(anonymous_0)
FNDA:1,(anonymous_1)
FNDA:1,(anonymous_2)
FNDA:1,(anonymous_3)
FNDA:1,(anonymous_4)
FNDA:1,(anonymous_5)
FNDA:1,(anonymous_6)
DA:3,1
DA:4,1
DA:5,1
DA:7,1
DA:14,1
DA:15,1
DA:270,1
DA:271,1
DA:272,1
DA:273,1
DA:287,1
DA:288,0
DA:290,1
DA:291,0
DA:293,1
DA:324,1
DA:325,1
DA:326,1
DA:340,1
DA:341,0
DA:343,1
DA:344,0
DA:346,1
DA:361,1
DA:362,1
DA:366,1
DA:370,1
DA:371,1
DA:375,1
DA:380,1
DA:381,1
DA:388,1
DA:395,1
DA:396,1
DA:400,1
DA:407,1
DA:408,1
DA:409,1
DA:477,1
LF:39
LH:35
BRDA:14,0,0,0
BRDA:14,0,1,1
BRDA:14,1,0,1
BRDA:14,1,1,1
BRDA:14,1,2,1
BRDA:287,2,0,0
BRDA:287,2,1,1
BRDA:287,3,0,1
BRDA:287,3,1,1
BRDA:287,3,2,1
BRDA:287,3,3,1
BRDA:290,4,0,0
BRDA:290,4,1,1
BRDA:340,5,0,0
BRDA:340,5,1,1
BRDA:340,6,0,1
BRDA:340,6,1,1
BRDA:340,6,2,1
BRDA:340,6,3,1
BRDA:343,7,0,0
BRDA:343,7,1,1
BRF:21
BRH:16
end_of_record
TN:
SF:api/modules/users/controller.js
FN:9,(anonymous_0)
FN:34,(anonymous_1)
FN:44,(anonymous_2)
FN:59,(anonymous_3)
FN:76,(anonymous_4)
FNF:5
FNH:4
FNDA:1,(anonymous_0)
FNDA:1,(anonymous_1)
FNDA:1,(anonymous_2)
FNDA:1,(anonymous_3)
FNDA:0,(anonymous_4)
DA:5,1
DA:6,1
DA:8,1
DA:10,1
DA:22,1
DA:23,1
DA:24,1
DA:25,0
DA:27,1
DA:28,1
DA:30,0
DA:35,1
DA:36,1
DA:37,1
DA:38,1
DA:40,0
DA:45,1
DA:50,1
DA:51,1
DA:52,1
DA:54,0
DA:55,0
DA:60,1
DA:64,1
DA:65,1
DA:66,1
DA:67,1
DA:68,1
DA:69,1
DA:71,0
DA:72,0
DA:77,0
DA:78,0
DA:79,0
DA:80,0
DA:81,0
DA:83,0
DA:89,1
LF:38
LH:25
BRDA:24,0,0,0
BRDA:24,0,1,1
BRDA:78,1,0,0
BRDA:78,1,1,0
BRF:4
BRH:1
end_of_record
TN:
SF:api/modules/users/routes.js
FNF:0
FNH:0
DA:1,1
DA:3,1
DA:5,1
DA:6,1
DA:8,1
DA:14,1
LF:6
LH:6
BRF:0
BRH:0
end_of_record
TN:
SF:api/modules/users/service.js
FN:22,(anonymous_0)
FN:66,(anonymous_1)
FN:98,(anonymous_2)
FN:150,(anonymous_3)
FN:167,(anonymous_4)
FNF:5
FNH:4
FNDA:1,(anonymous_0)
FNDA:2,(anonymous_1)
FNDA:1,(anonymous_2)
FNDA:1,(anonymous_3)
FNDA:0,(anonymous_4)
DA:5,1
DA:8,1
DA:10,1
DA:11,1
DA:21,1
DA:28,1
DA:29,1
DA:31,1
DA:32,1
DA:60,1
DA:61,1
DA:62,1
DA:63,1
DA:67,2
DA:92,2
DA:93,2
DA:94,2
DA:95,2
DA:99,1
DA:100,1
DA:101,1
DA:103,1
DA:144,1
DA:145,1
DA:146,1
DA:147,1
DA:151,1
DA:156,1
DA:157,1
DA:158,0
DA:160,1
DA:161,1
DA:162,0
DA:164,1
DA:168,0
DA:169,0
DA:171,0
DA:172,0
DA:176,1
LF:39
LH:33
BRDA:31,0,0,1
BRDA:31,0,1,0
BRDA:61,1,0,0
BRDA:61,1,1,1
BRDA:93,2,0,0
BRDA:93,2,1,2
BRDA:100,3,0,1
BRDA:100,3,1,0
BRDA:101,4,0,1
BRDA:101,4,1,0
BRDA:145,5,0,0
BRDA:145,5,1,1
BRDA:157,6,0,0
BRDA:157,6,1,1
BRDA:161,7,0,0
BRDA:161,7,1,1
BRDA:168,8,0,0
BRDA:168,8,1,0
BRF:18
BRH:8
end_of_record
TN:
SF:api/modules/users/userValidator.js
FN:14,(anonymous_0)
FN:45,(anonymous_1)
FN:53,(anonymous_2)
FNF:3
FNH:3
FNDA:1,(anonymous_0)
FNDA:1,(anonymous_1)
FNDA:1,(anonymous_2)
DA:1,1
DA:3,1
DA:15,1
DA:16,1
DA:17,0
DA:23,1
DA:46,1
DA:47,0
DA:48,0
DA:50,1
DA:54,1
DA:55,1
DA:57,0
DA:62,1
DA:67,1
LF:15
LH:11
BRDA:16,0,0,0
BRDA:16,0,1,1
BRDA:46,1,0,0
BRDA:46,1,1,1
BRDA:55,2,0,0
BRDA:55,2,1,1
BRF:6
BRH:3
end_of_record
TN:
SF:client/dist/bundle.js
FN:9,(anonymous_0)
FN:16,(anonymous_1)
FN:27,(anonymous_2)
FN:38,(anonymous_3)
FN:49,(anonymous_4)
FN:60,(anonymous_5)
FN:71,(anonymous_6)
FN:82,(anonymous_7)
FN:93,(anonymous_8)
FN:104,(anonymous_9)
FN:115,(anonymous_10)
FN:126,(anonymous_11)
FN:137,(anonymous_12)
FN:148,(anonymous_13)
FN:159,(anonymous_14)
FN:170,(anonymous_15)
FN:181,(anonymous_16)
FN:192,(anonymous_17)
FN:203,(anonymous_18)
FN:214,(anonymous_19)
FN:225,(anonymous_20)
FN:236,(anonymous_21)
FN:247,(anonymous_22)
FN:258,(anonymous_23)
FN:268,(anonymous_24)
FN:278,(anonymous_25)
FN:288,(anonymous_26)
FN:299,(anonymous_27)
FN:310,(anonymous_28)
FN:321,(anonymous_29)
FN:332,(anonymous_30)
FN:343,(anonymous_31)
FN:354,(anonymous_32)
FN:365,(anonymous_33)
FN:376,(anonymous_34)
FN:387,(anonymous_35)
FN:398,(anonymous_36)
FN:409,(anonymous_37)
FN:420,(anonymous_38)
FN:431,(anonymous_39)
FN:442,(anonymous_40)
FN:453,(anonymous_41)
FN:464,(anonymous_42)
FN:475,(anonymous_43)
FN:486,(anonymous_44)
FN:497,(anonymous_45)
FN:508,(anonymous_46)
FN:519,(anonymous_47)
FN:530,(anonymous_48)
FN:541,(anonymous_49)
FN:552,(anonymous_50)
FN:563,(anonymous_51)
FN:574,(anonymous_52)
FN:585,(anonymous_53)
FN:596,(anonymous_54)
FN:607,(anonymous_55)
FN:618,(anonymous_56)
FN:629,(anonymous_57)
FN:640,(anonymous_58)
FN:651,(anonymous_59)
FN:662,(anonymous_60)
FN:673,(anonymous_61)
FN:684,(anonymous_62)
FN:695,(anonymous_63)
FN:706,(anonymous_64)
FN:717,(anonymous_65)
FN:728,(anonymous_66)
FN:739,(anonymous_67)
FN:750,(anonymous_68)
FN:761,(anonymous_69)
FN:772,(anonymous_70)
FN:783,(anonymous_71)
FN:794,(anonymous_72)
FN:805,(anonymous_73)
FN:816,(anonymous_74)
FN:827,(anonymous_75)
FN:838,(anonymous_76)
FN:849,(anonymous_77)
FN:860,(anonymous_78)
FN:871,(anonymous_79)
FN:882,(anonymous_80)
FN:893,(anonymous_81)
FN:904,(anonymous_82)
FN:915,(anonymous_83)
FN:926,(anonymous_84)
FN:937,(anonymous_85)
FN:948,(anonymous_86)
FN:959,(anonymous_87)
FN:970,(anonymous_88)
FN:981,(anonymous_89)
FN:992,(anonymous_90)
FN:1003,(anonymous_91)
FN:1014,(anonymous_92)
FN:1025,(anonymous_93)
FN:1036,(anonymous_94)
FN:1047,(anonymous_95)
FN:1058,(anonymous_96)
FN:1069,(anonymous_97)
FN:1080,(anonymous_98)
FN:1091,(anonymous_99)
FN:1102,(anonymous_100)
FN:1113,(anonymous_101)
FN:1124,(anonymous_102)
FN:1135,(anonymous_103)
FN:1146,(anonymous_104)
FN:1157,(anonymous_105)
FN:1168,(anonymous_106)
FN:1179,(anonymous_107)
FN:1190,(anonymous_108)
FN:1201,(anonymous_109)
FN:1212,(anonymous_110)
FN:1223,(anonymous_111)
FN:1234,(anonymous_112)
FN:1245,(anonymous_113)
FN:1256,(anonymous_114)
FN:1267,(anonymous_115)
FN:1278,(anonymous_116)
FN:1289,(anonymous_117)
FN:1300,(anonymous_118)
FN:1311,(anonymous_119)
FN:1322,(anonymous_120)
FN:1333,(anonymous_121)
FN:1344,(anonymous_122)
FN:1355,(anonymous_123)
FN:1366,(anonymous_124)
FN:1377,(anonymous_125)
FN:1388,(anonymous_126)
FN:1399,(anonymous_127)
FN:1410,(anonymous_128)
FN:1421,(anonymous_129)
FN:1432,(anonymous_130)
FN:1443,(anonymous_131)
FN:1454,(anonymous_132)
FN:1465,(anonymous_133)
FN:1476,(anonymous_134)
FN:1487,(anonymous_135)
FN:1498,(anonymous_136)
FN:1509,(anonymous_137)
FN:1520,(anonymous_138)
FN:1531,(anonymous_139)
FN:1542,(anonymous_140)
FN:1553,(anonymous_141)
FN:1564,(anonymous_142)
FN:1575,(anonymous_143)
FN:1586,(anonymous_144)
FN:1597,(anonymous_145)
FN:1608,(anonymous_146)
FN:1619,(anonymous_147)
FN:1630,(anonymous_148)
FN:1641,(anonymous_149)
FN:1652,(anonymous_150)
FN:1663,(anonymous_151)
FN:1674,(anonymous_152)
FN:1685,(anonymous_153)
FN:1696,(anonymous_154)
FN:1707,(anonymous_155)
FN:1718,(anonymous_156)
FN:1729,(anonymous_157)
FN:1740,(anonymous_158)
FN:1751,(anonymous_159)
FN:1762,(anonymous_160)
FN:1773,(anonymous_161)
FN:1784,(anonymous_162)
FN:1795,(anonymous_163)
FN:1806,(anonymous_164)
FN:1817,(anonymous_165)
FN:1828,(anonymous_166)
FN:1839,(anonymous_167)
FN:1850,(anonymous_168)
FN:1861,(anonymous_169)
FN:1872,(anonymous_170)
FN:1883,(anonymous_171)
FN:1894,(anonymous_172)
FN:1905,(anonymous_173)
FN:1916,(anonymous_174)
FN:1927,(anonymous_175)
FN:1938,(anonymous_176)
FN:1949,(anonymous_177)
FN:1960,(anonymous_178)
FN:1971,(anonymous_179)
FN:1982,(anonymous_180)
FN:1993,(anonymous_181)
FN:2004,(anonymous_182)
FN:2015,(anonymous_183)
FN:2026,(anonymous_184)
FN:2037,(anonymous_185)
FN:2048,(anonymous_186)
FN:2059,(anonymous_187)
FN:2070,(anonymous_188)
FN:2081,(anonymous_189)
FN:2092,(anonymous_190)
FN:2103,(anonymous_191)
FN:2114,(anonymous_192)
FN:2124,(anonymous_193)
FN:2135,(anonymous_194)
FN:2146,(anonymous_195)
FN:2157,(anonymous_196)
FN:2168,(anonymous_197)
FN:2179,(anonymous_198)
FN:2190,(anonymous_199)
FN:2201,(anonymous_200)
FN:2212,(anonymous_201)
FN:2223,(anonymous_202)
FN:2234,(anonymous_203)
FN:2245,(anonymous_204)
FN:2256,(anonymous_205)
FN:2267,(anonymous_206)
FN:2278,(anonymous_207)
FN:2289,(anonymous_208)
FN:2300,(anonymous_209)
FN:2311,(anonymous_210)
FN:2322,(anonymous_211)
FN:2333,(anonymous_212)
FN:2344,(anonymous_213)
FN:2355,(anonymous_214)
FN:2366,(anonymous_215)
FN:2377,(anonymous_216)
FN:2388,(anonymous_217)
FN:2399,(anonymous_218)
FN:2410,(anonymous_219)
FN:2421,(anonymous_220)
FN:2432,(anonymous_221)
FN:2443,(anonymous_222)
FN:2454,(anonymous_223)
FN:2465,(anonymous_224)
FN:2476,(anonymous_225)
FN:2487,(anonymous_226)
FN:2498,(anonymous_227)
FN:2509,(anonymous_228)
FN:2520,(anonymous_229)
FN:2531,(anonymous_230)
FN:2542,(anonymous_231)
FN:2553,(anonymous_232)
FN:2564,(anonymous_233)
FN:2575,(anonymous_234)
FN:2586,(anonymous_235)
FN:2597,(anonymous_236)
FN:2608,(anonymous_237)
FN:2619,(anonymous_238)
FN:2630,(anonymous_239)
FN:2641,(anonymous_240)
FN:2652,(anonymous_241)
FN:2663,(anonymous_242)
FN:2674,(anonymous_243)
FN:2685,(anonymous_244)
FN:2696,(anonymous_245)
FN:2707,(anonymous_246)
FN:2718,(anonymous_247)
FN:2729,(anonymous_248)
FN:2740,(anonymous_249)
FN:2751,(anonymous_250)
FN:2762,(anonymous_251)
FN:2773,(anonymous_252)
FN:2783,(anonymous_253)
FN:2794,(anonymous_254)
FN:2805,(anonymous_255)
FN:2816,(anonymous_256)
FN:2827,(anonymous_257)
FN:2838,(anonymous_258)
FN:2849,(anonymous_259)
FN:2860,(anonymous_260)
FN:2871,(anonymous_261)
FN:2882,(anonymous_262)
FN:2893,(anonymous_263)
FN:2904,(anonymous_264)
FN:2915,(anonymous_265)
FN:2926,(anonymous_266)
FN:2937,(anonymous_267)
FN:2948,(anonymous_268)
FN:2959,(anonymous_269)
FN:2970,(anonymous_270)
FN:2981,(anonymous_271)
FN:2992,(anonymous_272)
FN:3003,(anonymous_273)
FN:3014,(anonymous_274)
FN:3025,(anonymous_275)
FN:3036,(anonymous_276)
FN:3047,(anonymous_277)
FN:3058,(anonymous_278)
FN:3069,(anonymous_279)
FN:3080,(anonymous_280)
FN:3091,(anonymous_281)
FN:3102,(anonymous_282)
FN:3113,(anonymous_283)
FN:3124,(anonymous_284)
FN:3135,(anonymous_285)
FN:3146,(anonymous_286)
FN:3157,(anonymous_287)
FN:3168,(anonymous_288)
FN:3179,(anonymous_289)
FN:3190,(anonymous_290)
FN:3201,(anonymous_291)
FN:3212,(anonymous_292)
FN:3223,(anonymous_293)
FN:3234,(anonymous_294)
FN:3245,(anonymous_295)
FN:3256,(anonymous_296)
FN:3267,(anonymous_297)
FN:3278,(anonymous_298)
FN:3289,(anonymous_299)
FN:3299,(anonymous_300)
FN:3310,(anonymous_301)
FN:3321,(anonymous_302)
FN:3332,(anonymous_303)
FN:3343,(anonymous_304)
FN:3354,(anonymous_305)
FN:3365,(anonymous_306)
FN:3376,(anonymous_307)
FN:3387,(anonymous_308)
FN:3398,(anonymous_309)
FN:3409,(anonymous_310)
FN:3420,(anonymous_311)
FN:3431,(anonymous_312)
FN:3442,(anonymous_313)
FN:3453,(anonymous_314)
FN:3464,(anonymous_315)
FN:3475,(anonymous_316)
FN:3486,(anonymous_317)
FN:3497,(anonymous_318)
FN:3508,(anonymous_319)
FN:3519,(anonymous_320)
FN:3530,(anonymous_321)
FN:3541,(anonymous_322)
FN:3552,(anonymous_323)
FN:3563,(anonymous_324)
FN:3574,(anonymous_325)
FN:3585,(anonymous_326)
FN:3596,(anonymous_327)
FN:3607,(anonymous_328)
FN:3618,(anonymous_329)
FN:3629,(anonymous_330)
FN:3640,(anonymous_331)
FN:3651,(anonymous_332)
FN:3662,(anonymous_333)
FN:3673,(anonymous_334)
FN:3684,(anonymous_335)
FN:3695,(anonymous_336)
FN:3706,(anonymous_337)
FN:3717,(anonymous_338)
FN:3728,(anonymous_339)
FN:3739,(anonymous_340)
FN:3750,(anonymous_341)
FN:3761,(anonymous_342)
FN:3772,(anonymous_343)
FN:3783,(anonymous_344)
FN:3794,(anonymous_345)
FN:3805,(anonymous_346)
FN:3816,(anonymous_347)
FN:3827,(anonymous_348)
FN:3838,(anonymous_349)
FN:3849,(anonymous_350)
FN:3860,(anonymous_351)
FN:3871,(anonymous_352)
FN:3882,(anonymous_353)
FN:3893,(anonymous_354)
FN:3904,(anonymous_355)
FN:3915,(anonymous_356)
FN:3926,(anonymous_357)
FN:3937,(anonymous_358)
FN:3948,(anonymous_359)
FN:3959,(anonymous_360)
FN:3970,(anonymous_361)
FN:3981,(anonymous_362)
FN:3992,(anonymous_363)
FN:4003,(anonymous_364)
FN:4014,(anonymous_365)
FN:4025,(anonymous_366)
FN:4036,(anonymous_367)
FN:4047,(anonymous_368)
FN:4058,(anonymous_369)
FN:4069,(anonymous_370)
FN:4079,(anonymous_371)
FN:4089,(anonymous_372)
FN:4100,(anonymous_373)
FN:4111,(anonymous_374)
FN:4122,(anonymous_375)
FN:4133,(anonymous_376)
FN:4144,(anonymous_377)
FN:4155,(anonymous_378)
FN:4166,(anonymous_379)
FN:4177,(anonymous_380)
FN:4188,(anonymous_381)
FN:4199,(anonymous_382)
FN:4210,(anonymous_383)
FN:4221,(anonymous_384)
FN:4232,(anonymous_385)
FN:4243,(anonymous_386)
FN:4254,(anonymous_387)
FN:4264,(anonymous_388)
FN:4275,(anonymous_389)
FN:4286,(anonymous_390)
FN:4297,(anonymous_391)
FN:4308,(anonymous_392)
FN:4319,(anonymous_393)
FN:4330,(anonymous_394)
FN:4341,(anonymous_395)
FN:4352,(anonymous_396)
FN:4363,(anonymous_397)
FN:4374,(anonymous_398)
FN:4387,__webpack_require__
FN:4412,(anonymous_400)
FN:4414,(anonymous_401)
FN:4416,(anonymous_402)
FN:4417,(anonymous_403)
FN:4424,(anonymous_404)
FN:4426,(anonymous_405)
FN:4436,(anonymous_406)
FN:4437,(anonymous_407)
FN:4448,(anonymous_408)
FN:4449,(anonymous_409)
FN:4454,(anonymous_410)
FN:4463,(anonymous_411)
FN:4464,(anonymous_412)
FN:4468,(anonymous_413)
FN:4470,(anonymous_414)
FNF:415
FNH:0
FNDA:0,(anonymous_0)
FNDA:0,(anonymous_1)
FNDA:0,(anonymous_2)
FNDA:0,(anonymous_3)
FNDA:0,(anonymous_4)
FNDA:0,(anonymous_5)
FNDA:0,(anonymous_6)
FNDA:0,(anonymous_7)
FNDA:0,(anonymous_8)
FNDA:0,(anonymous_9)
FNDA:0,(anonymous_10)
FNDA:0,(anonymous_11)
FNDA:0,(anonymous_12)
FNDA:0,(anonymous_13)
FNDA:0,(anonymous_14)
FNDA:0,(anonymous_15)
FNDA:0,(anonymous_16)
FNDA:0,(anonymous_17)
FNDA:0,(anonymous_18)
FNDA:0,(anonymous_19)
FNDA:0,(anonymous_20)
FNDA:0,(anonymous_21)
FNDA:0,(anonymous_22)
FNDA:0,(anonymous_23)
FNDA:0,(anonymous_24)
FNDA:0,(anonymous_25)
FNDA:0,(anonymous_26)
FNDA:0,(anonymous_27)
FNDA:0,(anonymous_28)
FNDA:0,(anonymous_29)
FNDA:0,(anonymous_30)
FNDA:0,(anonymous_31)
FNDA:0,(anonymous_32)
FNDA:0,(anonymous_33)
FNDA:0,(anonymous_34)
FNDA:0,(anonymous_35)
FNDA:0,(anonymous_36)
FNDA:0,(anonymous_37)
FNDA:0,(anonymous_38)
FNDA:0,(anonymous_39)
FNDA:0,(anonymous_40)
FNDA:0,(anonymous_41)
FNDA:0,(anonymous_42)
FNDA:0,(anonymous_43)
FNDA:0,(anonymous_44)
FNDA:0,(anonymous_45)
FNDA:0,(anonymous_46)
FNDA:0,(anonymous_47)
FNDA:0,(anonymous_48)
FNDA:0,(anonymous_49)
FNDA:0,(anonymous_50)
FNDA:0,(anonymous_51)
FNDA:0,(anonymous_52)
FNDA:0,(anonymous_53)
FNDA:0,(anonymous_54)
FNDA:0,(anonymous_55)
FNDA:0,(anonymous_56)
FNDA:0,(anonymous_57)
FNDA:0,(anonymous_58)
FNDA:0,(anonymous_59)
FNDA:0,(anonymous_60)
FNDA:0,(anonymous_61)
FNDA:0,(anonymous_62)
FNDA:0,(anonymous_63)
FNDA:0,(anonymous_64)
FNDA:0,(anonymous_65)
FNDA:0,(anonymous_66)
FNDA:0,(anonymous_67)
FNDA:0,(anonymous_68)
FNDA:0,(anonymous_69)
FNDA:0,(anonymous_70)
FNDA:0,(anonymous_71)
FNDA:0,(anonymous_72)
FNDA:0,(anonymous_73)
FNDA:0,(anonymous_74)
FNDA:0,(anonymous_75)
FNDA:0,(anonymous_76)
FNDA:0,(anonymous_77)
FNDA:0,(anonymous_78)
FNDA:0,(anonymous_79)
FNDA:0,(anonymous_80)
FNDA:0,(anonymous_81)
FNDA:0,(anonymous_82)
FNDA:0,(anonymous_83)
FNDA:0,(anonymous_84)
FNDA:0,(anonymous_85)
FNDA:0,(anonymous_86)
FNDA:0,(anonymous_87)
FNDA:0,(anonymous_88)
FNDA:0,(anonymous_89)
FNDA:0,(anonymous_90)
FNDA:0,(anonymous_91)
FNDA:0,(anonymous_92)
FNDA:0,(anonymous_93)
FNDA:0,(anonymous_94)
FNDA:0,(anonymous_95)
FNDA:0,(anonymous_96)
FNDA:0,(anonymous_97)
FNDA:0,(anonymous_98)
FNDA:0,(anonymous_99)
FNDA:0,(anonymous_100)
FNDA:0,(anonymous_101)
FNDA:0,(anonymous_102)
FNDA:0,(anonymous_103)
FNDA:0,(anonymous_104)
FNDA:0,(anonymous_105)
FNDA:0,(anonymous_106)
FNDA:0,(anonymous_107)
FNDA:0,(anonymous_108)
FNDA:0,(anonymous_109)
FNDA:0,(anonymous_110)
FNDA:0,(anonymous_111)
FNDA:0,(anonymous_112)
FNDA:0,(anonymous_113)
FNDA:0,(anonymous_114)
FNDA:0,(anonymous_115)
FNDA:0,(anonymous_116)
FNDA:0,(anonymous_117)
FNDA:0,(anonymous_118)
FNDA:0,(anonymous_119)
FNDA:0,(anonymous_120)
FNDA:0,(anonymous_121)
FNDA:0,(anonymous_122)
FNDA:0,(anonymous_123)
FNDA:0,(anonymous_124)
FNDA:0,(anonymous_125)
FNDA:0,(anonymous_126)
FNDA:0,(anonymous_127)
FNDA:0,(anonymous_128)
FNDA:0,(anonymous_129)
FNDA:0,(anonymous_130)
FNDA:0,(anonymous_131)
FNDA:0,(anonymous_132)
FNDA:0,(anonymous_133)
FNDA:0,(anonymous_134)
FNDA:0,(anonymous_135)
FNDA:0,(anonymous_136)
FNDA:0,(anonymous_137)
FNDA:0,(anonymous_138)
FNDA:0,(anonymous_139)
FNDA:0,(anonymous_140)
FNDA:0,(anonymous_141)
FNDA:0,(anonymous_142)
FNDA:0,(anonymous_143)
FNDA:0,(anonymous_144)
FNDA:0,(anonymous_145)
FNDA:0,(anonymous_146)
FNDA:0,(anonymous_147)
FNDA:0,(anonymous_148)
FNDA:0,(anonymous_149)
FNDA:0,(anonymous_150)
FNDA:0,(anonymous_151)
FNDA:0,(anonymous_152)
FNDA:0,(anonymous_153)
FNDA:0,(anonymous_154)
FNDA:0,(anonymous_155)
FNDA:0,(anonymous_156)
FNDA:0,(anonymous_157)
FNDA:0,(anonymous_158)
FNDA:0,(anonymous_159)
FNDA:0,(anonymous_160)
FNDA:0,(anonymous_161)
FNDA:0,(anonymous_162)
FNDA:0,(anonymous_163)
FNDA:0,(anonymous_164)
FNDA:0,(anonymous_165)
FNDA:0,(anonymous_166)
FNDA:0,(anonymous_167)
FNDA:0,(anonymous_168)
FNDA:0,(anonymous_169)
FNDA:0,(anonymous_170)
FNDA:0,(anonymous_171)
FNDA:0,(anonymous_172)
FNDA:0,(anonymous_173)
FNDA:0,(anonymous_174)
FNDA:0,(anonymous_175)
FNDA:0,(anonymous_176)
FNDA:0,(anonymous_177)
FNDA:0,(anonymous_178)
FNDA:0,(anonymous_179)
FNDA:0,(anonymous_180)
FNDA:0,(anonymous_181)
FNDA:0,(anonymous_182)
FNDA:0,(anonymous_183)
FNDA:0,(anonymous_184)
FNDA:0,(anonymous_185)
FNDA:0,(anonymous_186)
FNDA:0,(anonymous_187)
FNDA:0,(anonymous_188)
FNDA:0,(anonymous_189)
FNDA:0,(anonymous_190)
FNDA:0,(anonymous_191)
FNDA:0,(anonymous_192)
FNDA:0,(anonymous_193)
FNDA:0,(anonymous_194)
FNDA:0,(anonymous_195)
FNDA:0,(anonymous_196)
FNDA:0,(anonymous_197)
FNDA:0,(anonymous_198)
FNDA:0,(anonymous_199)
FNDA:0,(anonymous_200)
FNDA:0,(anonymous_201)
FNDA:0,(anonymous_202)
FNDA:0,(anonymous_203)
FNDA:0,(anonymous_204)
FNDA:0,(anonymous_205)
FNDA:0,(anonymous_206)
FNDA:0,(anonymous_207)
FNDA:0,(anonymous_208)
FNDA:0,(anonymous_209)
FNDA:0,(anonymous_210)
FNDA:0,(anonymous_211)
FNDA:0,(anonymous_212)
FNDA:0,(anonymous_213)
FNDA:0,(anonymous_214)
FNDA:0,(anonymous_215)
FNDA:0,(anonymous_216)
FNDA:0,(anonymous_217)
FNDA:0,(anonymous_218)
FNDA:0,(anonymous_219)
FNDA:0,(anonymous_220)
FNDA:0,(anonymous_221)
FNDA:0,(anonymous_222)
FNDA:0,(anonymous_223)
FNDA:0,(anonymous_224)
FNDA:0,(anonymous_225)
FNDA:0,(anonymous_226)
FNDA:0,(anonymous_227)
FNDA:0,(anonymous_228)
FNDA:0,(anonymous_229)
FNDA:0,(anonymous_230)
FNDA:0,(anonymous_231)
FNDA:0,(anonymous_232)
FNDA:0,(anonymous_233)
FNDA:0,(anonymous_234)
FNDA:0,(anonymous_235)
FNDA:0,(anonymous_236)
FNDA:0,(anonymous_237)
FNDA:0,(anonymous_238)
FNDA:0,(anonymous_239)
FNDA:0,(anonymous_240)
FNDA:0,(anonymous_241)
FNDA:0,(anonymous_242)
FNDA:0,(anonymous_243)
FNDA:0,(anonymous_244)
FNDA:0,(anonymous_245)
FNDA:0,(anonymous_246)
FNDA:0,(anonymous_247)
FNDA:0,(anonymous_248)
FNDA:0,(anonymous_249)
FNDA:0,(anonymous_250)
FNDA:0,(anonymous_251)
FNDA:0,(anonymous_252)
FNDA:0,(anonymous_253)
FNDA:0,(anonymous_254)
FNDA:0,(anonymous_255)
FNDA:0,(anonymous_256)
FNDA:0,(anonymous_257)
FNDA:0,(anonymous_258)
FNDA:0,(anonymous_259)
FNDA:0,(anonymous_260)
FNDA:0,(anonymous_261)
FNDA:0,(anonymous_262)
FNDA:0,(anonymous_263)
FNDA:0,(anonymous_264)
FNDA:0,(anonymous_265)
FNDA:0,(anonymous_266)
FNDA:0,(anonymous_267)
FNDA:0,(anonymous_268)
FNDA:0,(anonymous_269)
FNDA:0,(anonymous_270)
FNDA:0,(anonymous_271)
FNDA:0,(anonymous_272)
FNDA:0,(anonymous_273)
FNDA:0,(anonymous_274)
FNDA:0,(anonymous_275)
FNDA:0,(anonymous_276)
FNDA:0,(anonymous_277)
FNDA:0,(anonymous_278)
FNDA:0,(anonymous_279)
FNDA:0,(anonymous_280)
FNDA:0,(anonymous_281)
FNDA:0,(anonymous_282)
FNDA:0,(anonymous_283)
FNDA:0,(anonymous_284)
FNDA:0,(anonymous_285)
FNDA:0,(anonymous_286)
FNDA:0,(anonymous_287)
FNDA:0,(anonymous_288)
FNDA:0,(anonymous_289)
FNDA:0,(anonymous_290)
FNDA:0,(anonymous_291)
FNDA:0,(anonymous_292)
FNDA:0,(anonymous_293)
FNDA:0,(anonymous_294)
FNDA:0,(anonymous_295)
FNDA:0,(anonymous_296)
FNDA:0,(anonymous_297)
FNDA:0,(anonymous_298)
FNDA:0,(anonymous_299)
FNDA:0,(anonymous_300)
FNDA:0,(anonymous_301)
FNDA:0,(anonymous_302)
FNDA:0,(anonymous_303)
FNDA:0,(anonymous_304)
FNDA:0,(anonymous_305)
FNDA:0,(anonymous_306)
FNDA:0,(anonymous_307)
FNDA:0,(anonymous_308)
FNDA:0,(anonymous_309)
FNDA:0,(anonymous_310)
FNDA:0,(anonymous_311)
FNDA:0,(anonymous_312)
FNDA:0,(anonymous_313)
FNDA:0,(anonymous_314)
FNDA:0,(anonymous_315)
FNDA:0,(anonymous_316)
FNDA:0,(anonymous_317)
FNDA:0,(anonymous_318)
FNDA:0,(anonymous_319)
FNDA:0,(anonymous_320)
FNDA:0,(anonymous_321)
FNDA:0,(anonymous_322)
FNDA:0,(anonymous_323)
FNDA:0,(anonymous_324)
FNDA:0,(anonymous_325)
FNDA:0,(anonymous_326)
FNDA:0,(anonymous_327)
FNDA:0,(anonymous_328)
FNDA:0,(anonymous_329)
FNDA:0,(anonymous_330)
FNDA:0,(anonymous_331)
FNDA:0,(anonymous_332)
FNDA:0,(anonymous_333)
FNDA:0,(anonymous_334)
FNDA:0,(anonymous_335)
FNDA:0,(anonymous_336)
FNDA:0,(anonymous_337)
FNDA:0,(anonymous_338)
FNDA:0,(anonymous_339)
FNDA:0,(anonymous_340)
FNDA:0,(anonymous_341)
FNDA:0,(anonymous_342)
FNDA:0,(anonymous_343)
FNDA:0,(anonymous_344)
FNDA:0,(anonymous_345)
FNDA:0,(anonymous_346)
FNDA:0,(anonymous_347)
FNDA:0,(anonymous_348)
FNDA:0,(anonymous_349)
FNDA:0,(anonymous_350)
FNDA:0,(anonymous_351)
FNDA:0,(anonymous_352)
FNDA:0,(anonymous_353)
FNDA:0,(anonymous_354)
FNDA:0,(anonymous_355)
FNDA:0,(anonymous_356)
FNDA:0,(anonymous_357)
FNDA:0,(anonymous_358)
FNDA:0,(anonymous_359)
FNDA:0,(anonymous_360)
FNDA:0,(anonymous_361)
FNDA:0,(anonymous_362)
FNDA:0,(anonymous_363)
FNDA:0,(anonymous_364)
FNDA:0,(anonymous_365)
FNDA:0,(anonymous_366)
FNDA:0,(anonymous_367)
FNDA:0,(anonymous_368)
FNDA:0,(anonymous_369)
FNDA:0,(anonymous_370)
FNDA:0,(anonymous_371)
FNDA:0,(anonymous_372)
FNDA:0,(anonymous_373)
FNDA:0,(anonymous_374)
FNDA:0,(anonymous_375)
FNDA:0,(anonymous_376)
FNDA:0,(anonymous_377)
FNDA:0,(anonymous_378)
FNDA:0,(anonymous_379)
FNDA:0,(anonymous_380)
FNDA:0,(anonymous_381)
FNDA:0,(anonymous_382)
FNDA:0,(anonymous_383)
FNDA:0,(anonymous_384)
FNDA:0,(anonymous_385)
FNDA:0,(anonymous_386)
FNDA:0,(anonymous_387)
FNDA:0,(anonymous_388)
FNDA:0,(anonymous_389)
FNDA:0,(anonymous_390)
FNDA:0,(anonymous_391)
FNDA:0,(anonymous_392)
FNDA:0,(anonymous_393)
FNDA:0,(anonymous_394)
FNDA:0,(anonymous_395)
FNDA:0,(anonymous_396)
FNDA:0,(anonymous_397)
FNDA:0,(anonymous_398)
FNDA:0,__webpack_require__
FNDA:0,(anonymous_400)
FNDA:0,(anonymous_401)
FNDA:0,(anonymous_402)
FNDA:0,(anonymous_403)
FNDA:0,(anonymous_404)
FNDA:0,(anonymous_405)
FNDA:0,(anonymous_406)
FNDA:0,(anonymous_407)
FNDA:0,(anonymous_408)
FNDA:0,(anonymous_409)
FNDA:0,(anonymous_410)
FNDA:0,(anonymous_411)
FNDA:0,(anonymous_412)
FNDA:0,(anonymous_413)
FNDA:0,(anonymous_414)
DA:9,0
DA:10,0
DA:19,0
DA:30,0
DA:41,0
DA:52,0
DA:63,0
DA:74,0
DA:85,0
DA:96,0
DA:107,0
DA:118,0
DA:129,0
DA:140,0
DA:151,0
DA:162,0
DA:173,0
DA:184,0
DA:195,0
DA:206,0
DA:217,0
DA:228,0
DA:239,0
DA:250,0
DA:260,0
DA:270,0
DA:280,0
DA:291,0
DA:302,0
DA:313,0
DA:324,0
DA:335,0
DA:346,0
DA:357,0
DA:368,0
DA:379,0
DA:390,0
DA:401,0
DA:412,0
DA:423,0
DA:434,0
DA:445,0
DA:456,0
DA:467,0
DA:478,0
DA:489,0
DA:500,0
DA:511,0
DA:522,0
DA:533,0
DA:544,0
DA:555,0
DA:566,0
DA:577,0
DA:588,0
DA:599,0
DA:610,0
DA:621,0
DA:632,0
DA:643,0
DA:654,0
DA:665,0
DA:676,0
DA:687,0
DA:698,0
DA:709,0
DA:720,0
DA:731,0
DA:742,0
DA:753,0
DA:764,0
DA:775,0
DA:786,0
DA:797,0
DA:808,0
DA:819,0
DA:830,0
DA:841,0
DA:852,0
DA:863,0
DA:874,0
DA:885,0
DA:896,0
DA:907,0
DA:918,0
DA:929,0
DA:940,0
DA:951,0
DA:962,0
DA:973,0
DA:984,0
DA:995,0
DA:1006,0
DA:1017,0
DA:1028,0
DA:1039,0
DA:1050,0
DA:1061,0
DA:1072,0
DA:1083,0
DA:1094,0
DA:1105,0
DA:1116,0
DA:1127,0
DA:1138,0
DA:1149,0
DA:1160,0
DA:1171,0
DA:1182,0
DA:1193,0
DA:1204,0
DA:1215,0
DA:1226,0
DA:1237,0
DA:1248,0
DA:1259,0
DA:1270,0
DA:1281,0
DA:1292,0
DA:1303,0
DA:1314,0
DA:1325,0
DA:1336,0
DA:1347,0
DA:1358,0
DA:1369,0
DA:1380,0
DA:1391,0
DA:1402,0
DA:1413,0
DA:1424,0
DA:1435,0
DA:1446,0
DA:1457,0
DA:1468,0
DA:1479,0
DA:1490,0
DA:1501,0
DA:1512,0
DA:1523,0
DA:1534,0
DA:1545,0
DA:1556,0
DA:1567,0
DA:1578,0
DA:1589,0
DA:1600,0
DA:1611,0
DA:1622,0
DA:1633,0
DA:1644,0
DA:1655,0
DA:1666,0
DA:1677,0
DA:1688,0
DA:1699,0
DA:1710,0
DA:1721,0
DA:1732,0
DA:1743,0
DA:1754,0
DA:1765,0
DA:1776,0
DA:1787,0
DA:1798,0
DA:1809,0
DA:1820,0
DA:1831,0
DA:1842,0
DA:1853,0
DA:1864,0
DA:1875,0
DA:1886,0
DA:1897,0
DA:1908,0
DA:1919,0
DA:1930,0
DA:1941,0
DA:1952,0
DA:1963,0
DA:1974,0
DA:1985,0
DA:1996,0
DA:2007,0
DA:2018,0
DA:2029,0
DA:2040,0
DA:2051,0
DA:2062,0
DA:2073,0
DA:2084,0
DA:2095,0
DA:2106,0
DA:2116,0
DA:2127,0
DA:2138,0
DA:2149,0
DA:2160,0
DA:2171,0
DA:2182,0
DA:2193,0
DA:2204,0
DA:2215,0
DA:2226,0
DA:2237,0
DA:2248,0
DA:2259,0
DA:2270,0
DA:2281,0
DA:2292,0
DA:2303,0
DA:2314,0
DA:2325,0
DA:2336,0
DA:2347,0
DA:2358,0
DA:2369,0
DA:2380,0
DA:2391,0
DA:2402,0
DA:2413,0
DA:2424,0
DA:2435,0
DA:2446,0
DA:2457,0
DA:2468,0
DA:2479,0
DA:2490,0
DA:2501,0
DA:2512,0
DA:2523,0
DA:2534,0
DA:2545,0
DA:2556,0
DA:2567,0
DA:2578,0
DA:2589,0
DA:2600,0
DA:2611,0
DA:2622,0
DA:2633,0
DA:2644,0
DA:2655,0
DA:2666,0
DA:2677,0
DA:2688,0
DA:2699,0
DA:2710,0
DA:2721,0
DA:2732,0
DA:2743,0
DA:2754,0
DA:2765,0
DA:2775,0
DA:2786,0
DA:2797,0
DA:2808,0
DA:2819,0
DA:2830,0
DA:2841,0
DA:2852,0
DA:2863,0
DA:2874,0
DA:2885,0
DA:2896,0
DA:2907,0
DA:2918,0
DA:2929,0
DA:2940,0
DA:2951,0
DA:2962,0
DA:2973,0
DA:2984,0
DA:2995,0
DA:3006,0
DA:3017,0
DA:3028,0
DA:3039,0
DA:3050,0
DA:3061,0
DA:3072,0
DA:3083,0
DA:3094,0
DA:3105,0
DA:3116,0
DA:3127,0
DA:3138,0
DA:3149,0
DA:3160,0
DA:3171,0
DA:3182,0
DA:3193,0
DA:3204,0
DA:3215,0
DA:3226,0
DA:3237,0
DA:3248,0
DA:3259,0
DA:3270,0
DA:3281,0
DA:3291,0
DA:3302,0
DA:3313,0
DA:3324,0
DA:3335,0
DA:3346,0
DA:3357,0
DA:3368,0
DA:3379,0
DA:3390,0
DA:3401,0
DA:3412,0
DA:3423,0
DA:3434,0
DA:3445,0
DA:3456,0
DA:3467,0
DA:3478,0
DA:3489,0
DA:3500,0
DA:3511,0
DA:3522,0
DA:3533,0
DA:3544,0
DA:3555,0
DA:3566,0
DA:3577,0
DA:3588,0
DA:3599,0
DA:3610,0
DA:3621,0
DA:3632,0
DA:3643,0
DA:3654,0
DA:3665,0
DA:3676,0
DA:3687,0
DA:3698,0
DA:3709,0
DA:3720,0
DA:3731,0
DA:3742,0
DA:3753,0
DA:3764,0
DA:3775,0
DA:3786,0
DA:3797,0
DA:3808,0
DA:3819,0
DA:3830,0
DA:3841,0
DA:3852,0
DA:3863,0
DA:3874,0
DA:3885,0
DA:3896,0
DA:3907,0
DA:3918,0
DA:3929,0
DA:3940,0
DA:3951,0
DA:3962,0
DA:3973,0
DA:3984,0
DA:3995,0
DA:4006,0
DA:4017,0
DA:4028,0
DA:4039,0
DA:4050,0
DA:4061,0
DA:4071,0
DA:4081,0
DA:4092,0
DA:4103,0
DA:4114,0
DA:4125,0
DA:4136,0
DA:4147,0
DA:4158,0
DA:4169,0
DA:4180,0
DA:4191,0
DA:4202,0
DA:4213,0
DA:4224,0
DA:4235,0
DA:4246,0
DA:4256,0
DA:4267,0
DA:4278,0
DA:4289,0
DA:4300,0
DA:4311,0
DA:4322,0
DA:4333,0
DA:4344,0
DA:4355,0
DA:4366,0
DA:4377,0
DA:4384,0
DA:4389,0
DA:4390,0
DA:4391,0
DA:4394,0
DA:4401,0
DA:4404,0
DA:4407,0
DA:4412,0
DA:4414,0
DA:4415,0
DA:4416,0
DA:4417,0
DA:4418,0
DA:4419,0
DA:4424,0
DA:4426,0
DA:4427,0
DA:4428,0
DA:4429,0
DA:4436,0
DA:4437,0
DA:4438,0
DA:4439,0
DA:4440,0
DA:4442,0
DA:4448,0
DA:4449,0
DA:4450,0
DA:4451,0
DA:4452,0
DA:4455,0
DA:4458,0
DA:4463,0
DA:4464,0
DA:4468,0
DA:4470,0
DA:4471,0
DA:4472,0
DA:4474,0
DA:4483,0
DA:4484,0
LF:442
LH:0
BRDA:4390,0,0,0
BRDA:4390,0,1,0
BRDA:4415,1,0,0
BRDA:4415,1,1,0
BRDA:4415,2,0,0
BRDA:4415,2,1,0
BRDA:4428,3,0,0
BRDA:4428,3,1,0
BRDA:4428,4,0,0
BRDA:4428,4,1,0
BRDA:4438,5,0,0
BRDA:4438,5,1,0
BRDA:4440,6,0,0
BRDA:4440,6,1,0
BRDA:4442,7,0,0
BRDA:4442,7,1,0
BRDA:4451,8,0,0
BRDA:4451,8,1,0
BRDA:4471,9,0,0
BRDA:4471,9,1,0
BRDA:4471,10,0,0
BRDA:4471,10,1,0
BRF:22
BRH:0
end_of_record
TN:
SF:client/src/index.jsx
FNF:0
FNH:0
DA:8,0
DA:9,0
LF:2
LH:0
BRF:0
BRH:0
end_of_record
TN:
SF:client/src/store.js
FNF:0
FNH:0
DA:22,0
DA:24,0
LF:2
LH:0
BRDA:22,0,0,0
BRDA:22,0,1,0
BRF:2
BRH:0
end_of_record
TN:
SF:client/src/components/App.jsx
FN:15,(anonymous_0)
FN:17,(anonymous_1)
FN:19,(anonymous_2)
FN:21,(anonymous_3)
FN:29,(anonymous_4)
FN:31,(anonymous_5)
FN:32,(anonymous_6)
FNF:7
FNH:0
FNDA:0,(anonymous_0)
FNDA:0,(anonymous_1)
FNDA:0,(anonymous_2)
FNDA:0,(anonymous_3)
FNDA:0,(anonymous_4)
FNDA:0,(anonymous_5)
FNDA:0,(anonymous_6)
DA:15,0
DA:16,0
DA:17,0
DA:19,0
DA:20,0
DA:22,0
DA:23,0
DA:24,0
DA:25,0
DA:29,0
DA:30,0
DA:31,0
DA:32,0
DA:33,0
DA:37,0
LF:15
LH:0
BRF:0
BRH:0
end_of_record
TN:
SF:client/src/components/Header.jsx
FN:24,(anonymous_0)
FN:25,(anonymous_1)
FN:29,(anonymous_2)
FN:35,(anonymous_3)
FN:65,(anonymous_4)
FNF:5
FNH:0
FNDA:0,(anonymous_0)
FNDA:0,(anonymous_1)
FNDA:0,(anonymous_2)
FNDA:0,(anonymous_3)
FNDA:0,(anonymous_4)
DA:7,0
DA:15,0
DA:24,0
DA:25,0
DA:26,0
DA:27,0
DA:29,0
DA:30,0
DA:31,0
DA:32,0
DA:35,0
DA:36,0
DA:51,0
DA:65,0
LF:14
LH:0
BRF:0
BRH:0
end_of_record
TN:
SF:client/src/components/Home.jsx
FN:31,(anonymous_0)
FNF:1
FNH:0
FNDA:0,(anonymous_0)
DA:14,0
DA:31,0
DA:32,0
DA:33,0
DA:34,0
LF:5
LH:0
BRF:0
BRH:0
end_of_record
TN:
SF:client/src/components/LogIn.jsx
FN:15,Copyright
FN:27,(anonymous_1)
FN:47,(anonymous_2)
FN:56,(anonymous_3)
FN:63,(anonymous_4)
FN:67,(anonymous_5)
FN:140,(anonymous_6)
FNF:7
FNH:0
FNDA:0,Copyright
FNDA:0,(anonymous_1)
FNDA:0,(anonymous_2)
FNDA:0,(anonymous_3)
FNDA:0,(anonymous_4)
FNDA:0,(anonymous_5)
FNDA:0,(anonymous_6)
DA:16,0
DA:27,0
DA:47,0
DA:48,0
DA:49,0
DA:50,0
DA:51,0
DA:56,0
DA:57,0
DA:63,0
DA:64,0
DA:67,0
DA:68,0
DA:69,0
DA:70,0
DA:74,0
DA:75,0
DA:76,0
DA:79,0
DA:83,0
DA:140,0
LF:21
LH:0
BRDA:74,0,0,0
BRDA:74,0,1,0
BRF:2
BRH:0
end_of_record
TN:
SF:client/src/components/Map.jsx
FN:6,(anonymous_0)
FN:7,(anonymous_1)
FN:26,(anonymous_2)
FN:33,(anonymous_3)
FN:47,(anonymous_4)
FN:58,(anonymous_5)
FN:60,(anonymous_6)
FN:66,(anonymous_7)
FN:70,(anonymous_8)
FN:72,(anonymous_9)
FN:87,(anonymous_10)
FNF:11
FNH:0
FNDA:0,(anonymous_0)
FNDA:0,(anonymous_1)
FNDA:0,(anonymous_2)
FNDA:0,(anonymous_3)
FNDA:0,(anonymous_4)
FNDA:0,(anonymous_5)
FNDA:0,(anonymous_6)
FNDA:0,(anonymous_7)
FNDA:0,(anonymous_8)
FNDA:0,(anonymous_9)
FNDA:0,(anonymous_10)
DA:6,0
DA:7,0
DA:8,0
DA:9,0
DA:11,0
DA:12,0
DA:13,0
DA:14,0
DA:15,0
DA:21,0
DA:26,0
DA:27,0
DA:28,0
DA:29,0
DA:30,0
DA:33,0
DA:34,0
DA:47,0
DA:48,0
DA:50,0
DA:51,0
DA:53,0
DA:58,0
DA:59,0
DA:62,0
DA:66,0
DA:67,0
DA:70,0
DA:71,0
DA:73,0
DA:77,0
DA:89,0
DA:90,0
DA:91,0
DA:92,0
DA:93,0
DA:95,0
LF:37
LH:0
BRDA:8,0,0,0
BRDA:8,0,1,0
BRDA:92,1,0,0
BRDA:92,1,1,0
BRF:4
BRH:0
end_of_record
TN:
SF:client/src/components/NewRequestModal.jsx
FN:23,NewRequestModal
FN:25,(anonymous_1)
FN:26,(anonymous_2)
FN:27,(anonymous_3)
FN:28,(anonymous_4)
FN:55,(anonymous_5)
FN:78,(anonymous_6)
FN:82,(anonymous_7)
FN:84,(anonymous_8)
FN:99,resetReqAndErr
FN:119,validate
FN:152,(anonymous_11)
FN:157,(anonymous_12)
FN:159,(anonymous_13)
FN:163,(anonymous_14)
FN:169,(anonymous_15)
FN:171,(anonymous_16)
FN:175,(anonymous_17)
FN:182,handleSubmit
FNF:19
FNH:0
FNDA:0,NewRequestModal
FNDA:0,(anonymous_1)
FNDA:0,(anonymous_2)
FNDA:0,(anonymous_3)
FNDA:0,(anonymous_4)
FNDA:0,(anonymous_5)
FNDA:0,(anonymous_6)
FNDA:0,(anonymous_7)
FNDA:0,(anonymous_8)
FNDA:0,resetReqAndErr
FNDA:0,validate
FNDA:0,(anonymous_11)
FNDA:0,(anonymous_12)
FNDA:0,(anonymous_13)
FNDA:0,(anonymous_14)
FNDA:0,(anonymous_15)
FNDA:0,(anonymous_16)
FNDA:0,(anonymous_17)
FNDA:0,handleSubmit
DA:24,0
DA:25,0
DA:26,0
DA:27,0
DA:28,0
DA:29,0
DA:31,0
DA:32,0
DA:33,0
DA:34,0
DA:35,0
DA:36,0
DA:38,0
DA:55,0
DA:56,0
DA:57,0
DA:58,0
DA:59,0
DA:61,0
DA:78,0
DA:79,0
DA:82,0
DA:84,0
DA:85,0
DA:86,0
DA:91,0
DA:100,0
DA:115,0
DA:120,0
DA:121,0
DA:122,0
DA:124,0
DA:125,0
DA:126,0
DA:127,0
DA:129,0
DA:130,0
DA:132,0
DA:133,0
DA:135,0
DA:136,0
DA:138,0
DA:139,0
DA:141,0
DA:142,0
DA:144,0
DA:145,0
DA:146,0
DA:147,0
DA:149,0
DA:152,0
DA:153,0
DA:154,0
DA:157,0
DA:158,0
DA:160,0
DA:161,0
DA:164,0
DA:165,0
DA:169,0
DA:170,0
DA:172,0
DA:173,0
DA:176,0
DA:177,0
DA:183,0
DA:184,0
DA:185,0
DA:186,0
DA:187,0
DA:188,0
DA:189,0
DA:191,0
DA:194,0
DA:198,0
LF:75
LH:0
BRDA:57,0,0,0
BRDA:57,0,1,0
BRDA:67,1,0,0
BRDA:67,1,1,0
BRDA:68,2,0,0
BRDA:68,2,1,0
BRDA:69,3,0,0
BRDA:69,3,1,0
BRDA:70,4,0,0
BRDA:70,4,1,0
BRDA:71,5,0,0
BRDA:71,5,1,0
BRDA:72,6,0,0
BRDA:72,6,1,0
BRDA:73,7,0,0
BRDA:73,7,1,0
BRDA:74,8,0,0
BRDA:74,8,1,0
BRDA:85,9,0,0
BRDA:85,9,1,0
BRDA:85,10,0,0
BRDA:85,10,1,0
BRDA:121,11,0,0
BRDA:121,11,1,0
BRDA:124,12,0,0
BRDA:124,12,1,0
BRDA:126,13,0,0
BRDA:126,13,1,0
BRDA:129,14,0,0
BRDA:129,14,1,0
BRDA:132,15,0,0
BRDA:132,15,1,0
BRDA:135,16,0,0
BRDA:135,16,1,0
BRDA:138,17,0,0
BRDA:138,17,1,0
BRDA:141,18,0,0
BRDA:141,18,1,0
BRDA:144,19,0,0
BRDA:144,19,1,0
BRDA:146,20,0,0
BRDA:146,20,1,0
BRDA:185,21,0,0
BRDA:185,21,1,0
BRDA:188,22,0,0
BRDA:188,22,1,0
BRDA:223,23,0,0
BRDA:223,23,1,0
BRDA:224,24,0,0
BRDA:224,24,1,0
BRDA:238,25,0,0
BRDA:238,25,1,0
BRDA:239,26,0,0
BRDA:239,26,1,0
BRDA:252,27,0,0
BRDA:252,27,1,0
BRDA:253,28,0,0
BRDA:253,28,1,0
BRDA:266,29,0,0
BRDA:266,29,1,0
BRDA:267,30,0,0
BRDA:267,30,1,0
BRDA:300,31,0,0
BRDA:300,31,1,0
BRDA:310,32,0,0
BRDA:310,32,1,0
BRDA:328,33,0,0
BRDA:328,33,1,0
BRDA:329,34,0,0
BRDA:329,34,1,0
BRDA:356,35,0,0
BRDA:356,35,1,0
BRDA:357,36,0,0
BRDA:357,36,1,0
BRDA:373,37,0,0
BRDA:373,37,1,0
BRDA:374,38,0,0
BRDA:374,38,1,0
BRDA:391,39,0,0
BRDA:391,39,1,0
BRDA:392,40,0,0
BRDA:392,40,1,0
BRF:82
BRH:0
end_of_record
TN:
SF:client/src/components/PrivateRoute.jsx
FN:8,PrivateRoute
FN:10,(anonymous_1)
FN:13,checkForSession
FN:19,(anonymous_3)
FN:23,(anonymous_4)
FN:29,(anonymous_5)
FNF:6
FNH:0
FNDA:0,PrivateRoute
FNDA:0,(anonymous_1)
FNDA:0,checkForSession
FNDA:0,(anonymous_3)
FNDA:0,(anonymous_4)
FNDA:0,(anonymous_5)
DA:9,0
DA:10,0
DA:11,0
DA:14,0
DA:15,0
DA:20,0
DA:21,0
DA:24,0
DA:25,0
DA:29,0
DA:30,0
DA:33,0
DA:49,0
LF:13
LH:0
BRDA:34,0,0,0
BRDA:34,0,1,0
BRDA:36,1,0,0
BRDA:36,1,1,0
BRF:4
BRH:0
end_of_record
TN:
SF:client/src/components/Sidebar.jsx
FN:34,(anonymous_0)
FN:39,(anonymous_1)
FN:45,(anonymous_2)
FN:51,(anonymous_3)
FN:57,(anonymous_4)
FN:63,(anonymous_5)
FN:67,(anonymous_6)
FN:75,(anonymous_7)
FNF:8
FNH:0
FNDA:0,(anonymous_0)
FNDA:0,(anonymous_1)
FNDA:0,(anonymous_2)
FNDA:0,(anonymous_3)
FNDA:0,(anonymous_4)
FNDA:0,(anonymous_5)
FNDA:0,(anonymous_6)
FNDA:0,(anonymous_7)
DA:24,0
DA:30,0
DA:34,0
DA:35,0
DA:36,0
DA:37,0
DA:39,0
DA:40,0
DA:41,0
DA:42,0
DA:45,0
DA:46,0
DA:47,0
DA:48,0
DA:51,0
DA:52,0
DA:53,0
DA:54,0
DA:57,0
DA:58,0
DA:59,0
DA:60,0
DA:63,0
DA:64,0
DA:67,0
DA:68,0
DA:75,0
DA:76,0
DA:77,0
DA:80,0
LF:30
LH:0
BRF:0
BRH:0
end_of_record
TN:
SF:client/src/components/SignUp.jsx
FN:15,Copyright
FN:27,(anonymous_1)
FN:47,(anonymous_2)
FN:63,(anonymous_3)
FN:70,(anonymous_4)
FN:74,(anonymous_5)
FN:88,(anonymous_6)
FN:93,(anonymous_7)
FN:98,(anonymous_8)
FN:107,(anonymous_9)
FN:111,(anonymous_10)
FN:248,(anonymous_11)
FNF:12
FNH:0
FNDA:0,Copyright
FNDA:0,(anonymous_1)
FNDA:0,(anonymous_2)
FNDA:0,(anonymous_3)
FNDA:0,(anonymous_4)
FNDA:0,(anonymous_5)
FNDA:0,(anonymous_6)
FNDA:0,(anonymous_7)
FNDA:0,(anonymous_8)
FNDA:0,(anonymous_9)
FNDA:0,(anonymous_10)
FNDA:0,(anonymous_11)
DA:16,0
DA:27,0
DA:47,0
DA:48,0
DA:49,0
DA:50,0
DA:61,0
DA:63,0
DA:64,0
DA:70,0
DA:71,0
DA:74,0
DA:75,0
DA:76,0
DA:87,0
DA:89,0
DA:90,0
DA:92,0
DA:94,0
DA:99,0
DA:100,0
DA:102,0
DA:104,0
DA:107,0
DA:111,0
DA:114,0
DA:248,0
LF:27
LH:0
BRDA:89,0,0,0
BRDA:89,0,1,0
BRDA:99,1,0,0
BRDA:99,1,1,0
BRF:4
BRH:0
end_of_record
TN:
SF:client/src/components/styles-App.js
FNF:0
FNH:0
DA:3,0
DA:12,0
LF:2
LH:0
BRF:0
BRH:0
end_of_record
TN:
SF:client/src/components/ActiveTask/MyActive/ActiveModal.jsx
FN:18,(anonymous_0)
FN:24,(anonymous_1)
FN:28,(anonymous_2)
FN:29,(anonymous_3)
FN:30,(anonymous_4)
FN:33,(anonymous_5)
FN:51,(anonymous_6)
FN:54,(anonymous_7)
FN:55,(anonymous_8)
FN:56,(anonymous_9)
FNF:10
FNH:0
FNDA:0,(anonymous_0)
FNDA:0,(anonymous_1)
FNDA:0,(anonymous_2)
FNDA:0,(anonymous_3)
FNDA:0,(anonymous_4)
FNDA:0,(anonymous_5)
FNDA:0,(anonymous_6)
FNDA:0,(anonymous_7)
FNDA:0,(anonymous_8)
FNDA:0,(anonymous_9)
DA:12,0
DA:18,0
DA:19,0
DA:20,0
DA:21,0
DA:22,0
DA:24,0
DA:25,0
DA:26,0
DA:28,0
DA:29,0
DA:30,0
DA:32,0
DA:33,0
DA:34,0
DA:36,0
DA:37,0
DA:38,0
DA:39,0
DA:40,0
DA:41,0
DA:42,0
DA:43,0
DA:44,0
DA:45,0
DA:49,0
DA:51,0
DA:52,0
DA:53,0
DA:54,0
DA:55,0
DA:56,0
DA:59,0
LF:33
LH:0
BRDA:36,0,0,0
BRDA:36,0,1,0
BRDA:38,1,0,0
BRDA:38,1,1,0
BRDA:40,2,0,0
BRDA:40,2,1,0
BRDA:42,3,0,0
BRDA:42,3,1,0
BRDA:44,4,0,0
BRDA:44,4,1,0
BRDA:87,5,0,0
BRDA:87,5,1,0
BRF:12
BRH:0
end_of_record
TN:
SF:client/src/components/ActiveTask/MyActive/MyActiveRequest.jsx
FN:17,(anonymous_0)
FN:19,(anonymous_1)
FNF:2
FNH:0
FNDA:0,(anonymous_0)
FNDA:0,(anonymous_1)
DA:17,0
DA:19,0
DA:21,0
DA:29,0
LF:4
LH:0
BRF:0
BRH:0
end_of_record
TN:
SF:client/src/components/ActiveTask/MyActive/YourHelper.jsx
FN:53,(anonymous_0)
FN:55,(anonymous_1)
FN:58,(anonymous_2)
FN:60,(anonymous_3)
FN:61,(anonymous_4)
FNF:5
FNH:0
FNDA:0,(anonymous_0)
FNDA:0,(anonymous_1)
FNDA:0,(anonymous_2)
FNDA:0,(anonymous_3)
FNDA:0,(anonymous_4)
DA:13,0
DA:24,0
DA:32,0
DA:40,0
DA:47,0
DA:53,0
DA:54,0
DA:55,0
DA:56,0
DA:58,0
DA:59,0
DA:60,0
DA:61,0
DA:65,0
LF:14
LH:0
BRDA:79,0,0,0
BRDA:79,0,1,0
BRF:2
BRH:0
end_of_record
TN:
SF:client/src/components/ActiveTask/YouAreHelping/Active.jsx
FN:15,(anonymous_0)
FN:16,(anonymous_1)
FNF:2
FNH:0
FNDA:0,(anonymous_0)
FNDA:0,(anonymous_1)
DA:15,0
DA:16,0
DA:17,0
DA:18,0
LF:4
LH:0
BRF:0
BRH:0
end_of_record
TN:
SF:client/src/components/ActiveTask/YouAreHelping/MarkFinishModal.jsx
FN:16,(anonymous_0)
FN:20,(anonymous_1)
FN:21,(anonymous_2)
FN:22,(anonymous_3)
FNF:4
FNH:0
FNDA:0,(anonymous_0)
FNDA:0,(anonymous_1)
FNDA:0,(anonymous_2)
FNDA:0,(anonymous_3)
DA:10,0
DA:16,0
DA:17,0
DA:18,0
DA:20,0
DA:21,0
DA:22,0
DA:24,0
DA:26,0
LF:9
LH:0
BRF:0
BRH:0
end_of_record
TN:
SF:client/src/components/ActiveTask/YouAreHelping/YouAreHelping.jsx
FN:43,(anonymous_0)
FN:44,(anonymous_1)
FNF:2
FNH:0
FNDA:0,(anonymous_0)
FNDA:0,(anonymous_1)
DA:9,0
DA:20,0
DA:28,0
DA:36,0
DA:43,0
DA:44,0
DA:46,0
LF:7
LH:0
BRF:0
BRH:0
end_of_record
TN:
SF:client/src/components/AppHooks/apiHooks.js
FNF:0
FNH:0
DA:4,0
LF:1
LH:0
BRF:0
BRH:0
end_of_record
TN:
SF:client/src/components/AppReducers/addRequestModalReducer.js
FN:3,(anonymous_0)
FNF:1
FNH:0
FNDA:0,(anonymous_0)
DA:1,0
DA:3,0
DA:4,0
DA:6,0
DA:8,0
LF:5
LH:0
BRDA:3,0,0,0
BRDA:4,1,0,0
BRDA:4,1,1,0
BRF:3
BRH:0
end_of_record
TN:
SF:client/src/components/AppReducers/currentPageReducer.js
FN:3,(anonymous_0)
FNF:1
FNH:0
FNDA:0,(anonymous_0)
DA:1,0
DA:3,0
DA:4,0
DA:6,0
DA:8,0
LF:5
LH:0
BRDA:3,0,0,0
BRDA:4,1,0,0
BRDA:4,1,1,0
BRF:3
BRH:0
end_of_record
TN:
SF:client/src/components/AppReducers/currentUserReducer.js
FN:8,(anonymous_0)
FNF:1
FNH:0
FNDA:0,(anonymous_0)
DA:1,0
DA:8,0
DA:9,0
DA:11,0
DA:15,0
LF:5
LH:0
BRDA:8,0,0,0
BRDA:9,1,0,0
BRDA:9,1,1,0
BRF:3
BRH:0
end_of_record
TN:
SF:client/src/components/AppReducers/locationReducer.js
FN:3,(anonymous_0)
FNF:1
FNH:0
FNDA:0,(anonymous_0)
DA:1,0
DA:3,0
DA:4,0
DA:6,0
DA:8,0
LF:5
LH:0
BRDA:3,0,0,0
BRDA:4,1,0,0
BRDA:4,1,1,0
BRF:3
BRH:0
end_of_record
TN:
SF:client/src/components/AppReducers/showSelectedReducer.js
FN:3,(anonymous_0)
FNF:1
FNH:0
FNDA:0,(anonymous_0)
DA:1,0
DA:3,0
DA:4,0
DA:6,0
DA:8,0
LF:5
LH:0
BRDA:3,0,0,0
BRDA:4,1,0,0
BRDA:4,1,1,0
BRF:3
BRH:0
end_of_record
TN:
SF:client/src/components/Chat/Chat.jsx
FN:12,(anonymous_0)
FN:13,(anonymous_1)
FN:22,(anonymous_2)
FN:34,(anonymous_3)
FN:38,(anonymous_4)
FN:42,(anonymous_5)
FN:56,(anonymous_6)
FN:78,(anonymous_7)
FN:93,(anonymous_8)
FN:101,(anonymous_9)
FN:106,(anonymous_10)
FN:111,(anonymous_11)
FN:114,(anonymous_12)
FN:118,(anonymous_13)
FN:142,(anonymous_14)
FN:155,(anonymous_15)
FN:156,(anonymous_16)
FN:157,(anonymous_17)
FN:160,(anonymous_18)
FN:162,(anonymous_19)
FN:169,(anonymous_20)
FN:182,(anonymous_21)
FN:201,(anonymous_22)
FNF:23
FNH:0
FNDA:0,(anonymous_0)
FNDA:0,(anonymous_1)
FNDA:0,(anonymous_2)
FNDA:0,(anonymous_3)
FNDA:0,(anonymous_4)
FNDA:0,(anonymous_5)
FNDA:0,(anonymous_6)
FNDA:0,(anonymous_7)
FNDA:0,(anonymous_8)
FNDA:0,(anonymous_9)
FNDA:0,(anonymous_10)
FNDA:0,(anonymous_11)
FNDA:0,(anonymous_12)
FNDA:0,(anonymous_13)
FNDA:0,(anonymous_14)
FNDA:0,(anonymous_15)
FNDA:0,(anonymous_16)
FNDA:0,(anonymous_17)
FNDA:0,(anonymous_18)
FNDA:0,(anonymous_19)
FNDA:0,(anonymous_20)
FNDA:0,(anonymous_21)
FNDA:0,(anonymous_22)
DA:10,0
DA:12,0
DA:13,0
DA:14,0
DA:15,0
DA:16,0
DA:22,0
DA:23,0
DA:25,0
DA:26,0
DA:27,0
DA:28,0
DA:29,0
DA:30,0
DA:32,0
DA:34,0
DA:35,0
DA:38,0
DA:39,0
DA:42,0
DA:43,0
DA:44,0
DA:45,0
DA:48,0
DA:49,0
DA:50,0
DA:53,0
DA:56,0
DA:59,0
DA:60,0
DA:61,0
DA:62,0
DA:63,0
DA:65,0
DA:66,0
DA:68,0
DA:76,0
DA:78,0
DA:86,0
DA:87,0
DA:88,0
DA:89,0
DA:93,0
DA:96,0
DA:97,0
DA:98,0
DA:99,0
DA:100,0
DA:102,0
DA:106,0
DA:111,0
DA:114,0
DA:118,0
DA:119,0
DA:120,0
DA:128,0
DA:136,0
DA:142,0
DA:143,0
DA:144,0
DA:145,0
DA:147,0
DA:153,0
DA:154,0
DA:155,0
DA:156,0
DA:157,0
DA:160,0
DA:161,0
DA:163,0
DA:167,0
DA:169,0
DA:170,0
DA:171,0
DA:172,0
DA:175,0
DA:176,0
DA:179,0
DA:185,0
DA:189,0
DA:190,0
DA:192,0
DA:194,0
DA:203,0
LF:84
LH:0
BRDA:15,0,0,0
BRDA:15,0,1,0
BRDA:48,1,0,0
BRDA:48,1,1,0
BRDA:171,2,0,0
BRDA:171,2,1,0
BRDA:189,3,0,0
BRDA:189,3,1,0
BRF:8
BRH:0
end_of_record
TN:
SF:client/src/components/Chat/Message.jsx
FN:12,(anonymous_0)
FNF:1
FNH:0
FNDA:0,(anonymous_0)
DA:6,0
DA:12,0
DA:16,0
DA:18,0
DA:23,0
DA:29,0
DA:38,0
DA:42,0
DA:43,0
DA:53,0
DA:64,0
DA:72,0
DA:85,0
DA:86,0
LF:14
LH:0
BRDA:42,0,0,0
BRDA:42,0,1,0
BRF:2
BRH:0
end_of_record
TN:
SF:client/src/components/Helpful/HelpfulFeed.jsx
FN:9,(anonymous_0)
FN:14,(anonymous_1)
FN:16,(anonymous_2)
FN:19,(anonymous_3)
FN:22,(anonymous_4)
FN:58,(anonymous_5)
FNF:6
FNH:0
FNDA:0,(anonymous_0)
FNDA:0,(anonymous_1)
FNDA:0,(anonymous_2)
FNDA:0,(anonymous_3)
FNDA:0,(anonymous_4)
FNDA:0,(anonymous_5)
DA:9,0
DA:10,0
DA:12,0
DA:14,0
DA:15,0
DA:17,0
DA:19,0
DA:22,0
DA:24,0
DA:25,0
DA:26,0
DA:28,0
DA:30,0
DA:58,0
LF:14
LH:0
BRF:0
BRH:0
end_of_record
TN:
SF:client/src/components/Helpful/User.jsx
FN:30,(anonymous_0)
FN:35,(anonymous_1)
FN:36,(anonymous_2)
FNF:3
FNH:0
FNDA:0,(anonymous_0)
FNDA:0,(anonymous_1)
FNDA:0,(anonymous_2)
DA:9,0
DA:19,0
DA:26,0
DA:30,0
DA:31,0
DA:33,0
DA:35,0
DA:36,0
DA:38,0
LF:9
LH:0
BRF:0
BRH:0
end_of_record
TN:
SF:client/src/components/MainFeed/MakeARequest.jsx
FN:65,(anonymous_0)
FN:67,(anonymous_1)
FN:68,(anonymous_2)
FN:72,(anonymous_3)
FNF:4
FNH:0
FNDA:0,(anonymous_0)
FNDA:0,(anonymous_1)
FNDA:0,(anonymous_2)
FNDA:0,(anonymous_3)
DA:16,0
DA:38,0
DA:47,0
DA:53,0
DA:65,0
DA:66,0
DA:67,0
DA:68,0
DA:69,0
DA:72,0
DA:73,0
DA:102,0
LF:12
LH:0
BRF:0
BRH:0
end_of_record
TN:
SF:client/src/components/MainFeed/MyRequest.jsx
FN:30,(anonymous_0)
FN:32,(anonymous_1)
FN:40,(anonymous_2)
FN:51,(anonymous_3)
FN:59,(anonymous_4)
FN:64,(anonymous_5)
FNF:6
FNH:0
FNDA:0,(anonymous_0)
FNDA:0,(anonymous_1)
FNDA:0,(anonymous_2)
FNDA:0,(anonymous_3)
FNDA:0,(anonymous_4)
FNDA:0,(anonymous_5)
DA:24,0
DA:30,0
DA:31,0
DA:32,0
DA:33,0
DA:39,0
DA:40,0
DA:41,0
DA:42,0
DA:43,0
DA:47,0
DA:48,0
DA:51,0
DA:52,0
DA:53,0
DA:54,0
DA:55,0
DA:56,0
DA:59,0
DA:60,0
DA:61,0
DA:64,0
DA:66,0
DA:67,0
DA:71,0
DA:72,0
DA:75,0
DA:106,0
LF:28
LH:0
BRDA:41,0,0,0
BRDA:41,0,1,0
BRDA:42,1,0,0
BRDA:42,1,1,0
BRDA:52,2,0,0
BRDA:52,2,1,0
BRDA:53,3,0,0
BRDA:53,3,1,0
BRDA:54,4,0,0
BRDA:54,4,1,0
BRDA:55,5,0,0
BRDA:55,5,1,0
BRDA:56,6,0,0
BRDA:56,6,1,0
BRDA:66,7,0,0
BRDA:66,7,1,0
BRDA:85,8,0,0
BRDA:85,8,1,0
BRDA:86,9,0,0
BRDA:86,9,1,0
BRDA:88,10,0,0
BRDA:88,10,1,0
BRDA:89,11,0,0
BRDA:89,11,1,0
BRDA:96,12,0,0
BRDA:96,12,1,0
BRF:26
BRH:0
end_of_record
TN:
SF:client/src/components/MainFeed/MyTask.jsx
FN:29,(anonymous_0)
FN:32,(anonymous_1)
FN:38,(anonymous_2)
FN:46,(anonymous_3)
FN:54,(anonymous_4)
FN:59,(anonymous_5)
FNF:6
FNH:0
FNDA:0,(anonymous_0)
FNDA:0,(anonymous_1)
FNDA:0,(anonymous_2)
FNDA:0,(anonymous_3)
FNDA:0,(anonymous_4)
FNDA:0,(anonymous_5)
DA:23,0
DA:29,0
DA:30,0
DA:31,0
DA:32,0
DA:37,0
DA:38,0
DA:39,0
DA:40,0
DA:44,0
DA:45,0
DA:46,0
DA:47,0
DA:48,0
DA:49,0
DA:50,0
DA:51,0
DA:54,0
DA:55,0
DA:56,0
DA:59,0
DA:60,0
DA:61,0
DA:65,0
DA:66,0
DA:69,0
DA:101,0
LF:27
LH:0
BRDA:39,0,0,0
BRDA:39,0,1,0
BRDA:47,1,0,0
BRDA:47,1,1,0
BRDA:48,2,0,0
BRDA:48,2,1,0
BRDA:49,3,0,0
BRDA:49,3,1,0
BRDA:50,4,0,0
BRDA:50,4,1,0
BRDA:51,5,0,0
BRDA:51,5,1,0
BRDA:60,6,0,0
BRDA:60,6,1,0
BRDA:91,7,0,0
BRDA:91,7,1,0
BRF:16
BRH:0
end_of_record
TN:
SF:client/src/components/MainFeed/OpenTask.jsx
FN:20,(anonymous_0)
FN:22,(anonymous_1)
FN:25,(anonymous_2)
FNF:3
FNH:0
FNDA:0,(anonymous_0)
FNDA:0,(anonymous_1)
FNDA:0,(anonymous_2)
DA:20,0
DA:21,0
DA:22,0
DA:23,0
DA:25,0
DA:27,0
DA:28,0
DA:32,0
DA:35,0
DA:38,0
DA:65,0
LF:11
LH:0
BRDA:27,0,0,0
BRDA:27,0,1,0
BRDA:55,1,0,0
BRDA:55,1,1,0
BRF:4
BRH:0
end_of_record
TN:
SF:client/src/components/MainFeed/index.jsx
FN:20,(anonymous_0)
FN:21,(anonymous_1)
FN:22,(anonymous_2)
FN:23,(anonymous_3)
FN:24,(anonymous_4)
FN:32,(anonymous_5)
FN:41,(anonymous_6)
FN:50,(anonymous_7)
FNF:8
FNH:0
FNDA:0,(anonymous_0)
FNDA:0,(anonymous_1)
FNDA:0,(anonymous_2)
FNDA:0,(anonymous_3)
FNDA:0,(anonymous_4)
FNDA:0,(anonymous_5)
FNDA:0,(anonymous_6)
FNDA:0,(anonymous_7)
DA:14,0
DA:20,0
DA:21,0
DA:22,0
DA:23,0
DA:24,0
DA:26,0
DA:33,0
DA:42,0
DA:51,0
LF:10
LH:0
BRDA:21,0,0,0
BRDA:21,0,1,0
BRDA:22,1,0,0
BRDA:22,1,1,0
BRDA:23,2,0,0
BRDA:23,2,1,0
BRDA:29,3,0,0
BRDA:29,3,1,0
BRDA:29,4,0,0
BRDA:29,4,1,0
BRDA:38,5,0,0
BRDA:38,5,1,0
BRDA:38,6,0,0
BRDA:38,6,1,0
BRDA:47,7,0,0
BRDA:47,7,1,0
BRDA:47,8,0,0
BRDA:47,8,1,0
BRF:18
BRH:0
end_of_record
TN:
SF:client/src/components/MainFeed/styles-MainFeed.js
FN:98,(anonymous_0)
FNF:1
FNH:0
FNDA:0,(anonymous_0)
DA:3,0
DA:20,0
DA:25,0
DA:43,0
DA:49,0
DA:55,0
DA:60,0
DA:70,0
DA:80,0
DA:86,0
DA:93,0
DA:98,0
DA:112,0
DA:132,0
DA:136,0
DA:142,0
DA:146,0
DA:161,0
LF:18
LH:0
BRF:0
BRH:0
end_of_record
TN:
SF:client/src/components/MainFeed/SelectedTask/DetailsSection.jsx
FN:15,(anonymous_0)
FN:16,(anonymous_1)
FN:17,(anonymous_2)
FN:18,(anonymous_3)
FNF:4
FNH:0
FNDA:0,(anonymous_0)
FNDA:0,(anonymous_1)
FNDA:0,(anonymous_2)
FNDA:0,(anonymous_3)
DA:15,0
DA:16,0
DA:17,0
DA:18,0
DA:24,0
DA:26,0
LF:6
LH:0
BRF:0
BRH:0
end_of_record
TN:
SF:client/src/components/MainFeed/SelectedTask/Inputs.jsx
FN:26,(anonymous_0)
FN:29,(anonymous_1)
FN:31,(anonymous_2)
FN:37,(anonymous_3)
FN:56,(anonymous_4)
FN:60,(anonymous_5)
FN:62,(anonymous_6)
FN:63,(anonymous_7)
FN:65,(anonymous_8)
FN:67,(anonymous_9)
FN:84,(anonymous_10)
FN:86,handleClickOpen
FN:102,(anonymous_12)
FN:104,(anonymous_13)
FN:105,(anonymous_14)
FN:107,(anonymous_15)
FN:111,(anonymous_16)
FNF:17
FNH:0
FNDA:0,(anonymous_0)
FNDA:0,(anonymous_1)
FNDA:0,(anonymous_2)
FNDA:0,(anonymous_3)
FNDA:0,(anonymous_4)
FNDA:0,(anonymous_5)
FNDA:0,(anonymous_6)
FNDA:0,(anonymous_7)
FNDA:0,(anonymous_8)
FNDA:0,(anonymous_9)
FNDA:0,(anonymous_10)
FNDA:0,handleClickOpen
FNDA:0,(anonymous_12)
FNDA:0,(anonymous_13)
FNDA:0,(anonymous_14)
FNDA:0,(anonymous_15)
FNDA:0,(anonymous_16)
DA:26,0
DA:27,0
DA:28,0
DA:29,0
DA:31,0
DA:32,0
DA:37,0
DA:38,0
DA:39,0
DA:41,0
DA:45,0
DA:56,0
DA:57,0
DA:58,0
DA:60,0
DA:61,0
DA:62,0
DA:63,0
DA:65,0
DA:66,0
DA:67,0
DA:68,0
DA:70,0
DA:80,0
DA:84,0
DA:85,0
DA:88,0
DA:91,0
DA:102,0
DA:103,0
DA:104,0
DA:105,0
DA:106,0
DA:107,0
DA:108,0
DA:111,0
DA:112,0
DA:117,0
DA:127,0
LF:39
LH:0
BRDA:38,0,0,0
BRDA:38,0,1,0
BRF:2
BRH:0
end_of_record
TN:
SF:client/src/components/MainFeed/SelectedTask/UserProfile.jsx
FN:13,(anonymous_0)
FN:19,(anonymous_1)
FN:45,(anonymous_2)
FNF:3
FNH:0
FNDA:0,(anonymous_0)
FNDA:0,(anonymous_1)
FNDA:0,(anonymous_2)
DA:13,0
DA:14,0
DA:19,0
DA:33,0
DA:43,0
DA:45,0
DA:46,0
LF:7
LH:0
BRDA:26,0,0,0
BRDA:26,0,1,0
BRF:2
BRH:0
end_of_record
TN:
SF:client/src/components/MainFeed/SelectedTask/index.jsx
FN:36,(anonymous_0)
FN:38,(anonymous_1)
FN:39,(anonymous_2)
FN:40,(anonymous_3)
FN:42,(anonymous_4)
FN:52,(anonymous_5)
FN:103,(anonymous_6)
FN:110,(anonymous_7)
FNF:8
FNH:0
FNDA:0,(anonymous_0)
FNDA:0,(anonymous_1)
FNDA:0,(anonymous_2)
FNDA:0,(anonymous_3)
FNDA:0,(anonymous_4)
FNDA:0,(anonymous_5)
FNDA:0,(anonymous_6)
FNDA:0,(anonymous_7)
DA:21,0
DA:36,0
DA:37,0
DA:38,0
DA:39,0
DA:40,0
DA:42,0
DA:43,0
DA:44,0
DA:45,0
DA:46,0
DA:47,0
DA:48,0
DA:52,0
DA:53,0
DA:54,0
DA:61,0
DA:62,0
DA:69,0
DA:70,0
DA:77,0
DA:78,0
DA:85,0
DA:86,0
DA:93,0
DA:103,0
DA:104,0
DA:110,0
DA:111,0
DA:116,0
DA:120,0
LF:31
LH:0
BRDA:46,0,0,0
BRDA:46,0,1,0
BRDA:47,1,0,0
BRDA:47,1,1,0
BRDA:53,2,0,0
BRDA:53,2,1,0
BRDA:53,3,0,0
BRDA:53,3,1,0
BRDA:61,4,0,0
BRDA:61,4,1,0
BRDA:61,5,0,0
BRDA:61,5,1,0
BRDA:69,6,0,0
BRDA:69,6,1,0
BRDA:69,7,0,0
BRDA:69,7,1,0
BRDA:77,8,0,0
BRDA:77,8,1,0
BRDA:77,9,0,0
BRDA:77,9,1,0
BRDA:85,10,0,0
BRDA:85,10,1,0
BRDA:85,11,0,0
BRDA:85,11,1,0
BRDA:125,12,0,0
BRDA:125,12,1,0
BRDA:126,13,0,0
BRDA:126,13,1,0
BRDA:127,14,0,0
BRDA:127,14,1,0
BRDA:127,14,2,0
BRDA:128,15,0,0
BRDA:128,15,1,0
BRDA:131,16,0,0
BRDA:131,16,1,0
BRDA:132,17,0,0
BRDA:132,17,1,0
BRDA:133,18,0,0
BRDA:133,18,1,0
BRDA:134,19,0,0
BRDA:134,19,1,0
BRF:41
BRH:0
end_of_record
TN:
SF:client/src/components/MainFeed/SelectedTask/styles-SelectedTask.js
FNF:0
FNH:0
DA:3,0
DA:12,0
DA:20,0
DA:29,0
DA:36,0
DA:53,0
DA:59,0
DA:65,0
DA:73,0
DA:87,0
DA:93,0
DA:101,0
DA:109,0
DA:117,0
DA:122,0
DA:127,0
DA:135,0
DA:154,0
DA:158,0
DA:169,0
DA:173,0
DA:177,0
DA:184,0
DA:192,0
LF:24
LH:0
BRF:0
BRH:0
end_of_record
TN:
SF:client/src/components/MainFeed/SelectedTask/reducers/selectedTaskReducer.js
FN:5,(anonymous_0)
FNF:1
FNH:0
FNDA:0,(anonymous_0)
DA:3,0
DA:5,0
DA:6,0
DA:8,0
DA:10,0
LF:5
LH:0
BRDA:5,0,0,0
BRDA:6,1,0,0
BRDA:6,1,1,0
BRF:3
BRH:0
end_of_record
TN:
SF:client/src/components/MainFeed/SelectedTask/reducers/taskCategoryReducer.js
FN:3,(anonymous_0)
FNF:1
FNH:0
FNDA:0,(anonymous_0)
DA:1,0
DA:3,0
DA:4,0
DA:6,0
DA:12,0
LF:5
LH:0
BRDA:3,0,0,0
BRDA:4,1,0,0
BRDA:4,1,1,0
BRF:3
BRH:0
end_of_record
TN:
SF:client/src/components/MainFeed/SelectedTask/reducers/taskDataFormattedReducer.js
FN:3,(anonymous_0)
FNF:1
FNH:0
FNDA:0,(anonymous_0)
DA:1,0
DA:3,0
DA:4,0
DA:6,0
DA:8,0
LF:5
LH:0
BRDA:3,0,0,0
BRDA:4,1,0,0
BRDA:4,1,1,0
BRF:3
BRH:0
end_of_record
TN:
SF:client/src/components/MainFeed/hooks/useFormatDate.js
FN:4,(anonymous_0)
FN:8,(anonymous_1)
FN:20,(anonymous_2)
FNF:3
FNH:0
FNDA:0,(anonymous_0)
FNDA:0,(anonymous_1)
FNDA:0,(anonymous_2)
DA:4,0
DA:5,0
DA:6,0
DA:8,0
DA:9,0
DA:10,0
DA:11,0
DA:12,0
DA:14,0
DA:15,0
DA:16,0
DA:17,0
DA:20,0
DA:21,0
DA:24,0
LF:15
LH:0
BRDA:14,0,0,0
BRDA:14,0,1,0
BRDA:15,1,0,0
BRDA:15,1,1,0
BRDA:16,2,0,0
BRDA:16,2,1,0
BRF:6
BRH:0
end_of_record
TN:
SF:client/src/components/MainFeed/reducers/myRequestsReducer.js
FN:5,(anonymous_0)
FNF:1
FNH:0
FNDA:0,(anonymous_0)
DA:3,0
DA:5,0
DA:6,0
DA:8,0
DA:10,0
LF:5
LH:0
BRDA:5,0,0,0
BRDA:6,1,0,0
BRDA:6,1,1,0
BRF:3
BRH:0
end_of_record
TN:
SF:client/src/components/MainFeed/reducers/myTasksReducer.js
FN:5,(anonymous_0)
FNF:1
FNH:0
FNDA:0,(anonymous_0)
DA:3,0
DA:5,0
DA:6,0
DA:8,0
DA:10,0
LF:5
LH:0
BRDA:5,0,0,0
BRDA:6,1,0,0
BRDA:6,1,1,0
BRF:3
BRH:0
end_of_record
TN:
SF:client/src/components/MainFeed/reducers/tasksReducer.js
FN:5,(anonymous_0)
FNF:1
FNH:0
FNDA:0,(anonymous_0)
DA:3,0
DA:5,0
DA:6,0
DA:8,0
DA:10,0
LF:5
LH:0
BRDA:5,0,0,0
BRDA:6,1,0,0
BRDA:6,1,1,0
BRF:3
BRH:0
end_of_record
TN:
SF:client/testData/testData.js
FNF:0
FNH:0
DA:1,0
DA:34,0
LF:2
LH:0
BRF:0
BRH:0
end_of_record
TN:
SF:coverage/lcov-report/block-navigation.js
FN:2,init
FN:24,toggleClass
FN:31,makeCurrent
FN:41,goToPrevious
FN:52,goToNext
FN:65,jump
FNF:6
FNH:0
FNDA:0,init
FNDA:0,toggleClass
FNDA:0,makeCurrent
FNDA:0,goToPrevious
FNDA:0,goToNext
FNDA:0,jump
DA:2,0
DA:4,0
DA:7,0
DA:10,0
DA:14,0
DA:20,0
DA:25,0
DA:28,0
DA:32,0
DA:33,0
DA:34,0
DA:42,0
DA:43,0
DA:44,0
DA:45,0
DA:46,0
DA:49,0
DA:53,0
DA:55,0
DA:59,0
DA:62,0
DA:65,0
DA:66,0
DA:69,0
DA:70,0
DA:74,0
DA:75,0
DA:79,0
LF:28
LH:0
BRDA:43,0,0,0
BRDA:43,0,1,0
BRDA:43,1,0,0
BRDA:43,1,1,0
BRDA:45,2,0,0
BRDA:45,2,1,0
BRDA:55,3,0,0
BRDA:55,3,1,0
BRDA:56,4,0,0
BRDA:56,4,1,0
BRDA:66,5,0,0
BRDA:66,5,1,0
BRDA:66,5,2,0
BRDA:66,5,3,0
BRDA:66,5,4,0
BRF:15
BRH:0
end_of_record
TN:
SF:coverage/lcov-report/prettify.js
FN:2,(anonymous_0)
FN:2,k
FN:2,ab
FN:2,T
FN:2,X
FN:2,(anonymous_5)
FN:2,W
FN:2,(anonymous_7)
FN:2,a
FN:2,aa
FN:2,B
FN:2,o
FN:2,g
FN:2,(anonymous_13)
FN:2,(anonymous_14)
FN:2,i
FN:2,Q
FN:2,ae
FN:2,ad
FN:2,ai
FN:2,D
FN:2,c
FN:2,q
FN:2,d
FN:2,y
FN:2,b
FN:2,Y
FN:2,(anonymous_27)
FN:2,U
FNF:29
FNH:0
FNDA:0,(anonymous_0)
FNDA:0,k
FNDA:0,ab
FNDA:0,T
FNDA:0,X
FNDA:0,(anonymous_5)
FNDA:0,W
FNDA:0,(anonymous_7)
FNDA:0,a
FNDA:0,aa
FNDA:0,B
FNDA:0,o
FNDA:0,g
FNDA:0,(anonymous_13)
FNDA:0,(anonymous_14)
FNDA:0,i
FNDA:0,Q
FNDA:0,ae
FNDA:0,ad
FNDA:0,ai
FNDA:0,D
FNDA:0,c
FNDA:0,q
FNDA:0,d
FNDA:0,y
FNDA:0,b
FNDA:0,Y
FNDA:0,(anonymous_27)
FNDA:0,U
DA:2,0
LF:1
LH:0
BRDA:2,0,0,0
BRDA:2,0,1,0
BRDA:2,1,0,0
BRDA:2,1,1,0
BRDA:2,2,0,0
BRDA:2,2,1,0
BRDA:2,3,0,0
BRDA:2,3,1,0
BRDA:2,4,0,0
BRDA:2,4,1,0
BRDA:2,5,0,0
BRDA:2,5,1,0
BRDA:2,6,0,0
BRDA:2,6,1,0
BRDA:2,7,0,0
BRDA:2,7,1,0
BRDA:2,8,0,0
BRDA:2,8,1,0
BRDA:2,9,0,0
BRDA:2,9,1,0
BRDA:2,10,0,0
BRDA:2,10,1,0
BRDA:2,11,0,0
BRDA:2,11,1,0
BRDA:2,11,2,0
BRDA:2,11,3,0
BRDA:2,12,0,0
BRDA:2,12,1,0
BRDA:2,13,0,0
BRDA:2,13,1,0
BRDA:2,14,0,0
BRDA:2,14,1,0
BRDA:2,15,0,0
BRDA:2,15,1,0
BRDA:2,16,0,0
BRDA:2,16,1,0
BRDA:2,17,0,0
BRDA:2,17,1,0
BRDA:2,18,0,0
BRDA:2,18,1,0
BRDA:2,19,0,0
BRDA:2,19,1,0
BRDA:2,20,0,0
BRDA:2,20,1,0
BRDA:2,21,0,0
BRDA:2,21,1,0
BRDA:2,22,0,0
BRDA:2,22,1,0
BRDA:2,23,0,0
BRDA:2,23,1,0
BRDA:2,24,0,0
BRDA:2,24,1,0
BRDA:2,25,0,0
BRDA:2,25,1,0
BRDA:2,26,0,0
BRDA:2,26,1,0
BRDA:2,27,0,0
BRDA:2,27,1,0
BRDA:2,28,0,0
BRDA:2,28,1,0
BRDA:2,29,0,0
BRDA:2,29,1,0
BRDA:2,30,0,0
BRDA:2,30,1,0
BRDA:2,31,0,0
BRDA:2,31,1,0
BRDA:2,32,0,0
BRDA:2,32,1,0
BRDA:2,33,0,0
BRDA:2,33,1,0
BRDA:2,34,0,0
BRDA:2,34,1,0
BRDA:2,35,0,0
BRDA:2,35,1,0
BRDA:2,36,0,0
BRDA:2,36,1,0
BRDA:2,37,0,0
BRDA:2,37,1,0
BRDA:2,38,0,0
BRDA:2,38,1,0
BRDA:2,39,0,0
BRDA:2,39,1,0
BRDA:2,40,0,0
BRDA:2,40,1,0
BRDA:2,41,0,0
BRDA:2,41,1,0
BRDA:2,42,0,0
BRDA:2,42,1,0
BRDA:2,43,0,0
BRDA:2,43,1,0
BRDA:2,44,0,0
BRDA:2,44,1,0
BRDA:2,45,0,0
BRDA:2,45,1,0
BRDA:2,46,0,0
BRDA:2,46,1,0
BRDA:2,47,0,0
BRDA:2,47,1,0
BRDA:2,48,0,0
BRDA:2,48,1,0
BRDA:2,49,0,0
BRDA:2,49,1,0
BRDA:2,50,0,0
BRDA:2,50,1,0
BRDA:2,50,2,0
BRDA:2,51,0,0
BRDA:2,51,1,0
BRDA:2,52,0,0
BRDA:2,52,1,0
BRDA:2,53,0,0
BRDA:2,53,1,0
BRDA:2,54,0,0
BRDA:2,54,1,0
BRDA:2,55,0,0
BRDA:2,55,1,0
BRDA:2,56,0,0
BRDA:2,56,1,0
BRDA:2,57,0,0
BRDA:2,57,1,0
BRDA:2,58,0,0
BRDA:2,58,1,0
BRDA:2,59,0,0
BRDA:2,59,1,0
BRDA:2,60,0,0
BRDA:2,60,1,0
BRDA:2,61,0,0
BRDA:2,61,1,0
BRDA:2,62,0,0
BRDA:2,62,1,0
BRDA:2,63,0,0
BRDA:2,63,1,0
BRDA:2,64,0,0
BRDA:2,64,1,0
BRDA:2,65,0,0
BRDA:2,65,1,0
BRDA:2,66,0,0
BRDA:2,66,1,0
BRDA:2,67,0,0
BRDA:2,67,1,0
BRDA:2,68,0,0
BRDA:2,68,1,0
BRDA:2,69,0,0
BRDA:2,69,1,0
BRDA:2,70,0,0
BRDA:2,70,1,0
BRDA:2,71,0,0
BRDA:2,71,1,0
BRDA:2,72,0,0
BRDA:2,72,1,0
BRDA:2,73,0,0
BRDA:2,73,1,0
BRDA:2,74,0,0
BRDA:2,74,1,0
BRDA:2,75,0,0
BRDA:2,75,1,0
BRDA:2,76,0,0
BRDA:2,76,1,0
BRDA:2,77,0,0
BRDA:2,77,1,0
BRDA:2,78,0,0
BRDA:2,78,1,0
BRDA:2,79,0,0
BRDA:2,79,1,0
BRDA:2,80,0,0
BRDA:2,80,1,0
BRDA:2,81,0,0
BRDA:2,81,1,0
BRDA:2,82,0,0
BRDA:2,82,1,0
BRDA:2,83,0,0
BRDA:2,83,1,0
BRDA:2,84,0,0
BRDA:2,84,1,0
BRDA:2,85,0,0
BRDA:2,85,1,0
BRDA:2,86,0,0
BRDA:2,86,1,0
BRDA:2,87,0,0
BRDA:2,87,1,0
BRDA:2,88,0,0
BRDA:2,88,1,0
BRDA:2,89,0,0
BRDA:2,89,1,0
BRDA:2,89,2,0
BRDA:2,90,0,0
BRDA:2,90,1,0
BRDA:2,91,0,0
BRDA:2,91,1,0
BRDA:2,92,0,0
BRDA:2,92,1,0
BRDA:2,93,0,0
BRDA:2,93,1,0
BRDA:2,94,0,0
BRDA:2,94,1,0
BRDA:2,95,0,0
BRDA:2,95,1,0
BRDA:2,96,0,0
BRDA:2,96,1,0
BRDA:2,97,0,0
BRDA:2,97,1,0
BRDA:2,98,0,0
BRDA:2,98,1,0
BRDA:2,99,0,0
BRDA:2,99,1,0
BRDA:2,100,0,0
BRDA:2,100,1,0
BRDA:2,101,0,0
BRDA:2,101,1,0
BRDA:2,102,0,0
BRDA:2,102,1,0
BRDA:2,103,0,0
BRDA:2,103,1,0
BRDA:2,104,0,0
BRDA:2,104,1,0
BRDA:2,105,0,0
BRDA:2,105,1,0
BRDA:2,106,0,0
BRDA:2,106,1,0
BRDA:2,107,0,0
BRDA:2,107,1,0
BRDA:2,108,0,0
BRDA:2,108,1,0
BRDA:2,109,0,0
BRDA:2,109,1,0
BRDA:2,110,0,0
BRDA:2,110,1,0
BRDA:2,111,0,0
BRDA:2,111,1,0
BRDA:2,112,0,0
BRDA:2,112,1,0
BRDA:2,113,0,0
BRDA:2,113,1,0
BRDA:2,114,0,0
BRDA:2,114,1,0
BRDA:2,115,0,0
BRDA:2,115,1,0
BRDA:2,116,0,0
BRDA:2,116,1,0
BRDA:2,117,0,0
BRDA:2,117,1,0
BRDA:2,118,0,0
BRDA:2,118,1,0
BRDA:2,119,0,0
BRDA:2,119,1,0
BRDA:2,120,0,0
BRDA:2,120,1,0
BRDA:2,121,0,0
BRDA:2,121,1,0
BRDA:2,122,0,0
BRDA:2,122,1,0
BRDA:2,123,0,0
BRDA:2,123,1,0
BRDA:2,124,0,0
BRDA:2,124,1,0
BRDA:2,125,0,0
BRDA:2,125,1,0
BRDA:2,126,0,0
BRDA:2,126,1,0
BRDA:2,127,0,0
BRDA:2,127,1,0
BRDA:2,128,0,0
BRDA:2,128,1,0
BRDA:2,128,2,0
BRDA:2,129,0,0
BRDA:2,129,1,0
BRDA:2,130,0,0
BRDA:2,130,1,0
BRDA:2,131,0,0
BRDA:2,131,1,0
BRDA:2,131,2,0
BRDA:2,131,3,0
BRDA:2,131,4,0
BRDA:2,132,0,0
BRDA:2,132,1,0
BRDA:2,133,0,0
BRDA:2,133,1,0
BRDA:2,134,0,0
BRDA:2,134,1,0
BRDA:2,135,0,0
BRDA:2,135,1,0
BRDA:2,136,0,0
BRDA:2,136,1,0
BRDA:2,137,0,0
BRDA:2,137,1,0
BRDA:2,138,0,0
BRDA:2,138,1,0
BRF:286
BRH:0
end_of_record
TN:
SF:coverage/lcov-report/sorter.js
FN:2,(anonymous_0)
FN:11,getTable
FN:15,getTableHeader
FN:19,getTableBody
FN:23,getNthColumn
FN:28,loadColumns
FN:53,loadRowData
FN:72,loadData
FN:81,sortByIndex
FN:83,(anonymous_9)
FN:95,(anonymous_10)
FN:112,removeSortIndicators
FN:120,addSortIndicators
FN:126,enableUI
FN:129,ithSorter
FN:132,(anonymous_15)
FN:159,(anonymous_16)
FNF:17
FNH:0
FNDA:0,(anonymous_0)
FNDA:0,getTable
FNDA:0,getTableHeader
FNDA:0,getTableBody
FNDA:0,getNthColumn
FNDA:0,loadColumns
FNDA:0,loadRowData
FNDA:0,loadData
FNDA:0,sortByIndex
FNDA:0,(anonymous_9)
FNDA:0,(anonymous_10)
FNDA:0,removeSortIndicators
FNDA:0,addSortIndicators
FNDA:0,enableUI
FNDA:0,ithSorter
FNDA:0,(anonymous_15)
FNDA:0,(anonymous_16)
DA:2,0
DA:5,0
DA:12,0
DA:16,0
DA:20,0
DA:24,0
DA:29,0
DA:31,0
DA:35,0
DA:36,0
DA:37,0
DA:42,0
DA:43,0
DA:44,0
DA:45,0
DA:49,0
DA:54,0
DA:57,0
DA:60,0
DA:61,0
DA:62,0
DA:63,0
DA:64,0
DA:65,0
DA:67,0
DA:69,0
DA:73,0
DA:76,0
DA:77,0
DA:82,0
DA:83,0
DA:84,0
DA:85,0
DA:86,0
DA:88,0
DA:89,0
DA:90,0
DA:91,0
DA:94,0
DA:95,0
DA:96,0
DA:100,0
DA:101,0
DA:102,0
DA:105,0
DA:107,0
DA:108,0
DA:113,0
DA:114,0
DA:116,0
DA:117,0
DA:121,0
DA:129,0
DA:130,0
DA:132,0
DA:133,0
DA:135,0
DA:136,0
DA:138,0
DA:139,0
DA:140,0
DA:141,0
DA:142,0
DA:145,0
DA:146,0
DA:149,0
DA:150,0
DA:151,0
DA:153,0
DA:159,0
DA:160,0
DA:161,0
DA:163,0
DA:164,0
DA:165,0
DA:166,0
DA:170,0
LF:77
LH:0
BRDA:40,0,0,0
BRDA:40,0,1,0
BRDA:43,1,0,0
BRDA:43,1,1,0
BRDA:64,2,0,0
BRDA:64,2,1,0
BRDA:86,3,0,0
BRDA:86,3,1,0
BRDA:86,4,0,0
BRDA:86,4,1,0
BRDA:94,5,0,0
BRDA:94,5,1,0
BRDA:121,6,0,0
BRDA:121,6,1,0
BRDA:135,7,0,0
BRDA:135,7,1,0
BRDA:146,8,0,0
BRDA:146,8,1,0
BRDA:150,9,0,0
BRDA:150,9,1,0
BRDA:160,10,0,0
BRDA:160,10,1,0
BRF:22
BRH:0
end_of_record
TN:
SF:data/archivedServices.js
FN:10,(anonymous_0)
FN:87,(anonymous_1)
FN:139,(anonymous_2)
FN:338,(anonymous_3)
FN:411,(anonymous_4)
FN:556,(anonymous_5)
FN:714,(anonymous_6)
FN:857,(anonymous_7)
FN:987,(anonymous_8)
FN:1070,(anonymous_9)
FN:1102,(anonymous_10)
FN:1131,(anonymous_11)
FN:1162,(anonymous_12)
FN:1237,(anonymous_13)
FN:1310,(anonymous_14)
FN:1581,(anonymous_15)
FN:1859,(anonymous_16)
FNF:17
FNH:0
FNDA:0,(anonymous_0)
FNDA:0,(anonymous_1)
FNDA:0,(anonymous_2)
FNDA:0,(anonymous_3)
FNDA:0,(anonymous_4)
FNDA:0,(anonymous_5)
FNDA:0,(anonymous_6)
FNDA:0,(anonymous_7)
FNDA:0,(anonymous_8)
FNDA:0,(anonymous_9)
FNDA:0,(anonymous_10)
FNDA:0,(anonymous_11)
FNDA:0,(anonymous_12)
FNDA:0,(anonymous_13)
FNDA:0,(anonymous_14)
FNDA:0,(anonymous_15)
FNDA:0,(anonymous_16)
DA:3,0
DA:4,0
DA:5,0
DA:6,0
DA:8,0
DA:26,0
DA:27,0
DA:28,0
DA:29,0
DA:80,0
DA:81,0
DA:83,0
DA:98,0
DA:99,0
DA:132,0
DA:133,0
DA:135,0
DA:151,0
DA:152,0
DA:182,0
DA:183,0
DA:185,0
DA:339,0
DA:340,0
DA:346,0
DA:347,0
DA:349,0
DA:414,0
DA:486,0
DA:487,0
DA:488,0
DA:490,0
DA:559,0
DA:638,0
DA:639,0
DA:640,0
DA:642,0
DA:721,0
DA:723,0
DA:724,0
DA:725,0
DA:727,0
DA:798,0
DA:799,0
DA:801,0
DA:858,0
DA:919,0
DA:920,0
DA:921,0
DA:923,0
DA:988,0
DA:1049,0
DA:1050,0
DA:1051,0
DA:1053,0
DA:1074,0
DA:1081,0
DA:1082,0
DA:1083,0
DA:1085,0
DA:1103,0
DA:1110,0
DA:1111,0
DA:1112,0
DA:1114,0
DA:1132,0
DA:1137,0
DA:1138,0
DA:1139,0
DA:1141,0
DA:1167,0
DA:1178,0
DA:1187,0
DA:1192,0
DA:1214,0
DA:1215,0
DA:1216,0
DA:1217,0
DA:1218,0
DA:1219,0
DA:1221,0
DA:1238,0
DA:1242,0
DA:1243,0
DA:1244,0
DA:1246,0
DA:1316,0
DA:1317,0
DA:1571,0
DA:1572,0
DA:1591,0
DA:1593,0
DA:1822,0
DA:1823,0
DA:1824,0
DA:1825,0
DA:1826,0
DA:1828,0
DA:1875,0
DA:1880,0
DA:1887,0
DA:1902,0
DA:1924,0
DA:1939,0
DA:1940,0
DA:1941,0
DA:1942,0
DA:1943,0
DA:1944,0
DA:1946,0
DA:1947,0
DA:1948,0
DA:1949,0
DA:1950,0
DA:1951,0
DA:1953,0
DA:1958,0
LF:117
LH:0
BRDA:1316,0,0,0
BRDA:1316,0,1,0
BRDA:1316,1,0,0
BRDA:1316,1,1,0
BRDA:1316,1,2,0
BRDA:1316,1,3,0
BRDA:1941,2,0,0
BRDA:1941,2,1,0
BRF:8
BRH:0
end_of_record
TN:
SF:data/archivedUserServices.js
FNF:0
FNH:0
LF:0
LH:0
BRF:0
BRH:0
end_of_record
TN:
SF:data/users.js
FN:206,(anonymous_0)
FN:223,(anonymous_1)
FN:228,(anonymous_2)
FNF:3
FNH:0
FNDA:0,(anonymous_0)
FNDA:0,(anonymous_1)
FNDA:0,(anonymous_2)
DA:1,0
DA:3,0
DA:16,0
DA:149,0
DA:206,0
DA:207,0
DA:208,0
DA:220,0
DA:223,0
DA:224,0
DA:225,0
DA:228,0
DA:229,0
DA:230,0
LF:14
LH:0
BRF:0
BRH:0
end_of_record
TN:
SF:seeder/generator.js
FN:9,(anonymous_0)
FN:10,(anonymous_1)
FN:11,(anonymous_2)
FN:18,(anonymous_3)
FN:19,(anonymous_4)
FN:53,(anonymous_5)
FN:71,(anonymous_6)
FN:72,(anonymous_7)
FN:120,(anonymous_8)
FN:138,(anonymous_9)
FN:139,(anonymous_10)
FN:166,(anonymous_11)
FN:206,(anonymous_12)
FN:207,(anonymous_13)
FN:264,(anonymous_14)
FN:281,(anonymous_15)
FN:282,(anonymous_16)
FN:316,(anonymous_17)
FN:335,(anonymous_18)
FNF:19
FNH:0
FNDA:0,(anonymous_0)
FNDA:0,(anonymous_1)
FNDA:0,(anonymous_2)
FNDA:0,(anonymous_3)
FNDA:0,(anonymous_4)
FNDA:0,(anonymous_5)
FNDA:0,(anonymous_6)
FNDA:0,(anonymous_7)
FNDA:0,(anonymous_8)
FNDA:0,(anonymous_9)
FNDA:0,(anonymous_10)
FNDA:0,(anonymous_11)
FNDA:0,(anonymous_12)
FNDA:0,(anonymous_13)
FNDA:0,(anonymous_14)
FNDA:0,(anonymous_15)
FNDA:0,(anonymous_16)
FNDA:0,(anonymous_17)
FNDA:0,(anonymous_18)
DA:5,0
DA:7,0
DA:9,0
DA:10,0
DA:11,0
DA:18,0
DA:19,0
DA:20,0
DA:28,0
DA:30,0
DA:31,0
DA:50,0
DA:53,0
DA:54,0
DA:55,0
DA:56,0
DA:57,0
DA:58,0
DA:60,0
DA:63,0
DA:71,0
DA:72,0
DA:74,0
DA:85,0
DA:88,0
DA:90,0
DA:117,0
DA:120,0
DA:121,0
DA:122,0
DA:123,0
DA:124,0
DA:125,0
DA:127,0
DA:130,0
DA:138,0
DA:139,0
DA:140,0
DA:146,0
DA:148,0
DA:149,0
DA:163,0
DA:166,0
DA:167,0
DA:168,0
DA:169,0
DA:170,0
DA:171,0
DA:173,0
DA:177,0
DA:206,0
DA:207,0
DA:208,0
DA:209,0
DA:211,0
DA:226,0
DA:229,0
DA:231,0
DA:261,0
DA:264,0
DA:265,0
DA:266,0
DA:267,0
DA:268,0
DA:269,0
DA:271,0
DA:275,0
DA:281,0
DA:282,0
DA:283,0
DA:291,0
DA:293,0
DA:295,0
DA:313,0
DA:316,0
DA:317,0
DA:318,0
DA:319,0
DA:320,0
DA:321,0
DA:323,0
DA:326,0
DA:327,0
DA:330,0
DA:335,0
DA:336,0
DA:337,0
DA:338,0
DA:339,0
DA:340,0
DA:343,0
LF:91
LH:0
BRDA:213,0,0,0
BRDA:213,0,1,0
BRDA:216,1,0,0
BRDA:216,1,1,0
BRDA:217,2,0,0
BRDA:217,2,1,0
BRF:6
BRH:0
end_of_record
